13:08:23.629  INFO  manager.ApplicationManager - All tests start in Chrome Browser
13:08:24.625  INFO  manager.ApplicationManager - Current url -->https://telranedu.web.app/home
13:08:24.628  INFO  manager.ListenerTNG - onStart name --> Gradle test
13:08:24.642  INFO  tests.TestBase - The name of method is -->addNewContactAddressBlank
13:08:24.643  INFO  manager.ListenerWD - Before find elements --> By.xpath: //button[text()='Sign Out']
13:08:29.603  INFO  manager.ListenerWD - After find elements --> By.xpath: //button[text()='Sign Out']
13:08:29.605  INFO  manager.ListenerWD - List size is --> 0
13:08:29.606  INFO  manager.ListenerWD - Before find element --> By.cssSelector: a[href='/login']
13:08:29.615  INFO  manager.ListenerWD - Test ends with error
13:08:29.615  INFO  manager.ListenerWD - ===================================
13:08:29.616  INFO  manager.ListenerWD - Method name--> findElement
13:08:29.616  INFO  manager.ListenerWD - ===================================
13:08:29.617  INFO  manager.ListenerWD - InvocationTargetException cause--> org.openqa.selenium.NoSuchWindowException: no such window: target window already closed
from unknown error: web view not found
  (Session info: chrome=109.0.5414.120)
Build info: version: '4.7.1', revision: 'c6795baf1a3'
System info: os.name: 'Windows 10', os.arch: 'amd64', os.version: '10.0', java.version: '11.0.17'
Driver info: org.openqa.selenium.chrome.ChromeDriver
Command: [517ca6d87bca313c89b4dbb6e238ffc0, findElement {using=css selector, value=a[href='/login']}]
Capabilities {acceptInsecureCerts: false, browserName: chrome, browserVersion: 109.0.5414.120, chrome: {chromedriverVersion: 109.0.5414.74 (e7c5703604da..., userDataDir: C:\Users\User\AppData\Local...}, goog:chromeOptions: {debuggerAddress: localhost:64022}, networkConnectionEnabled: false, pageLoadStrategy: normal, platformName: WINDOWS, proxy: Proxy(), se:cdp: ws://localhost:64022/devtoo..., se:cdpVersion: 109.0.5414.120, setWindowRect: true, strictFileInteractability: false, timeouts: {implicit: 0, pageLoad: 300000, script: 30000}, unhandledPromptBehavior: dismiss and notify, webauthn:extension:credBlob: true, webauthn:extension:largeBlob: true, webauthn:virtualAuthenticators: true}
Session ID: 517ca6d87bca313c89b4dbb6e238ffc0
13:08:29.618  INFO  manager.ListenerWD - ===================================
13:08:29.618  INFO  manager.ListenerWD - Object target --> ChromeDriver: chrome on WINDOWS (517ca6d87bca313c89b4dbb6e238ffc0)
13:08:29.618  INFO  manager.ListenerWD - ===================================
13:08:29.621  INFO  manager.ListenerWD - Screen with error is -->src/test/screenshots/screen-917.png
13:08:29.632  INFO  manager.ListenerTNG - onTestStart name --> addNewContactAddressBlank
13:08:29.633  INFO  manager.ListenerTNG - onTestSkipped name --> addNewContactAddressBlank
13:08:29.633  INFO  tests.TestBase - The name of method is -->addNewContactAddressNull
13:08:29.634  INFO  manager.ListenerWD - Before find elements --> By.xpath: //button[text()='Sign Out']
13:08:29.637  INFO  manager.ListenerWD - Test ends with error
13:08:29.638  INFO  manager.ListenerWD - ===================================
13:08:29.638  INFO  manager.ListenerWD - Method name--> findElements
13:08:29.638  INFO  manager.ListenerWD - ===================================
13:08:29.638  INFO  manager.ListenerWD - InvocationTargetException cause--> org.openqa.selenium.NoSuchWindowException: no such window: target window already closed
from unknown error: web view not found
  (Session info: chrome=109.0.5414.120)
Build info: version: '4.7.1', revision: 'c6795baf1a3'
System info: os.name: 'Windows 10', os.arch: 'amd64', os.version: '10.0', java.version: '11.0.17'
Driver info: org.openqa.selenium.chrome.ChromeDriver
Command: [517ca6d87bca313c89b4dbb6e238ffc0, findElements {using=xpath, value=//button[text()='Sign Out']}]
Capabilities {acceptInsecureCerts: false, browserName: chrome, browserVersion: 109.0.5414.120, chrome: {chromedriverVersion: 109.0.5414.74 (e7c5703604da..., userDataDir: C:\Users\User\AppData\Local...}, goog:chromeOptions: {debuggerAddress: localhost:64022}, networkConnectionEnabled: false, pageLoadStrategy: normal, platformName: WINDOWS, proxy: Proxy(), se:cdp: ws://localhost:64022/devtoo..., se:cdpVersion: 109.0.5414.120, setWindowRect: true, strictFileInteractability: false, timeouts: {implicit: 0, pageLoad: 300000, script: 30000}, unhandledPromptBehavior: dismiss and notify, webauthn:extension:credBlob: true, webauthn:extension:largeBlob: true, webauthn:virtualAuthenticators: true}
Session ID: 517ca6d87bca313c89b4dbb6e238ffc0
13:08:29.638  INFO  manager.ListenerWD - ===================================
13:08:29.638  INFO  manager.ListenerWD - Object target --> ChromeDriver: chrome on WINDOWS (517ca6d87bca313c89b4dbb6e238ffc0)
13:08:29.638  INFO  manager.ListenerWD - ===================================
13:08:29.638  INFO  manager.ListenerWD - Screen with error is -->src/test/screenshots/screen-412.png
13:08:29.646  INFO  manager.ListenerTNG - onTestStart name --> addNewContactAddressNull
13:08:29.646  INFO  manager.ListenerTNG - onTestSkipped name --> addNewContactAddressNull
13:08:29.646  INFO  tests.TestBase - The name of method is -->addNewContactBlankEmail
13:08:29.647  INFO  manager.ListenerWD - Before find elements --> By.xpath: //button[text()='Sign Out']
13:08:29.651  INFO  manager.ListenerWD - Test ends with error
13:08:29.651  INFO  manager.ListenerWD - ===================================
13:08:29.651  INFO  manager.ListenerWD - Method name--> findElements
13:08:29.651  INFO  manager.ListenerWD - ===================================
13:08:29.651  INFO  manager.ListenerWD - InvocationTargetException cause--> org.openqa.selenium.NoSuchWindowException: no such window: target window already closed
from unknown error: web view not found
  (Session info: chrome=109.0.5414.120)
Build info: version: '4.7.1', revision: 'c6795baf1a3'
System info: os.name: 'Windows 10', os.arch: 'amd64', os.version: '10.0', java.version: '11.0.17'
Driver info: org.openqa.selenium.chrome.ChromeDriver
Command: [517ca6d87bca313c89b4dbb6e238ffc0, findElements {using=xpath, value=//button[text()='Sign Out']}]
Capabilities {acceptInsecureCerts: false, browserName: chrome, browserVersion: 109.0.5414.120, chrome: {chromedriverVersion: 109.0.5414.74 (e7c5703604da..., userDataDir: C:\Users\User\AppData\Local...}, goog:chromeOptions: {debuggerAddress: localhost:64022}, networkConnectionEnabled: false, pageLoadStrategy: normal, platformName: WINDOWS, proxy: Proxy(), se:cdp: ws://localhost:64022/devtoo..., se:cdpVersion: 109.0.5414.120, setWindowRect: true, strictFileInteractability: false, timeouts: {implicit: 0, pageLoad: 300000, script: 30000}, unhandledPromptBehavior: dismiss and notify, webauthn:extension:credBlob: true, webauthn:extension:largeBlob: true, webauthn:virtualAuthenticators: true}
Session ID: 517ca6d87bca313c89b4dbb6e238ffc0
13:08:29.652  INFO  manager.ListenerWD - ===================================
13:08:29.652  INFO  manager.ListenerWD - Object target --> ChromeDriver: chrome on WINDOWS (517ca6d87bca313c89b4dbb6e238ffc0)
13:08:29.652  INFO  manager.ListenerWD - ===================================
13:08:29.652  INFO  manager.ListenerWD - Screen with error is -->src/test/screenshots/screen-788.png
13:08:29.658  INFO  manager.ListenerTNG - onTestStart name --> addNewContactBlankEmail
13:08:29.658  INFO  manager.ListenerTNG - onTestSkipped name --> addNewContactBlankEmail
13:08:29.659  INFO  tests.TestBase - The name of method is -->addNewContactBlankLastName
13:08:29.660  INFO  manager.ListenerWD - Before find elements --> By.xpath: //button[text()='Sign Out']
13:08:29.663  INFO  manager.ListenerWD - Test ends with error
13:08:29.663  INFO  manager.ListenerWD - ===================================
13:08:29.664  INFO  manager.ListenerWD - Method name--> findElements
13:08:29.664  INFO  manager.ListenerWD - ===================================
13:08:29.664  INFO  manager.ListenerWD - InvocationTargetException cause--> org.openqa.selenium.NoSuchWindowException: no such window: target window already closed
from unknown error: web view not found
  (Session info: chrome=109.0.5414.120)
Build info: version: '4.7.1', revision: 'c6795baf1a3'
System info: os.name: 'Windows 10', os.arch: 'amd64', os.version: '10.0', java.version: '11.0.17'
Driver info: org.openqa.selenium.chrome.ChromeDriver
Command: [517ca6d87bca313c89b4dbb6e238ffc0, findElements {using=xpath, value=//button[text()='Sign Out']}]
Capabilities {acceptInsecureCerts: false, browserName: chrome, browserVersion: 109.0.5414.120, chrome: {chromedriverVersion: 109.0.5414.74 (e7c5703604da..., userDataDir: C:\Users\User\AppData\Local...}, goog:chromeOptions: {debuggerAddress: localhost:64022}, networkConnectionEnabled: false, pageLoadStrategy: normal, platformName: WINDOWS, proxy: Proxy(), se:cdp: ws://localhost:64022/devtoo..., se:cdpVersion: 109.0.5414.120, setWindowRect: true, strictFileInteractability: false, timeouts: {implicit: 0, pageLoad: 300000, script: 30000}, unhandledPromptBehavior: dismiss and notify, webauthn:extension:credBlob: true, webauthn:extension:largeBlob: true, webauthn:virtualAuthenticators: true}
Session ID: 517ca6d87bca313c89b4dbb6e238ffc0
13:08:29.664  INFO  manager.ListenerWD - ===================================
13:08:29.664  INFO  manager.ListenerWD - Object target --> ChromeDriver: chrome on WINDOWS (517ca6d87bca313c89b4dbb6e238ffc0)
13:08:29.664  INFO  manager.ListenerWD - ===================================
13:08:29.664  INFO  manager.ListenerWD - Screen with error is -->src/test/screenshots/screen-886.png
13:08:29.670  INFO  manager.ListenerTNG - onTestStart name --> addNewContactBlankLastName
13:08:29.670  INFO  manager.ListenerTNG - onTestSkipped name --> addNewContactBlankLastName
13:08:29.671  INFO  tests.TestBase - The name of method is -->addNewContactBlankName
13:08:29.671  INFO  manager.ListenerWD - Before find elements --> By.xpath: //button[text()='Sign Out']
13:08:29.674  INFO  manager.ListenerWD - Test ends with error
13:08:29.674  INFO  manager.ListenerWD - ===================================
13:08:29.674  INFO  manager.ListenerWD - Method name--> findElements
13:08:29.674  INFO  manager.ListenerWD - ===================================
13:08:29.674  INFO  manager.ListenerWD - InvocationTargetException cause--> org.openqa.selenium.NoSuchWindowException: no such window: target window already closed
from unknown error: web view not found
  (Session info: chrome=109.0.5414.120)
Build info: version: '4.7.1', revision: 'c6795baf1a3'
System info: os.name: 'Windows 10', os.arch: 'amd64', os.version: '10.0', java.version: '11.0.17'
Driver info: org.openqa.selenium.chrome.ChromeDriver
Command: [517ca6d87bca313c89b4dbb6e238ffc0, findElements {using=xpath, value=//button[text()='Sign Out']}]
Capabilities {acceptInsecureCerts: false, browserName: chrome, browserVersion: 109.0.5414.120, chrome: {chromedriverVersion: 109.0.5414.74 (e7c5703604da..., userDataDir: C:\Users\User\AppData\Local...}, goog:chromeOptions: {debuggerAddress: localhost:64022}, networkConnectionEnabled: false, pageLoadStrategy: normal, platformName: WINDOWS, proxy: Proxy(), se:cdp: ws://localhost:64022/devtoo..., se:cdpVersion: 109.0.5414.120, setWindowRect: true, strictFileInteractability: false, timeouts: {implicit: 0, pageLoad: 300000, script: 30000}, unhandledPromptBehavior: dismiss and notify, webauthn:extension:credBlob: true, webauthn:extension:largeBlob: true, webauthn:virtualAuthenticators: true}
Session ID: 517ca6d87bca313c89b4dbb6e238ffc0
13:08:29.675  INFO  manager.ListenerWD - ===================================
13:08:29.675  INFO  manager.ListenerWD - Object target --> ChromeDriver: chrome on WINDOWS (517ca6d87bca313c89b4dbb6e238ffc0)
13:08:29.675  INFO  manager.ListenerWD - ===================================
13:08:29.675  INFO  manager.ListenerWD - Screen with error is -->src/test/screenshots/screen-293.png
13:08:29.679  INFO  manager.ListenerTNG - onTestStart name --> addNewContactBlankName
13:08:29.680  INFO  manager.ListenerTNG - onTestSkipped name --> addNewContactBlankName
13:08:29.681  INFO  tests.TestBase - The name of method is -->addNewContactMinimumCharAfterAtEmail
13:08:29.681  INFO  manager.ListenerWD - Before find elements --> By.xpath: //button[text()='Sign Out']
13:08:29.684  INFO  manager.ListenerWD - Test ends with error
13:08:29.684  INFO  manager.ListenerWD - ===================================
13:08:29.684  INFO  manager.ListenerWD - Method name--> findElements
13:08:29.684  INFO  manager.ListenerWD - ===================================
13:08:29.684  INFO  manager.ListenerWD - InvocationTargetException cause--> org.openqa.selenium.NoSuchWindowException: no such window: target window already closed
from unknown error: web view not found
  (Session info: chrome=109.0.5414.120)
Build info: version: '4.7.1', revision: 'c6795baf1a3'
System info: os.name: 'Windows 10', os.arch: 'amd64', os.version: '10.0', java.version: '11.0.17'
Driver info: org.openqa.selenium.chrome.ChromeDriver
Command: [517ca6d87bca313c89b4dbb6e238ffc0, findElements {using=xpath, value=//button[text()='Sign Out']}]
Capabilities {acceptInsecureCerts: false, browserName: chrome, browserVersion: 109.0.5414.120, chrome: {chromedriverVersion: 109.0.5414.74 (e7c5703604da..., userDataDir: C:\Users\User\AppData\Local...}, goog:chromeOptions: {debuggerAddress: localhost:64022}, networkConnectionEnabled: false, pageLoadStrategy: normal, platformName: WINDOWS, proxy: Proxy(), se:cdp: ws://localhost:64022/devtoo..., se:cdpVersion: 109.0.5414.120, setWindowRect: true, strictFileInteractability: false, timeouts: {implicit: 0, pageLoad: 300000, script: 30000}, unhandledPromptBehavior: dismiss and notify, webauthn:extension:credBlob: true, webauthn:extension:largeBlob: true, webauthn:virtualAuthenticators: true}
Session ID: 517ca6d87bca313c89b4dbb6e238ffc0
13:08:29.684  INFO  manager.ListenerWD - ===================================
13:08:29.684  INFO  manager.ListenerWD - Object target --> ChromeDriver: chrome on WINDOWS (517ca6d87bca313c89b4dbb6e238ffc0)
13:08:29.684  INFO  manager.ListenerWD - ===================================
13:08:29.684  INFO  manager.ListenerWD - Screen with error is -->src/test/screenshots/screen-996.png
13:08:29.689  INFO  manager.ListenerTNG - onTestStart name --> addNewContactMinimumCharAfterAtEmail
13:08:29.689  INFO  manager.ListenerTNG - onTestSkipped name --> addNewContactMinimumCharAfterAtEmail
13:08:29.689  INFO  tests.TestBase - The name of method is -->addNewContactMinimumCharBeforeAtEmail
13:08:29.690  INFO  manager.ListenerWD - Before find elements --> By.xpath: //button[text()='Sign Out']
13:08:29.692  INFO  manager.ListenerWD - Test ends with error
13:08:29.693  INFO  manager.ListenerWD - ===================================
13:08:29.693  INFO  manager.ListenerWD - Method name--> findElements
13:08:29.693  INFO  manager.ListenerWD - ===================================
13:08:29.693  INFO  manager.ListenerWD - InvocationTargetException cause--> org.openqa.selenium.NoSuchWindowException: no such window: target window already closed
from unknown error: web view not found
  (Session info: chrome=109.0.5414.120)
Build info: version: '4.7.1', revision: 'c6795baf1a3'
System info: os.name: 'Windows 10', os.arch: 'amd64', os.version: '10.0', java.version: '11.0.17'
Driver info: org.openqa.selenium.chrome.ChromeDriver
Command: [517ca6d87bca313c89b4dbb6e238ffc0, findElements {using=xpath, value=//button[text()='Sign Out']}]
Capabilities {acceptInsecureCerts: false, browserName: chrome, browserVersion: 109.0.5414.120, chrome: {chromedriverVersion: 109.0.5414.74 (e7c5703604da..., userDataDir: C:\Users\User\AppData\Local...}, goog:chromeOptions: {debuggerAddress: localhost:64022}, networkConnectionEnabled: false, pageLoadStrategy: normal, platformName: WINDOWS, proxy: Proxy(), se:cdp: ws://localhost:64022/devtoo..., se:cdpVersion: 109.0.5414.120, setWindowRect: true, strictFileInteractability: false, timeouts: {implicit: 0, pageLoad: 300000, script: 30000}, unhandledPromptBehavior: dismiss and notify, webauthn:extension:credBlob: true, webauthn:extension:largeBlob: true, webauthn:virtualAuthenticators: true}
Session ID: 517ca6d87bca313c89b4dbb6e238ffc0
13:08:29.693  INFO  manager.ListenerWD - ===================================
13:08:29.693  INFO  manager.ListenerWD - Object target --> ChromeDriver: chrome on WINDOWS (517ca6d87bca313c89b4dbb6e238ffc0)
13:08:29.693  INFO  manager.ListenerWD - ===================================
13:08:29.693  INFO  manager.ListenerWD - Screen with error is -->src/test/screenshots/screen-675.png
13:08:29.697  INFO  manager.ListenerTNG - onTestStart name --> addNewContactMinimumCharBeforeAtEmail
13:08:29.697  INFO  manager.ListenerTNG - onTestSkipped name --> addNewContactMinimumCharBeforeAtEmail
13:08:29.698  INFO  tests.TestBase - The name of method is -->addNewContactNullLastName
13:08:29.698  INFO  manager.ListenerWD - Before find elements --> By.xpath: //button[text()='Sign Out']
13:08:29.700  INFO  manager.ListenerWD - Test ends with error
13:08:29.700  INFO  manager.ListenerWD - ===================================
13:08:29.700  INFO  manager.ListenerWD - Method name--> findElements
13:08:29.700  INFO  manager.ListenerWD - ===================================
13:08:29.700  INFO  manager.ListenerWD - InvocationTargetException cause--> org.openqa.selenium.NoSuchWindowException: no such window: target window already closed
from unknown error: web view not found
  (Session info: chrome=109.0.5414.120)
Build info: version: '4.7.1', revision: 'c6795baf1a3'
System info: os.name: 'Windows 10', os.arch: 'amd64', os.version: '10.0', java.version: '11.0.17'
Driver info: org.openqa.selenium.chrome.ChromeDriver
Command: [517ca6d87bca313c89b4dbb6e238ffc0, findElements {using=xpath, value=//button[text()='Sign Out']}]
Capabilities {acceptInsecureCerts: false, browserName: chrome, browserVersion: 109.0.5414.120, chrome: {chromedriverVersion: 109.0.5414.74 (e7c5703604da..., userDataDir: C:\Users\User\AppData\Local...}, goog:chromeOptions: {debuggerAddress: localhost:64022}, networkConnectionEnabled: false, pageLoadStrategy: normal, platformName: WINDOWS, proxy: Proxy(), se:cdp: ws://localhost:64022/devtoo..., se:cdpVersion: 109.0.5414.120, setWindowRect: true, strictFileInteractability: false, timeouts: {implicit: 0, pageLoad: 300000, script: 30000}, unhandledPromptBehavior: dismiss and notify, webauthn:extension:credBlob: true, webauthn:extension:largeBlob: true, webauthn:virtualAuthenticators: true}
Session ID: 517ca6d87bca313c89b4dbb6e238ffc0
13:08:29.700  INFO  manager.ListenerWD - ===================================
13:08:29.700  INFO  manager.ListenerWD - Object target --> ChromeDriver: chrome on WINDOWS (517ca6d87bca313c89b4dbb6e238ffc0)
13:08:29.700  INFO  manager.ListenerWD - ===================================
13:08:29.701  INFO  manager.ListenerWD - Screen with error is -->src/test/screenshots/screen-600.png
13:08:29.703  INFO  manager.ListenerTNG - onTestStart name --> addNewContactNullLastName
13:08:29.704  INFO  manager.ListenerTNG - onTestSkipped name --> addNewContactNullLastName
13:08:29.704  INFO  tests.TestBase - The name of method is -->addNewContactNullName
13:08:29.704  INFO  manager.ListenerWD - Before find elements --> By.xpath: //button[text()='Sign Out']
13:08:29.706  INFO  manager.ListenerWD - Test ends with error
13:08:29.706  INFO  manager.ListenerWD - ===================================
13:08:29.706  INFO  manager.ListenerWD - Method name--> findElements
13:08:29.706  INFO  manager.ListenerWD - ===================================
13:08:29.707  INFO  manager.ListenerWD - InvocationTargetException cause--> org.openqa.selenium.NoSuchWindowException: no such window: target window already closed
from unknown error: web view not found
  (Session info: chrome=109.0.5414.120)
Build info: version: '4.7.1', revision: 'c6795baf1a3'
System info: os.name: 'Windows 10', os.arch: 'amd64', os.version: '10.0', java.version: '11.0.17'
Driver info: org.openqa.selenium.chrome.ChromeDriver
Command: [517ca6d87bca313c89b4dbb6e238ffc0, findElements {using=xpath, value=//button[text()='Sign Out']}]
Capabilities {acceptInsecureCerts: false, browserName: chrome, browserVersion: 109.0.5414.120, chrome: {chromedriverVersion: 109.0.5414.74 (e7c5703604da..., userDataDir: C:\Users\User\AppData\Local...}, goog:chromeOptions: {debuggerAddress: localhost:64022}, networkConnectionEnabled: false, pageLoadStrategy: normal, platformName: WINDOWS, proxy: Proxy(), se:cdp: ws://localhost:64022/devtoo..., se:cdpVersion: 109.0.5414.120, setWindowRect: true, strictFileInteractability: false, timeouts: {implicit: 0, pageLoad: 300000, script: 30000}, unhandledPromptBehavior: dismiss and notify, webauthn:extension:credBlob: true, webauthn:extension:largeBlob: true, webauthn:virtualAuthenticators: true}
Session ID: 517ca6d87bca313c89b4dbb6e238ffc0
13:08:29.707  INFO  manager.ListenerWD - ===================================
13:08:29.707  INFO  manager.ListenerWD - Object target --> ChromeDriver: chrome on WINDOWS (517ca6d87bca313c89b4dbb6e238ffc0)
13:08:29.707  INFO  manager.ListenerWD - ===================================
13:08:29.707  INFO  manager.ListenerWD - Screen with error is -->src/test/screenshots/screen-555.png
13:08:29.709  INFO  manager.ListenerTNG - onTestStart name --> addNewContactNullName
13:08:29.710  INFO  manager.ListenerTNG - onTestSkipped name --> addNewContactNullName
13:08:29.710  INFO  tests.TestBase - The name of method is -->addNewContactPhoneBlank
13:08:29.710  INFO  manager.ListenerWD - Before find elements --> By.xpath: //button[text()='Sign Out']
13:08:29.712  INFO  manager.ListenerWD - Test ends with error
13:08:29.712  INFO  manager.ListenerWD - ===================================
13:08:29.712  INFO  manager.ListenerWD - Method name--> findElements
13:08:29.712  INFO  manager.ListenerWD - ===================================
13:08:29.712  INFO  manager.ListenerWD - InvocationTargetException cause--> org.openqa.selenium.NoSuchWindowException: no such window: target window already closed
from unknown error: web view not found
  (Session info: chrome=109.0.5414.120)
Build info: version: '4.7.1', revision: 'c6795baf1a3'
System info: os.name: 'Windows 10', os.arch: 'amd64', os.version: '10.0', java.version: '11.0.17'
Driver info: org.openqa.selenium.chrome.ChromeDriver
Command: [517ca6d87bca313c89b4dbb6e238ffc0, findElements {using=xpath, value=//button[text()='Sign Out']}]
Capabilities {acceptInsecureCerts: false, browserName: chrome, browserVersion: 109.0.5414.120, chrome: {chromedriverVersion: 109.0.5414.74 (e7c5703604da..., userDataDir: C:\Users\User\AppData\Local...}, goog:chromeOptions: {debuggerAddress: localhost:64022}, networkConnectionEnabled: false, pageLoadStrategy: normal, platformName: WINDOWS, proxy: Proxy(), se:cdp: ws://localhost:64022/devtoo..., se:cdpVersion: 109.0.5414.120, setWindowRect: true, strictFileInteractability: false, timeouts: {implicit: 0, pageLoad: 300000, script: 30000}, unhandledPromptBehavior: dismiss and notify, webauthn:extension:credBlob: true, webauthn:extension:largeBlob: true, webauthn:virtualAuthenticators: true}
Session ID: 517ca6d87bca313c89b4dbb6e238ffc0
13:08:29.712  INFO  manager.ListenerWD - ===================================
13:08:29.712  INFO  manager.ListenerWD - Object target --> ChromeDriver: chrome on WINDOWS (517ca6d87bca313c89b4dbb6e238ffc0)
13:08:29.712  INFO  manager.ListenerWD - ===================================
13:08:29.713  INFO  manager.ListenerWD - Screen with error is -->src/test/screenshots/screen-622.png
13:08:29.715  INFO  manager.ListenerTNG - onTestStart name --> addNewContactPhoneBlank
13:08:29.715  INFO  manager.ListenerTNG - onTestSkipped name --> addNewContactPhoneBlank
13:08:29.716  INFO  tests.TestBase - The name of method is -->addNewContactPhoneMaximumNumbers
13:08:29.716  INFO  manager.ListenerWD - Before find elements --> By.xpath: //button[text()='Sign Out']
13:08:29.719  INFO  manager.ListenerWD - Test ends with error
13:08:29.719  INFO  manager.ListenerWD - ===================================
13:08:29.719  INFO  manager.ListenerWD - Method name--> findElements
13:08:29.719  INFO  manager.ListenerWD - ===================================
13:08:29.719  INFO  manager.ListenerWD - InvocationTargetException cause--> org.openqa.selenium.NoSuchWindowException: no such window: target window already closed
from unknown error: web view not found
  (Session info: chrome=109.0.5414.120)
Build info: version: '4.7.1', revision: 'c6795baf1a3'
System info: os.name: 'Windows 10', os.arch: 'amd64', os.version: '10.0', java.version: '11.0.17'
Driver info: org.openqa.selenium.chrome.ChromeDriver
Command: [517ca6d87bca313c89b4dbb6e238ffc0, findElements {using=xpath, value=//button[text()='Sign Out']}]
Capabilities {acceptInsecureCerts: false, browserName: chrome, browserVersion: 109.0.5414.120, chrome: {chromedriverVersion: 109.0.5414.74 (e7c5703604da..., userDataDir: C:\Users\User\AppData\Local...}, goog:chromeOptions: {debuggerAddress: localhost:64022}, networkConnectionEnabled: false, pageLoadStrategy: normal, platformName: WINDOWS, proxy: Proxy(), se:cdp: ws://localhost:64022/devtoo..., se:cdpVersion: 109.0.5414.120, setWindowRect: true, strictFileInteractability: false, timeouts: {implicit: 0, pageLoad: 300000, script: 30000}, unhandledPromptBehavior: dismiss and notify, webauthn:extension:credBlob: true, webauthn:extension:largeBlob: true, webauthn:virtualAuthenticators: true}
Session ID: 517ca6d87bca313c89b4dbb6e238ffc0
13:08:29.719  INFO  manager.ListenerWD - ===================================
13:08:29.719  INFO  manager.ListenerWD - Object target --> ChromeDriver: chrome on WINDOWS (517ca6d87bca313c89b4dbb6e238ffc0)
13:08:29.719  INFO  manager.ListenerWD - ===================================
13:08:29.719  INFO  manager.ListenerWD - Screen with error is -->src/test/screenshots/screen-416.png
13:08:29.722  INFO  manager.ListenerTNG - onTestStart name --> addNewContactPhoneMaximumNumbers
13:08:29.722  INFO  manager.ListenerTNG - onTestSkipped name --> addNewContactPhoneMaximumNumbers
13:08:29.723  INFO  tests.TestBase - The name of method is -->addNewContactPhoneMinimumNumbers
13:08:29.723  INFO  manager.ListenerWD - Before find elements --> By.xpath: //button[text()='Sign Out']
13:08:29.725  INFO  manager.ListenerWD - Test ends with error
13:08:29.725  INFO  manager.ListenerWD - ===================================
13:08:29.725  INFO  manager.ListenerWD - Method name--> findElements
13:08:29.725  INFO  manager.ListenerWD - ===================================
13:08:29.725  INFO  manager.ListenerWD - InvocationTargetException cause--> org.openqa.selenium.NoSuchWindowException: no such window: target window already closed
from unknown error: web view not found
  (Session info: chrome=109.0.5414.120)
Build info: version: '4.7.1', revision: 'c6795baf1a3'
System info: os.name: 'Windows 10', os.arch: 'amd64', os.version: '10.0', java.version: '11.0.17'
Driver info: org.openqa.selenium.chrome.ChromeDriver
Command: [517ca6d87bca313c89b4dbb6e238ffc0, findElements {using=xpath, value=//button[text()='Sign Out']}]
Capabilities {acceptInsecureCerts: false, browserName: chrome, browserVersion: 109.0.5414.120, chrome: {chromedriverVersion: 109.0.5414.74 (e7c5703604da..., userDataDir: C:\Users\User\AppData\Local...}, goog:chromeOptions: {debuggerAddress: localhost:64022}, networkConnectionEnabled: false, pageLoadStrategy: normal, platformName: WINDOWS, proxy: Proxy(), se:cdp: ws://localhost:64022/devtoo..., se:cdpVersion: 109.0.5414.120, setWindowRect: true, strictFileInteractability: false, timeouts: {implicit: 0, pageLoad: 300000, script: 30000}, unhandledPromptBehavior: dismiss and notify, webauthn:extension:credBlob: true, webauthn:extension:largeBlob: true, webauthn:virtualAuthenticators: true}
Session ID: 517ca6d87bca313c89b4dbb6e238ffc0
13:08:29.726  INFO  manager.ListenerWD - ===================================
13:08:29.726  INFO  manager.ListenerWD - Object target --> ChromeDriver: chrome on WINDOWS (517ca6d87bca313c89b4dbb6e238ffc0)
13:08:29.726  INFO  manager.ListenerWD - ===================================
13:08:29.726  INFO  manager.ListenerWD - Screen with error is -->src/test/screenshots/screen-962.png
13:08:29.728  INFO  manager.ListenerTNG - onTestStart name --> addNewContactPhoneMinimumNumbers
13:08:29.729  INFO  manager.ListenerTNG - onTestSkipped name --> addNewContactPhoneMinimumNumbers
13:08:29.729  INFO  tests.TestBase - The name of method is -->addNewContactPhoneNotNumbers
13:08:29.729  INFO  manager.ListenerWD - Before find elements --> By.xpath: //button[text()='Sign Out']
13:08:29.732  INFO  manager.ListenerWD - Test ends with error
13:08:29.732  INFO  manager.ListenerWD - ===================================
13:08:29.732  INFO  manager.ListenerWD - Method name--> findElements
13:08:29.732  INFO  manager.ListenerWD - ===================================
13:08:29.732  INFO  manager.ListenerWD - InvocationTargetException cause--> org.openqa.selenium.NoSuchWindowException: no such window: target window already closed
from unknown error: web view not found
  (Session info: chrome=109.0.5414.120)
Build info: version: '4.7.1', revision: 'c6795baf1a3'
System info: os.name: 'Windows 10', os.arch: 'amd64', os.version: '10.0', java.version: '11.0.17'
Driver info: org.openqa.selenium.chrome.ChromeDriver
Command: [517ca6d87bca313c89b4dbb6e238ffc0, findElements {using=xpath, value=//button[text()='Sign Out']}]
Capabilities {acceptInsecureCerts: false, browserName: chrome, browserVersion: 109.0.5414.120, chrome: {chromedriverVersion: 109.0.5414.74 (e7c5703604da..., userDataDir: C:\Users\User\AppData\Local...}, goog:chromeOptions: {debuggerAddress: localhost:64022}, networkConnectionEnabled: false, pageLoadStrategy: normal, platformName: WINDOWS, proxy: Proxy(), se:cdp: ws://localhost:64022/devtoo..., se:cdpVersion: 109.0.5414.120, setWindowRect: true, strictFileInteractability: false, timeouts: {implicit: 0, pageLoad: 300000, script: 30000}, unhandledPromptBehavior: dismiss and notify, webauthn:extension:credBlob: true, webauthn:extension:largeBlob: true, webauthn:virtualAuthenticators: true}
Session ID: 517ca6d87bca313c89b4dbb6e238ffc0
13:08:29.732  INFO  manager.ListenerWD - ===================================
13:08:29.732  INFO  manager.ListenerWD - Object target --> ChromeDriver: chrome on WINDOWS (517ca6d87bca313c89b4dbb6e238ffc0)
13:08:29.732  INFO  manager.ListenerWD - ===================================
13:08:29.732  INFO  manager.ListenerWD - Screen with error is -->src/test/screenshots/screen-359.png
13:08:29.736  INFO  manager.ListenerTNG - onTestStart name --> addNewContactPhoneNotNumbers
13:08:29.736  INFO  manager.ListenerTNG - onTestSkipped name --> addNewContactPhoneNotNumbers
13:08:29.736  INFO  tests.TestBase - The name of method is -->addNewContactPhoneNull
13:08:29.736  INFO  manager.ListenerWD - Before find elements --> By.xpath: //button[text()='Sign Out']
13:08:29.739  INFO  manager.ListenerWD - Test ends with error
13:08:29.739  INFO  manager.ListenerWD - ===================================
13:08:29.739  INFO  manager.ListenerWD - Method name--> findElements
13:08:29.739  INFO  manager.ListenerWD - ===================================
13:08:29.739  INFO  manager.ListenerWD - InvocationTargetException cause--> org.openqa.selenium.NoSuchWindowException: no such window: target window already closed
from unknown error: web view not found
  (Session info: chrome=109.0.5414.120)
Build info: version: '4.7.1', revision: 'c6795baf1a3'
System info: os.name: 'Windows 10', os.arch: 'amd64', os.version: '10.0', java.version: '11.0.17'
Driver info: org.openqa.selenium.chrome.ChromeDriver
Command: [517ca6d87bca313c89b4dbb6e238ffc0, findElements {using=xpath, value=//button[text()='Sign Out']}]
Capabilities {acceptInsecureCerts: false, browserName: chrome, browserVersion: 109.0.5414.120, chrome: {chromedriverVersion: 109.0.5414.74 (e7c5703604da..., userDataDir: C:\Users\User\AppData\Local...}, goog:chromeOptions: {debuggerAddress: localhost:64022}, networkConnectionEnabled: false, pageLoadStrategy: normal, platformName: WINDOWS, proxy: Proxy(), se:cdp: ws://localhost:64022/devtoo..., se:cdpVersion: 109.0.5414.120, setWindowRect: true, strictFileInteractability: false, timeouts: {implicit: 0, pageLoad: 300000, script: 30000}, unhandledPromptBehavior: dismiss and notify, webauthn:extension:credBlob: true, webauthn:extension:largeBlob: true, webauthn:virtualAuthenticators: true}
Session ID: 517ca6d87bca313c89b4dbb6e238ffc0
13:08:29.739  INFO  manager.ListenerWD - ===================================
13:08:29.739  INFO  manager.ListenerWD - Object target --> ChromeDriver: chrome on WINDOWS (517ca6d87bca313c89b4dbb6e238ffc0)
13:08:29.739  INFO  manager.ListenerWD - ===================================
13:08:29.739  INFO  manager.ListenerWD - Screen with error is -->src/test/screenshots/screen-548.png
13:08:29.742  INFO  manager.ListenerTNG - onTestStart name --> addNewContactPhoneNull
13:08:29.742  INFO  manager.ListenerTNG - onTestSkipped name --> addNewContactPhoneNull
13:08:29.743  INFO  tests.TestBase - The name of method is -->addNewContactPhoneSpecialChars
13:08:29.743  INFO  manager.ListenerWD - Before find elements --> By.xpath: //button[text()='Sign Out']
13:08:29.746  INFO  manager.ListenerWD - Test ends with error
13:08:29.746  INFO  manager.ListenerWD - ===================================
13:08:29.746  INFO  manager.ListenerWD - Method name--> findElements
13:08:29.746  INFO  manager.ListenerWD - ===================================
13:08:29.746  INFO  manager.ListenerWD - InvocationTargetException cause--> org.openqa.selenium.NoSuchWindowException: no such window: target window already closed
from unknown error: web view not found
  (Session info: chrome=109.0.5414.120)
Build info: version: '4.7.1', revision: 'c6795baf1a3'
System info: os.name: 'Windows 10', os.arch: 'amd64', os.version: '10.0', java.version: '11.0.17'
Driver info: org.openqa.selenium.chrome.ChromeDriver
Command: [517ca6d87bca313c89b4dbb6e238ffc0, findElements {using=xpath, value=//button[text()='Sign Out']}]
Capabilities {acceptInsecureCerts: false, browserName: chrome, browserVersion: 109.0.5414.120, chrome: {chromedriverVersion: 109.0.5414.74 (e7c5703604da..., userDataDir: C:\Users\User\AppData\Local...}, goog:chromeOptions: {debuggerAddress: localhost:64022}, networkConnectionEnabled: false, pageLoadStrategy: normal, platformName: WINDOWS, proxy: Proxy(), se:cdp: ws://localhost:64022/devtoo..., se:cdpVersion: 109.0.5414.120, setWindowRect: true, strictFileInteractability: false, timeouts: {implicit: 0, pageLoad: 300000, script: 30000}, unhandledPromptBehavior: dismiss and notify, webauthn:extension:credBlob: true, webauthn:extension:largeBlob: true, webauthn:virtualAuthenticators: true}
Session ID: 517ca6d87bca313c89b4dbb6e238ffc0
13:08:29.746  INFO  manager.ListenerWD - ===================================
13:08:29.746  INFO  manager.ListenerWD - Object target --> ChromeDriver: chrome on WINDOWS (517ca6d87bca313c89b4dbb6e238ffc0)
13:08:29.746  INFO  manager.ListenerWD - ===================================
13:08:29.746  INFO  manager.ListenerWD - Screen with error is -->src/test/screenshots/screen-383.png
13:08:29.749  INFO  manager.ListenerTNG - onTestStart name --> addNewContactPhoneSpecialChars
13:08:29.749  INFO  manager.ListenerTNG - onTestSkipped name --> addNewContactPhoneSpecialChars
13:08:29.750  INFO  tests.TestBase - The name of method is -->addNewContactSuccess
13:08:29.750  INFO  manager.ListenerWD - Before find elements --> By.xpath: //button[text()='Sign Out']
13:08:29.753  INFO  manager.ListenerWD - Test ends with error
13:08:29.753  INFO  manager.ListenerWD - ===================================
13:08:29.753  INFO  manager.ListenerWD - Method name--> findElements
13:08:29.753  INFO  manager.ListenerWD - ===================================
13:08:29.753  INFO  manager.ListenerWD - InvocationTargetException cause--> org.openqa.selenium.NoSuchWindowException: no such window: target window already closed
from unknown error: web view not found
  (Session info: chrome=109.0.5414.120)
Build info: version: '4.7.1', revision: 'c6795baf1a3'
System info: os.name: 'Windows 10', os.arch: 'amd64', os.version: '10.0', java.version: '11.0.17'
Driver info: org.openqa.selenium.chrome.ChromeDriver
Command: [517ca6d87bca313c89b4dbb6e238ffc0, findElements {using=xpath, value=//button[text()='Sign Out']}]
Capabilities {acceptInsecureCerts: false, browserName: chrome, browserVersion: 109.0.5414.120, chrome: {chromedriverVersion: 109.0.5414.74 (e7c5703604da..., userDataDir: C:\Users\User\AppData\Local...}, goog:chromeOptions: {debuggerAddress: localhost:64022}, networkConnectionEnabled: false, pageLoadStrategy: normal, platformName: WINDOWS, proxy: Proxy(), se:cdp: ws://localhost:64022/devtoo..., se:cdpVersion: 109.0.5414.120, setWindowRect: true, strictFileInteractability: false, timeouts: {implicit: 0, pageLoad: 300000, script: 30000}, unhandledPromptBehavior: dismiss and notify, webauthn:extension:credBlob: true, webauthn:extension:largeBlob: true, webauthn:virtualAuthenticators: true}
Session ID: 517ca6d87bca313c89b4dbb6e238ffc0
13:08:29.753  INFO  manager.ListenerWD - ===================================
13:08:29.754  INFO  manager.ListenerWD - Object target --> ChromeDriver: chrome on WINDOWS (517ca6d87bca313c89b4dbb6e238ffc0)
13:08:29.754  INFO  manager.ListenerWD - ===================================
13:08:29.754  INFO  manager.ListenerWD - Screen with error is -->src/test/screenshots/screen-948.png
13:08:29.757  INFO  manager.ListenerTNG - onTestStart name --> addNewContactSuccess
13:08:29.758  INFO  manager.ListenerTNG - onTestSkipped name --> addNewContactSuccess
13:08:29.759  INFO  tests.TestBase - The name of method is -->addNewContactSuccessRequiredFields
13:08:29.759  INFO  manager.ListenerWD - Before find elements --> By.xpath: //button[text()='Sign Out']
13:08:29.762  INFO  manager.ListenerWD - Test ends with error
13:08:29.762  INFO  manager.ListenerWD - ===================================
13:08:29.762  INFO  manager.ListenerWD - Method name--> findElements
13:08:29.762  INFO  manager.ListenerWD - ===================================
13:08:29.762  INFO  manager.ListenerWD - InvocationTargetException cause--> org.openqa.selenium.NoSuchWindowException: no such window: target window already closed
from unknown error: web view not found
  (Session info: chrome=109.0.5414.120)
Build info: version: '4.7.1', revision: 'c6795baf1a3'
System info: os.name: 'Windows 10', os.arch: 'amd64', os.version: '10.0', java.version: '11.0.17'
Driver info: org.openqa.selenium.chrome.ChromeDriver
Command: [517ca6d87bca313c89b4dbb6e238ffc0, findElements {using=xpath, value=//button[text()='Sign Out']}]
Capabilities {acceptInsecureCerts: false, browserName: chrome, browserVersion: 109.0.5414.120, chrome: {chromedriverVersion: 109.0.5414.74 (e7c5703604da..., userDataDir: C:\Users\User\AppData\Local...}, goog:chromeOptions: {debuggerAddress: localhost:64022}, networkConnectionEnabled: false, pageLoadStrategy: normal, platformName: WINDOWS, proxy: Proxy(), se:cdp: ws://localhost:64022/devtoo..., se:cdpVersion: 109.0.5414.120, setWindowRect: true, strictFileInteractability: false, timeouts: {implicit: 0, pageLoad: 300000, script: 30000}, unhandledPromptBehavior: dismiss and notify, webauthn:extension:credBlob: true, webauthn:extension:largeBlob: true, webauthn:virtualAuthenticators: true}
Session ID: 517ca6d87bca313c89b4dbb6e238ffc0
13:08:29.762  INFO  manager.ListenerWD - ===================================
13:08:29.762  INFO  manager.ListenerWD - Object target --> ChromeDriver: chrome on WINDOWS (517ca6d87bca313c89b4dbb6e238ffc0)
13:08:29.762  INFO  manager.ListenerWD - ===================================
13:08:29.762  INFO  manager.ListenerWD - Screen with error is -->src/test/screenshots/screen-526.png
13:08:29.766  INFO  manager.ListenerTNG - onTestStart name --> addNewContactSuccessRequiredFields
13:08:29.766  INFO  manager.ListenerTNG - onTestSkipped name --> addNewContactSuccessRequiredFields
13:08:29.766  INFO  tests.TestBase - The name of method is -->addNewContactTwoAtEmail
13:08:29.767  INFO  manager.ListenerWD - Before find elements --> By.xpath: //button[text()='Sign Out']
13:08:29.769  INFO  manager.ListenerWD - Test ends with error
13:08:29.769  INFO  manager.ListenerWD - ===================================
13:08:29.769  INFO  manager.ListenerWD - Method name--> findElements
13:08:29.769  INFO  manager.ListenerWD - ===================================
13:08:29.769  INFO  manager.ListenerWD - InvocationTargetException cause--> org.openqa.selenium.NoSuchWindowException: no such window: target window already closed
from unknown error: web view not found
  (Session info: chrome=109.0.5414.120)
Build info: version: '4.7.1', revision: 'c6795baf1a3'
System info: os.name: 'Windows 10', os.arch: 'amd64', os.version: '10.0', java.version: '11.0.17'
Driver info: org.openqa.selenium.chrome.ChromeDriver
Command: [517ca6d87bca313c89b4dbb6e238ffc0, findElements {using=xpath, value=//button[text()='Sign Out']}]
Capabilities {acceptInsecureCerts: false, browserName: chrome, browserVersion: 109.0.5414.120, chrome: {chromedriverVersion: 109.0.5414.74 (e7c5703604da..., userDataDir: C:\Users\User\AppData\Local...}, goog:chromeOptions: {debuggerAddress: localhost:64022}, networkConnectionEnabled: false, pageLoadStrategy: normal, platformName: WINDOWS, proxy: Proxy(), se:cdp: ws://localhost:64022/devtoo..., se:cdpVersion: 109.0.5414.120, setWindowRect: true, strictFileInteractability: false, timeouts: {implicit: 0, pageLoad: 300000, script: 30000}, unhandledPromptBehavior: dismiss and notify, webauthn:extension:credBlob: true, webauthn:extension:largeBlob: true, webauthn:virtualAuthenticators: true}
Session ID: 517ca6d87bca313c89b4dbb6e238ffc0
13:08:29.769  INFO  manager.ListenerWD - ===================================
13:08:29.770  INFO  manager.ListenerWD - Object target --> ChromeDriver: chrome on WINDOWS (517ca6d87bca313c89b4dbb6e238ffc0)
13:08:29.770  INFO  manager.ListenerWD - ===================================
13:08:29.770  INFO  manager.ListenerWD - Screen with error is -->src/test/screenshots/screen-245.png
13:08:29.773  INFO  manager.ListenerTNG - onTestStart name --> addNewContactTwoAtEmail
13:08:29.773  INFO  manager.ListenerTNG - onTestSkipped name --> addNewContactTwoAtEmail
13:08:29.773  INFO  tests.TestBase - The name of method is -->addNewContactWrongEmail
13:08:29.774  INFO  manager.ListenerWD - Before find elements --> By.xpath: //button[text()='Sign Out']
13:08:29.776  INFO  manager.ListenerWD - Test ends with error
13:08:29.776  INFO  manager.ListenerWD - ===================================
13:08:29.776  INFO  manager.ListenerWD - Method name--> findElements
13:08:29.776  INFO  manager.ListenerWD - ===================================
13:08:29.776  INFO  manager.ListenerWD - InvocationTargetException cause--> org.openqa.selenium.NoSuchWindowException: no such window: target window already closed
from unknown error: web view not found
  (Session info: chrome=109.0.5414.120)
Build info: version: '4.7.1', revision: 'c6795baf1a3'
System info: os.name: 'Windows 10', os.arch: 'amd64', os.version: '10.0', java.version: '11.0.17'
Driver info: org.openqa.selenium.chrome.ChromeDriver
Command: [517ca6d87bca313c89b4dbb6e238ffc0, findElements {using=xpath, value=//button[text()='Sign Out']}]
Capabilities {acceptInsecureCerts: false, browserName: chrome, browserVersion: 109.0.5414.120, chrome: {chromedriverVersion: 109.0.5414.74 (e7c5703604da..., userDataDir: C:\Users\User\AppData\Local...}, goog:chromeOptions: {debuggerAddress: localhost:64022}, networkConnectionEnabled: false, pageLoadStrategy: normal, platformName: WINDOWS, proxy: Proxy(), se:cdp: ws://localhost:64022/devtoo..., se:cdpVersion: 109.0.5414.120, setWindowRect: true, strictFileInteractability: false, timeouts: {implicit: 0, pageLoad: 300000, script: 30000}, unhandledPromptBehavior: dismiss and notify, webauthn:extension:credBlob: true, webauthn:extension:largeBlob: true, webauthn:virtualAuthenticators: true}
Session ID: 517ca6d87bca313c89b4dbb6e238ffc0
13:08:29.776  INFO  manager.ListenerWD - ===================================
13:08:29.776  INFO  manager.ListenerWD - Object target --> ChromeDriver: chrome on WINDOWS (517ca6d87bca313c89b4dbb6e238ffc0)
13:08:29.776  INFO  manager.ListenerWD - ===================================
13:08:29.776  INFO  manager.ListenerWD - Screen with error is -->src/test/screenshots/screen-157.png
13:08:29.779  INFO  manager.ListenerTNG - onTestStart name --> addNewContactWrongEmail
13:08:29.780  INFO  manager.ListenerTNG - onTestSkipped name --> addNewContactWrongEmail
13:08:29.782  INFO  tests.TestBase - The name of method is -->loginSuccess
13:08:29.782  INFO  manager.ListenerWD - Before find elements --> By.xpath: //button[text()='Sign Out']
13:08:29.785  INFO  manager.ListenerWD - Test ends with error
13:08:29.785  INFO  manager.ListenerWD - ===================================
13:08:29.785  INFO  manager.ListenerWD - Method name--> findElements
13:08:29.785  INFO  manager.ListenerWD - ===================================
13:08:29.785  INFO  manager.ListenerWD - InvocationTargetException cause--> org.openqa.selenium.NoSuchWindowException: no such window: target window already closed
from unknown error: web view not found
  (Session info: chrome=109.0.5414.120)
Build info: version: '4.7.1', revision: 'c6795baf1a3'
System info: os.name: 'Windows 10', os.arch: 'amd64', os.version: '10.0', java.version: '11.0.17'
Driver info: org.openqa.selenium.chrome.ChromeDriver
Command: [517ca6d87bca313c89b4dbb6e238ffc0, findElements {using=xpath, value=//button[text()='Sign Out']}]
Capabilities {acceptInsecureCerts: false, browserName: chrome, browserVersion: 109.0.5414.120, chrome: {chromedriverVersion: 109.0.5414.74 (e7c5703604da..., userDataDir: C:\Users\User\AppData\Local...}, goog:chromeOptions: {debuggerAddress: localhost:64022}, networkConnectionEnabled: false, pageLoadStrategy: normal, platformName: WINDOWS, proxy: Proxy(), se:cdp: ws://localhost:64022/devtoo..., se:cdpVersion: 109.0.5414.120, setWindowRect: true, strictFileInteractability: false, timeouts: {implicit: 0, pageLoad: 300000, script: 30000}, unhandledPromptBehavior: dismiss and notify, webauthn:extension:credBlob: true, webauthn:extension:largeBlob: true, webauthn:virtualAuthenticators: true}
Session ID: 517ca6d87bca313c89b4dbb6e238ffc0
13:08:29.785  INFO  manager.ListenerWD - ===================================
13:08:29.785  INFO  manager.ListenerWD - Object target --> ChromeDriver: chrome on WINDOWS (517ca6d87bca313c89b4dbb6e238ffc0)
13:08:29.785  INFO  manager.ListenerWD - ===================================
13:08:29.785  INFO  manager.ListenerWD - Screen with error is -->src/test/screenshots/screen-614.png
13:08:29.789  INFO  manager.ListenerTNG - onTestStart name --> loginSuccess
13:08:29.789  INFO  manager.ListenerTNG - onTestSkipped name --> loginSuccess
13:08:29.789  INFO  tests.TestBase - The name of method is -->loginSuccess
13:08:29.790  INFO  manager.ListenerTNG - onTestStart name --> loginSuccess
13:08:29.790  INFO  manager.ListenerTNG - onTestSkipped name --> loginSuccess
13:08:29.790  INFO  tests.TestBase - The name of method is -->loginSuccess
13:08:29.790  INFO  manager.ListenerTNG - onTestStart name --> loginSuccess
13:08:29.790  INFO  manager.ListenerTNG - onTestSkipped name --> loginSuccess
13:08:29.791  INFO  tests.TestBase - The name of method is -->loginSuccess2
13:08:29.791  INFO  manager.ListenerTNG - onTestStart name --> loginSuccess2
13:08:29.791  INFO  manager.ListenerTNG - onTestSkipped name --> loginSuccess2
13:08:29.792  INFO  tests.TestBase - The name of method is -->loginSuccess2
13:08:29.792  INFO  manager.ListenerTNG - onTestStart name --> loginSuccess2
13:08:29.792  INFO  manager.ListenerTNG - onTestSkipped name --> loginSuccess2
13:08:29.792  INFO  tests.TestBase - The name of method is -->loginSuccess2
13:08:29.792  INFO  manager.ListenerTNG - onTestStart name --> loginSuccess2
13:08:29.792  INFO  manager.ListenerTNG - onTestSkipped name --> loginSuccess2
13:08:29.793  INFO  tests.TestBase - The name of method is -->loginSuccess2
13:08:29.793  INFO  manager.ListenerTNG - onTestStart name --> loginSuccess2
13:08:29.799  INFO  manager.ListenerTNG - onTestSkipped name --> loginSuccess2
13:08:29.800  INFO  tests.TestBase - The name of method is -->loginSuccessModelFormFile
13:08:29.800  INFO  manager.ListenerTNG - onTestStart name --> loginSuccessModelFormFile
13:08:29.800  INFO  manager.ListenerTNG - onTestSkipped name --> loginSuccessModelFormFile
13:08:29.801  INFO  tests.TestBase - The name of method is -->loginSuccessModelFormFile
13:08:29.801  INFO  manager.ListenerTNG - onTestStart name --> loginSuccessModelFormFile
13:08:29.801  INFO  manager.ListenerTNG - onTestSkipped name --> loginSuccessModelFormFile
13:08:29.801  INFO  tests.TestBase - The name of method is -->loginSuccessModelFormFile
13:08:29.801  INFO  manager.ListenerTNG - onTestStart name --> loginSuccessModelFormFile
13:08:29.801  INFO  manager.ListenerTNG - onTestSkipped name --> loginSuccessModelFormFile
13:08:29.802  INFO  tests.TestBase - The name of method is -->loginUnregisteredUser
13:08:29.802  INFO  manager.ListenerTNG - onTestStart name --> loginUnregisteredUser
13:08:29.802  INFO  manager.ListenerTNG - onTestSkipped name --> loginUnregisteredUser
13:08:29.802  INFO  tests.TestBase - The name of method is -->loginWrongEmail
13:08:29.802  INFO  manager.ListenerTNG - onTestStart name --> loginWrongEmail
13:08:29.802  INFO  manager.ListenerTNG - onTestSkipped name --> loginWrongEmail
13:08:29.802  INFO  tests.TestBase - The name of method is -->loginWrongPassword
13:08:29.803  INFO  manager.ListenerTNG - onTestStart name --> loginWrongPassword
13:08:29.803  INFO  manager.ListenerTNG - onTestSkipped name --> loginWrongPassword
13:08:29.803  INFO  tests.TestBase - The name of method is -->registrationSuccess
13:08:29.804  INFO  manager.ListenerWD - Before find elements --> By.xpath: //button[text()='Sign Out']
13:08:29.806  INFO  manager.ListenerWD - Test ends with error
13:08:29.806  INFO  manager.ListenerWD - ===================================
13:08:29.806  INFO  manager.ListenerWD - Method name--> findElements
13:08:29.806  INFO  manager.ListenerWD - ===================================
13:08:29.806  INFO  manager.ListenerWD - InvocationTargetException cause--> org.openqa.selenium.NoSuchWindowException: no such window: target window already closed
from unknown error: web view not found
  (Session info: chrome=109.0.5414.120)
Build info: version: '4.7.1', revision: 'c6795baf1a3'
System info: os.name: 'Windows 10', os.arch: 'amd64', os.version: '10.0', java.version: '11.0.17'
Driver info: org.openqa.selenium.chrome.ChromeDriver
Command: [517ca6d87bca313c89b4dbb6e238ffc0, findElements {using=xpath, value=//button[text()='Sign Out']}]
Capabilities {acceptInsecureCerts: false, browserName: chrome, browserVersion: 109.0.5414.120, chrome: {chromedriverVersion: 109.0.5414.74 (e7c5703604da..., userDataDir: C:\Users\User\AppData\Local...}, goog:chromeOptions: {debuggerAddress: localhost:64022}, networkConnectionEnabled: false, pageLoadStrategy: normal, platformName: WINDOWS, proxy: Proxy(), se:cdp: ws://localhost:64022/devtoo..., se:cdpVersion: 109.0.5414.120, setWindowRect: true, strictFileInteractability: false, timeouts: {implicit: 0, pageLoad: 300000, script: 30000}, unhandledPromptBehavior: dismiss and notify, webauthn:extension:credBlob: true, webauthn:extension:largeBlob: true, webauthn:virtualAuthenticators: true}
Session ID: 517ca6d87bca313c89b4dbb6e238ffc0
13:08:29.806  INFO  manager.ListenerWD - ===================================
13:08:29.806  INFO  manager.ListenerWD - Object target --> ChromeDriver: chrome on WINDOWS (517ca6d87bca313c89b4dbb6e238ffc0)
13:08:29.806  INFO  manager.ListenerWD - ===================================
13:08:29.806  INFO  manager.ListenerWD - Screen with error is -->src/test/screenshots/screen-320.png
13:08:29.809  INFO  manager.ListenerTNG - onTestStart name --> registrationSuccess
13:08:29.809  INFO  manager.ListenerTNG - onTestSkipped name --> registrationSuccess
13:08:29.810  INFO  tests.TestBase - The name of method is -->registrationUserAlreadyExists
13:08:29.810  INFO  manager.ListenerWD - Before find elements --> By.xpath: //button[text()='Sign Out']
13:08:29.812  INFO  manager.ListenerWD - Test ends with error
13:08:29.813  INFO  manager.ListenerWD - ===================================
13:08:29.813  INFO  manager.ListenerWD - Method name--> findElements
13:08:29.813  INFO  manager.ListenerWD - ===================================
13:08:29.813  INFO  manager.ListenerWD - InvocationTargetException cause--> org.openqa.selenium.NoSuchWindowException: no such window: target window already closed
from unknown error: web view not found
  (Session info: chrome=109.0.5414.120)
Build info: version: '4.7.1', revision: 'c6795baf1a3'
System info: os.name: 'Windows 10', os.arch: 'amd64', os.version: '10.0', java.version: '11.0.17'
Driver info: org.openqa.selenium.chrome.ChromeDriver
Command: [517ca6d87bca313c89b4dbb6e238ffc0, findElements {using=xpath, value=//button[text()='Sign Out']}]
Capabilities {acceptInsecureCerts: false, browserName: chrome, browserVersion: 109.0.5414.120, chrome: {chromedriverVersion: 109.0.5414.74 (e7c5703604da..., userDataDir: C:\Users\User\AppData\Local...}, goog:chromeOptions: {debuggerAddress: localhost:64022}, networkConnectionEnabled: false, pageLoadStrategy: normal, platformName: WINDOWS, proxy: Proxy(), se:cdp: ws://localhost:64022/devtoo..., se:cdpVersion: 109.0.5414.120, setWindowRect: true, strictFileInteractability: false, timeouts: {implicit: 0, pageLoad: 300000, script: 30000}, unhandledPromptBehavior: dismiss and notify, webauthn:extension:credBlob: true, webauthn:extension:largeBlob: true, webauthn:virtualAuthenticators: true}
Session ID: 517ca6d87bca313c89b4dbb6e238ffc0
13:08:29.813  INFO  manager.ListenerWD - ===================================
13:08:29.813  INFO  manager.ListenerWD - Object target --> ChromeDriver: chrome on WINDOWS (517ca6d87bca313c89b4dbb6e238ffc0)
13:08:29.813  INFO  manager.ListenerWD - ===================================
13:08:29.813  INFO  manager.ListenerWD - Screen with error is -->src/test/screenshots/screen-720.png
13:08:29.816  INFO  manager.ListenerTNG - onTestStart name --> registrationUserAlreadyExists
13:08:29.816  INFO  manager.ListenerTNG - onTestSkipped name --> registrationUserAlreadyExists
13:08:29.816  INFO  tests.TestBase - The name of method is -->registrationWrongEmail
13:08:29.817  INFO  manager.ListenerWD - Before find elements --> By.xpath: //button[text()='Sign Out']
13:08:29.819  INFO  manager.ListenerWD - Test ends with error
13:08:29.820  INFO  manager.ListenerWD - ===================================
13:08:29.820  INFO  manager.ListenerWD - Method name--> findElements
13:08:29.820  INFO  manager.ListenerWD - ===================================
13:08:29.820  INFO  manager.ListenerWD - InvocationTargetException cause--> org.openqa.selenium.NoSuchWindowException: no such window: target window already closed
from unknown error: web view not found
  (Session info: chrome=109.0.5414.120)
Build info: version: '4.7.1', revision: 'c6795baf1a3'
System info: os.name: 'Windows 10', os.arch: 'amd64', os.version: '10.0', java.version: '11.0.17'
Driver info: org.openqa.selenium.chrome.ChromeDriver
Command: [517ca6d87bca313c89b4dbb6e238ffc0, findElements {using=xpath, value=//button[text()='Sign Out']}]
Capabilities {acceptInsecureCerts: false, browserName: chrome, browserVersion: 109.0.5414.120, chrome: {chromedriverVersion: 109.0.5414.74 (e7c5703604da..., userDataDir: C:\Users\User\AppData\Local...}, goog:chromeOptions: {debuggerAddress: localhost:64022}, networkConnectionEnabled: false, pageLoadStrategy: normal, platformName: WINDOWS, proxy: Proxy(), se:cdp: ws://localhost:64022/devtoo..., se:cdpVersion: 109.0.5414.120, setWindowRect: true, strictFileInteractability: false, timeouts: {implicit: 0, pageLoad: 300000, script: 30000}, unhandledPromptBehavior: dismiss and notify, webauthn:extension:credBlob: true, webauthn:extension:largeBlob: true, webauthn:virtualAuthenticators: true}
Session ID: 517ca6d87bca313c89b4dbb6e238ffc0
13:08:29.820  INFO  manager.ListenerWD - ===================================
13:08:29.820  INFO  manager.ListenerWD - Object target --> ChromeDriver: chrome on WINDOWS (517ca6d87bca313c89b4dbb6e238ffc0)
13:08:29.820  INFO  manager.ListenerWD - ===================================
13:08:29.820  INFO  manager.ListenerWD - Screen with error is -->src/test/screenshots/screen-157.png
13:08:29.823  INFO  manager.ListenerTNG - onTestStart name --> registrationWrongEmail
13:08:29.823  INFO  manager.ListenerTNG - onTestSkipped name --> registrationWrongEmail
13:08:29.823  INFO  tests.TestBase - The name of method is -->registrationWrongPassword
13:08:29.823  INFO  manager.ListenerWD - Before find elements --> By.xpath: //button[text()='Sign Out']
13:08:29.825  INFO  manager.ListenerWD - Test ends with error
13:08:29.825  INFO  manager.ListenerWD - ===================================
13:08:29.825  INFO  manager.ListenerWD - Method name--> findElements
13:08:29.825  INFO  manager.ListenerWD - ===================================
13:08:29.826  INFO  manager.ListenerWD - InvocationTargetException cause--> org.openqa.selenium.NoSuchWindowException: no such window: target window already closed
from unknown error: web view not found
  (Session info: chrome=109.0.5414.120)
Build info: version: '4.7.1', revision: 'c6795baf1a3'
System info: os.name: 'Windows 10', os.arch: 'amd64', os.version: '10.0', java.version: '11.0.17'
Driver info: org.openqa.selenium.chrome.ChromeDriver
Command: [517ca6d87bca313c89b4dbb6e238ffc0, findElements {using=xpath, value=//button[text()='Sign Out']}]
Capabilities {acceptInsecureCerts: false, browserName: chrome, browserVersion: 109.0.5414.120, chrome: {chromedriverVersion: 109.0.5414.74 (e7c5703604da..., userDataDir: C:\Users\User\AppData\Local...}, goog:chromeOptions: {debuggerAddress: localhost:64022}, networkConnectionEnabled: false, pageLoadStrategy: normal, platformName: WINDOWS, proxy: Proxy(), se:cdp: ws://localhost:64022/devtoo..., se:cdpVersion: 109.0.5414.120, setWindowRect: true, strictFileInteractability: false, timeouts: {implicit: 0, pageLoad: 300000, script: 30000}, unhandledPromptBehavior: dismiss and notify, webauthn:extension:credBlob: true, webauthn:extension:largeBlob: true, webauthn:virtualAuthenticators: true}
Session ID: 517ca6d87bca313c89b4dbb6e238ffc0
13:08:29.826  INFO  manager.ListenerWD - ===================================
13:08:29.826  INFO  manager.ListenerWD - Object target --> ChromeDriver: chrome on WINDOWS (517ca6d87bca313c89b4dbb6e238ffc0)
13:08:29.826  INFO  manager.ListenerWD - ===================================
13:08:29.826  INFO  manager.ListenerWD - Screen with error is -->src/test/screenshots/screen-315.png
13:08:29.829  INFO  manager.ListenerTNG - onTestStart name --> registrationWrongPassword
13:08:29.829  INFO  manager.ListenerTNG - onTestSkipped name --> registrationWrongPassword
13:08:29.830  INFO  manager.ListenerTNG - onFinish name --> Gradle test
