<?xml version="1.0" encoding="UTF-8"?>
<testsuite name="tests.AddNewContactTests" tests="19" skipped="0" failures="1" errors="0" timestamp="2023-02-07T18:57:53" hostname="WIN-UK2CA3OCGGH" time="24.408">
  <properties/>
  <testcase name="addNewContactAddressBlank" classname="tests.AddNewContactTests" time="1.114"/>
  <testcase name="addNewContactAddressNull" classname="tests.AddNewContactTests" time="0.495"/>
  <testcase name="addNewContactBlankEmail" classname="tests.AddNewContactTests" time="0.976"/>
  <testcase name="addNewContactBlankLastName" classname="tests.AddNewContactTests" time="0.462"/>
  <testcase name="addNewContactBlankName" classname="tests.AddNewContactTests" time="0.454"/>
  <testcase name="addNewContactMinimumCharAfterAtEmail" classname="tests.AddNewContactTests" time="0.974"/>
  <testcase name="addNewContactMinimumCharBeforeAtEmail" classname="tests.AddNewContactTests" time="0.957"/>
  <testcase name="addNewContactNullLastName" classname="tests.AddNewContactTests" time="0.449"/>
  <testcase name="addNewContactNullName" classname="tests.AddNewContactTests" time="0.198">
    <failure message="org.openqa.selenium.StaleElementReferenceException: stale element reference: element is not attached to the page document&#10;  (Session info: chrome=109.0.5414.120)&#10;For documentation on this error, please visit: https://selenium.dev/exceptions/#stale_element_reference&#10;Build info: version: '4.7.1', revision: 'c6795baf1a3'&#10;System info: os.name: 'Windows 10', os.arch: 'amd64', os.version: '10.0', java.version: '11.0.17'&#10;Driver info: org.openqa.selenium.chrome.ChromeDriver&#10;Command: [53aa68302cbc7287d67d63d6efb48623, clearElement {id=b2cfddae-5ca4-4866-ab62-40fbb30ef8a8}]&#10;Capabilities {acceptInsecureCerts: false, browserName: chrome, browserVersion: 109.0.5414.120, chrome: {chromedriverVersion: 109.0.5414.74 (e7c5703604da..., userDataDir: C:\Users\User\AppData\Local...}, goog:chromeOptions: {debuggerAddress: localhost:57448}, networkConnectionEnabled: false, pageLoadStrategy: normal, platformName: WINDOWS, proxy: Proxy(), se:cdp: ws://localhost:57448/devtoo..., se:cdpVersion: 109.0.5414.120, setWindowRect: true, strictFileInteractability: false, timeouts: {implicit: 0, pageLoad: 300000, script: 30000}, unhandledPromptBehavior: dismiss and notify, webauthn:extension:credBlob: true, webauthn:extension:largeBlob: true, webauthn:virtualAuthenticators: true}&#10;Element: [[ChromeDriver: chrome on WINDOWS (53aa68302cbc7287d67d63d6efb48623)] -&gt; css selector: input[placeholder='Phone']]&#10;Session ID: 53aa68302cbc7287d67d63d6efb48623" type="org.openqa.selenium.StaleElementReferenceException">org.openqa.selenium.StaleElementReferenceException: stale element reference: element is not attached to the page document
  (Session info: chrome=109.0.5414.120)
For documentation on this error, please visit: https://selenium.dev/exceptions/#stale_element_reference
Build info: version: '4.7.1', revision: 'c6795baf1a3'
System info: os.name: 'Windows 10', os.arch: 'amd64', os.version: '10.0', java.version: '11.0.17'
Driver info: org.openqa.selenium.chrome.ChromeDriver
Command: [53aa68302cbc7287d67d63d6efb48623, clearElement {id=b2cfddae-5ca4-4866-ab62-40fbb30ef8a8}]
Capabilities {acceptInsecureCerts: false, browserName: chrome, browserVersion: 109.0.5414.120, chrome: {chromedriverVersion: 109.0.5414.74 (e7c5703604da..., userDataDir: C:\Users\User\AppData\Local...}, goog:chromeOptions: {debuggerAddress: localhost:57448}, networkConnectionEnabled: false, pageLoadStrategy: normal, platformName: WINDOWS, proxy: Proxy(), se:cdp: ws://localhost:57448/devtoo..., se:cdpVersion: 109.0.5414.120, setWindowRect: true, strictFileInteractability: false, timeouts: {implicit: 0, pageLoad: 300000, script: 30000}, unhandledPromptBehavior: dismiss and notify, webauthn:extension:credBlob: true, webauthn:extension:largeBlob: true, webauthn:virtualAuthenticators: true}
Element: [[ChromeDriver: chrome on WINDOWS (53aa68302cbc7287d67d63d6efb48623)] -&gt; css selector: input[placeholder='Phone']]
Session ID: 53aa68302cbc7287d67d63d6efb48623
	at java.base@11.0.17/jdk.internal.reflect.NativeConstructorAccessorImpl.newInstance0(Native Method)
	at java.base@11.0.17/jdk.internal.reflect.NativeConstructorAccessorImpl.newInstance(NativeConstructorAccessorImpl.java:62)
	at java.base@11.0.17/jdk.internal.reflect.DelegatingConstructorAccessorImpl.newInstance(DelegatingConstructorAccessorImpl.java:45)
	at java.base@11.0.17/java.lang.reflect.Constructor.newInstance(Constructor.java:490)
	at app//org.openqa.selenium.remote.codec.w3c.W3CHttpResponseCodec.createException(W3CHttpResponseCodec.java:200)
	at app//org.openqa.selenium.remote.codec.w3c.W3CHttpResponseCodec.decode(W3CHttpResponseCodec.java:133)
	at app//org.openqa.selenium.remote.codec.w3c.W3CHttpResponseCodec.decode(W3CHttpResponseCodec.java:53)
	at app//org.openqa.selenium.remote.HttpCommandExecutor.execute(HttpCommandExecutor.java:184)
	at app//org.openqa.selenium.remote.service.DriverCommandExecutor.invokeExecute(DriverCommandExecutor.java:167)
	at app//org.openqa.selenium.remote.service.DriverCommandExecutor.execute(DriverCommandExecutor.java:142)
	at app//org.openqa.selenium.remote.RemoteWebDriver.execute(RemoteWebDriver.java:551)
	at app//org.openqa.selenium.remote.RemoteWebElement.execute(RemoteWebElement.java:257)
	at app//org.openqa.selenium.remote.RemoteWebElement.clear(RemoteWebElement.java:132)
	at jdk.internal.reflect.GeneratedMethodAccessor24.invoke(Unknown Source)
	at java.base@11.0.17/jdk.internal.reflect.DelegatingMethodAccessorImpl.invoke(DelegatingMethodAccessorImpl.java:43)
	at java.base@11.0.17/java.lang.reflect.Method.invoke(Method.java:566)
	at app//org.openqa.selenium.support.decorators.WebDriverDecorator.call(WebDriverDecorator.java:247)
	at app//org.openqa.selenium.support.decorators.DefaultDecorated.call(DefaultDecorated.java:48)
	at app//org.openqa.selenium.support.decorators.WebDriverDecorator.lambda$createProxy$0(WebDriverDecorator.java:309)
	at net.bytebuddy.renamed.java.lang.Object$ByteBuddy$WJ8Q7aHO.clear(Unknown Source)
	at app//manager.HelperBase.type(HelperBase.java:22)
	at app//manager.HelperContact.fillContactForm(HelperContact.java:26)
	at app//tests.AddNewContactTests.addNewContactNullName(AddNewContactTests.java:233)
	at java.base@11.0.17/jdk.internal.reflect.NativeMethodAccessorImpl.invoke0(Native Method)
	at java.base@11.0.17/jdk.internal.reflect.NativeMethodAccessorImpl.invoke(NativeMethodAccessorImpl.java:62)
	at java.base@11.0.17/jdk.internal.reflect.DelegatingMethodAccessorImpl.invoke(DelegatingMethodAccessorImpl.java:43)
	at java.base@11.0.17/java.lang.reflect.Method.invoke(Method.java:566)
	at app//org.testng.internal.invokers.MethodInvocationHelper.invokeMethod(MethodInvocationHelper.java:135)
	at app//org.testng.internal.invokers.TestInvoker.invokeMethod(TestInvoker.java:673)
	at app//org.testng.internal.invokers.TestInvoker.invokeTestMethod(TestInvoker.java:220)
	at app//org.testng.internal.invokers.MethodRunner.runInSequence(MethodRunner.java:50)
	at app//org.testng.internal.invokers.TestInvoker$MethodInvocationAgent.invoke(TestInvoker.java:945)
	at app//org.testng.internal.invokers.TestInvoker.invokeTestMethods(TestInvoker.java:193)
	at app//org.testng.internal.invokers.TestMethodWorker.invokeTestMethods(TestMethodWorker.java:146)
	at app//org.testng.internal.invokers.TestMethodWorker.run(TestMethodWorker.java:128)
	at java.base@11.0.17/java.util.ArrayList.forEach(ArrayList.java:1541)
	at app//org.testng.TestRunner.privateRun(TestRunner.java:808)
	at app//org.testng.TestRunner.run(TestRunner.java:603)
	at app//org.testng.SuiteRunner.runTest(SuiteRunner.java:429)
	at app//org.testng.SuiteRunner.runSequentially(SuiteRunner.java:423)
	at app//org.testng.SuiteRunner.privateRun(SuiteRunner.java:383)
	at app//org.testng.SuiteRunner.run(SuiteRunner.java:326)
	at app//org.testng.SuiteRunnerWorker.runSuite(SuiteRunnerWorker.java:52)
	at app//org.testng.SuiteRunnerWorker.run(SuiteRunnerWorker.java:95)
	at app//org.testng.TestNG.runSuitesSequentially(TestNG.java:1249)
	at app//org.testng.TestNG.runSuitesLocally(TestNG.java:1169)
	at app//org.testng.TestNG.runSuites(TestNG.java:1092)
	at app//org.testng.TestNG.run(TestNG.java:1060)
	at org.gradle.api.internal.tasks.testing.testng.TestNGTestClassProcessor.runTests(TestNGTestClassProcessor.java:146)
	at org.gradle.api.internal.tasks.testing.testng.TestNGTestClassProcessor.stop(TestNGTestClassProcessor.java:91)
	at org.gradle.api.internal.tasks.testing.SuiteTestClassProcessor.stop(SuiteTestClassProcessor.java:61)
	at java.base@11.0.17/jdk.internal.reflect.NativeMethodAccessorImpl.invoke0(Native Method)
	at java.base@11.0.17/jdk.internal.reflect.NativeMethodAccessorImpl.invoke(NativeMethodAccessorImpl.java:62)
	at java.base@11.0.17/jdk.internal.reflect.DelegatingMethodAccessorImpl.invoke(DelegatingMethodAccessorImpl.java:43)
	at java.base@11.0.17/java.lang.reflect.Method.invoke(Method.java:566)
	at org.gradle.internal.dispatch.ReflectionDispatch.dispatch(ReflectionDispatch.java:36)
	at org.gradle.internal.dispatch.ReflectionDispatch.dispatch(ReflectionDispatch.java:24)
	at org.gradle.internal.dispatch.ContextClassLoaderDispatch.dispatch(ContextClassLoaderDispatch.java:33)
	at org.gradle.internal.dispatch.ProxyDispatchAdapter$DispatchingInvocationHandler.invoke(ProxyDispatchAdapter.java:94)
	at com.sun.proxy.$Proxy2.stop(Unknown Source)
	at org.gradle.api.internal.tasks.testing.worker.TestWorker$3.run(TestWorker.java:193)
	at org.gradle.api.internal.tasks.testing.worker.TestWorker.executeAndMaintainThreadName(TestWorker.java:129)
	at org.gradle.api.internal.tasks.testing.worker.TestWorker.execute(TestWorker.java:100)
	at org.gradle.api.internal.tasks.testing.worker.TestWorker.execute(TestWorker.java:60)
	at org.gradle.process.internal.worker.child.ActionExecutionWorker.execute(ActionExecutionWorker.java:56)
	at org.gradle.process.internal.worker.child.SystemApplicationClassLoaderWorker.call(SystemApplicationClassLoaderWorker.java:133)
	at org.gradle.process.internal.worker.child.SystemApplicationClassLoaderWorker.call(SystemApplicationClassLoaderWorker.java:71)
	at app//worker.org.gradle.process.internal.worker.GradleWorkerMain.run(GradleWorkerMain.java:69)
	at app//worker.org.gradle.process.internal.worker.GradleWorkerMain.main(GradleWorkerMain.java:74)
</failure>
  </testcase>
  <testcase name="addNewContactPhoneBlank" classname="tests.AddNewContactTests" time="1.058"/>
  <testcase name="addNewContactPhoneMaximumNumbers" classname="tests.AddNewContactTests" time="0.978"/>
  <testcase name="addNewContactPhoneMinimumNumbers" classname="tests.AddNewContactTests" time="0.946"/>
  <testcase name="addNewContactPhoneNotNumbers" classname="tests.AddNewContactTests" time="0.93"/>
  <testcase name="addNewContactPhoneNull" classname="tests.AddNewContactTests" time="0.943"/>
  <testcase name="addNewContactPhoneSpecialChars" classname="tests.AddNewContactTests" time="0.938"/>
  <testcase name="addNewContactSuccess" classname="tests.AddNewContactTests" time="4.589"/>
  <testcase name="addNewContactSuccessRequiredFields" classname="tests.AddNewContactTests" time="5.624"/>
  <testcase name="addNewContactTwoAtEmail" classname="tests.AddNewContactTests" time="1.18"/>
  <testcase name="addNewContactWrongEmail" classname="tests.AddNewContactTests" time="0.991"/>
  <system-out><![CDATA[20:57:47.737  INFO  tests.TestBase - The name of method is -->addNewContactAddressBlank
20:57:47.738  INFO  manager.ListenerWD - Before find elements --> By.xpath: //button[text()='Sign Out']
20:57:52.790  INFO  manager.ListenerWD - After find elements --> By.xpath: //button[text()='Sign Out']
20:57:52.791  INFO  manager.ListenerWD - List size is --> 0
20:57:52.791  INFO  manager.ListenerWD - Before find element --> By.cssSelector: a[href='/login']
20:57:52.799  INFO  manager.ListenerWD - After find element --> By.cssSelector: a[href='/login']
20:57:52.824  INFO  manager.ListenerWD - Before find element --> By.cssSelector: input[name='email']
20:57:52.832  INFO  manager.ListenerWD - After find element --> By.cssSelector: input[name='email']
20:57:52.920  INFO  manager.ListenerWD - Before find element --> By.cssSelector: input[name='password']
20:57:52.930  INFO  manager.ListenerWD - After find element --> By.cssSelector: input[name='password']
20:57:53.010  INFO  manager.ListenerWD - Before find element --> By.cssSelector: button[name='login']
20:57:53.022  INFO  manager.ListenerWD - After find element --> By.cssSelector: button[name='login']
20:57:53.060  INFO  manager.ListenerTNG - onTestStart name --> addNewContactAddressBlank
20:57:53.062  INFO  tests.TestBase - Test started with address:  
20:57:53.062  INFO  manager.ListenerWD - Before find element --> By.xpath: //a[@href='/add']
20:57:53.548  INFO  manager.ListenerWD - After find element --> By.xpath: //a[@href='/add']
20:57:53.586  INFO  manager.ListenerWD - Before find element --> By.cssSelector: input[placeholder='Name']
20:57:53.597  INFO  manager.ListenerWD - After find element --> By.cssSelector: input[placeholder='Name']
20:57:53.669  INFO  manager.ListenerWD - Before find element --> By.cssSelector: input[placeholder='Last Name']
20:57:53.680  INFO  manager.ListenerWD - After find element --> By.cssSelector: input[placeholder='Last Name']
20:57:53.755  INFO  manager.ListenerWD - Before find element --> By.cssSelector: input[placeholder='Phone']
20:57:53.768  INFO  manager.ListenerWD - After find element --> By.cssSelector: input[placeholder='Phone']
20:57:53.847  INFO  manager.ListenerWD - Before find element --> By.cssSelector: input[placeholder='email']
20:57:53.859  INFO  manager.ListenerWD - After find element --> By.cssSelector: input[placeholder='email']
20:57:53.941  INFO  manager.ListenerWD - Before find element --> By.cssSelector: input[placeholder='Address']
20:57:53.953  INFO  manager.ListenerWD - After find element --> By.cssSelector: input[placeholder='Address']
20:57:54.025  INFO  manager.ListenerWD - Before find element --> By.cssSelector: input[placeholder='description']
20:57:54.036  INFO  manager.ListenerWD - After find element --> By.cssSelector: input[placeholder='description']
20:57:54.115  INFO  manager.ListenerWD - Before find element --> By.xpath: //b[text()='Save']
20:57:54.127  INFO  manager.ListenerWD - After find element --> By.xpath: //b[text()='Save']
20:57:54.162  INFO  manager.ListenerWD - Before find elements --> By.cssSelector: a[href='/add'][class='active']
20:57:54.174  INFO  manager.ListenerWD - After find elements --> By.cssSelector: a[href='/add'][class='active']
20:57:54.174  INFO  manager.ListenerWD - List size is --> 1
20:57:54.174  INFO  tests.TestBase - Test passed with success
20:57:54.174  INFO  manager.ListenerTNG - onTestSuccess name --> addNewContactAddressBlank
20:57:54.175  INFO  tests.TestBase - The name of method is -->addNewContactAddressNull
20:57:54.175  INFO  manager.ListenerWD - Before find elements --> By.xpath: //button[text()='Sign Out']
20:57:54.183  INFO  manager.ListenerWD - After find elements --> By.xpath: //button[text()='Sign Out']
20:57:54.183  INFO  manager.ListenerWD - List size is --> 1
20:57:54.183  INFO  manager.ListenerTNG - onTestStart name --> addNewContactAddressNull
20:57:54.184  INFO  tests.TestBase - Test started with address: 
20:57:54.184  INFO  manager.ListenerWD - Before find element --> By.xpath: //a[@href='/add']
20:57:54.192  INFO  manager.ListenerWD - After find element --> By.xpath: //a[@href='/add']
20:57:54.222  INFO  manager.ListenerWD - Before find element --> By.cssSelector: input[placeholder='Name']
20:57:54.238  INFO  manager.ListenerWD - After find element --> By.cssSelector: input[placeholder='Name']
20:57:54.300  INFO  manager.ListenerWD - Before find element --> By.cssSelector: input[placeholder='Last Name']
20:57:54.307  INFO  manager.ListenerWD - After find element --> By.cssSelector: input[placeholder='Last Name']
20:57:54.364  INFO  manager.ListenerWD - Before find element --> By.cssSelector: input[placeholder='Phone']
20:57:54.373  INFO  manager.ListenerWD - After find element --> By.cssSelector: input[placeholder='Phone']
20:57:54.434  INFO  manager.ListenerWD - Before find element --> By.cssSelector: input[placeholder='email']
20:57:54.443  INFO  manager.ListenerWD - After find element --> By.cssSelector: input[placeholder='email']
20:57:54.508  INFO  manager.ListenerWD - Before find element --> By.cssSelector: input[placeholder='Address']
20:57:54.516  INFO  manager.ListenerWD - After find element --> By.cssSelector: input[placeholder='Address']
20:57:54.570  INFO  manager.ListenerWD - Before find element --> By.cssSelector: input[placeholder='description']
20:57:54.577  INFO  manager.ListenerWD - After find element --> By.cssSelector: input[placeholder='description']
20:57:54.639  INFO  manager.ListenerWD - Before find element --> By.xpath: //b[text()='Save']
20:57:54.647  INFO  manager.ListenerWD - After find element --> By.xpath: //b[text()='Save']
20:57:54.670  INFO  manager.ListenerWD - Before find elements --> By.cssSelector: a[href='/add'][class='active']
20:57:54.678  INFO  manager.ListenerWD - After find elements --> By.cssSelector: a[href='/add'][class='active']
20:57:54.678  INFO  manager.ListenerWD - List size is --> 1
20:57:54.678  INFO  tests.TestBase - Test passed with success
20:57:54.679  INFO  manager.ListenerTNG - onTestSuccess name --> addNewContactAddressNull
20:57:54.679  INFO  tests.TestBase - The name of method is -->addNewContactBlankEmail
20:57:54.679  INFO  manager.ListenerWD - Before find elements --> By.xpath: //button[text()='Sign Out']
20:57:54.687  INFO  manager.ListenerWD - After find elements --> By.xpath: //button[text()='Sign Out']
20:57:54.687  INFO  manager.ListenerWD - List size is --> 1
20:57:54.687  INFO  manager.ListenerTNG - onTestStart name --> addNewContactBlankEmail
20:57:54.688  INFO  tests.TestBase - Test started with email:  
20:57:54.688  INFO  manager.ListenerWD - Before find element --> By.xpath: //a[@href='/add']
20:57:54.695  INFO  manager.ListenerWD - After find element --> By.xpath: //a[@href='/add']
20:57:54.720  INFO  manager.ListenerWD - Before find element --> By.cssSelector: input[placeholder='Name']
20:57:54.728  INFO  manager.ListenerWD - After find element --> By.cssSelector: input[placeholder='Name']
20:57:54.786  INFO  manager.ListenerWD - Before find element --> By.cssSelector: input[placeholder='Last Name']
20:57:54.794  INFO  manager.ListenerWD - After find element --> By.cssSelector: input[placeholder='Last Name']
20:57:54.848  INFO  manager.ListenerWD - Before find element --> By.cssSelector: input[placeholder='Phone']
20:57:54.856  INFO  manager.ListenerWD - After find element --> By.cssSelector: input[placeholder='Phone']
20:57:54.913  INFO  manager.ListenerWD - Before find element --> By.cssSelector: input[placeholder='email']
20:57:54.920  INFO  manager.ListenerWD - After find element --> By.cssSelector: input[placeholder='email']
20:57:54.973  INFO  manager.ListenerWD - Before find element --> By.cssSelector: input[placeholder='Address']
20:57:54.981  INFO  manager.ListenerWD - After find element --> By.cssSelector: input[placeholder='Address']
20:57:55.040  INFO  manager.ListenerWD - Before find element --> By.cssSelector: input[placeholder='description']
20:57:55.048  INFO  manager.ListenerWD - After find element --> By.cssSelector: input[placeholder='description']
20:57:55.111  INFO  manager.ListenerWD - Before find element --> By.xpath: //b[text()='Save']
20:57:55.119  INFO  manager.ListenerWD - After find element --> By.xpath: //b[text()='Save']
20:57:55.148  INFO  manager.ListenerWD - Test ends with error
20:57:55.148  INFO  manager.ListenerWD - ===================================
20:57:55.148  INFO  manager.ListenerWD - Method name--> alert
20:57:55.148  INFO  manager.ListenerWD - ===================================
20:57:55.149  INFO  manager.ListenerWD - InvocationTargetException cause--> org.openqa.selenium.NoAlertPresentException: no such alert
  (Session info: chrome=109.0.5414.120)
Build info: version: '4.7.1', revision: 'c6795baf1a3'
System info: os.name: 'Windows 10', os.arch: 'amd64', os.version: '10.0', java.version: '11.0.17'
Driver info: org.openqa.selenium.chrome.ChromeDriver
Command: [53aa68302cbc7287d67d63d6efb48623, getAlertText {}]
Capabilities {acceptInsecureCerts: false, browserName: chrome, browserVersion: 109.0.5414.120, chrome: {chromedriverVersion: 109.0.5414.74 (e7c5703604da..., userDataDir: C:\Users\User\AppData\Local...}, goog:chromeOptions: {debuggerAddress: localhost:57448}, networkConnectionEnabled: false, pageLoadStrategy: normal, platformName: WINDOWS, proxy: Proxy(), se:cdp: ws://localhost:57448/devtoo..., se:cdpVersion: 109.0.5414.120, setWindowRect: true, strictFileInteractability: false, timeouts: {implicit: 0, pageLoad: 300000, script: 30000}, unhandledPromptBehavior: dismiss and notify, webauthn:extension:credBlob: true, webauthn:extension:largeBlob: true, webauthn:virtualAuthenticators: true}
Session ID: 53aa68302cbc7287d67d63d6efb48623
20:57:55.149  INFO  manager.ListenerWD - ===================================
20:57:55.149  INFO  manager.ListenerWD - Object target --> org.openqa.selenium.remote.RemoteWebDriver$RemoteTargetLocator@7b5021d1
20:57:55.149  INFO  manager.ListenerWD - ===================================
Email not valid: должно иметь формат адреса электронной почты
20:57:55.663  INFO  tests.TestBase - Test passed with success
20:57:55.663  INFO  manager.ListenerTNG - onTestSuccess name --> addNewContactBlankEmail
20:57:55.664  INFO  tests.TestBase - The name of method is -->addNewContactBlankLastName
20:57:55.664  INFO  manager.ListenerWD - Before find elements --> By.xpath: //button[text()='Sign Out']
20:57:55.672  INFO  manager.ListenerWD - After find elements --> By.xpath: //button[text()='Sign Out']
20:57:55.672  INFO  manager.ListenerWD - List size is --> 1
20:57:55.672  INFO  manager.ListenerTNG - onTestStart name --> addNewContactBlankLastName
20:57:55.672  INFO  tests.TestBase - Test started with last name:  
20:57:55.673  INFO  manager.ListenerWD - Before find element --> By.xpath: //a[@href='/add']
20:57:55.680  INFO  manager.ListenerWD - After find element --> By.xpath: //a[@href='/add']
20:57:55.706  INFO  manager.ListenerWD - Before find element --> By.cssSelector: input[placeholder='Name']
20:57:55.714  INFO  manager.ListenerWD - After find element --> By.cssSelector: input[placeholder='Name']
20:57:55.771  INFO  manager.ListenerWD - Before find element --> By.cssSelector: input[placeholder='Last Name']
20:57:55.779  INFO  manager.ListenerWD - After find element --> By.cssSelector: input[placeholder='Last Name']
20:57:55.834  INFO  manager.ListenerWD - Before find element --> By.cssSelector: input[placeholder='Phone']
20:57:55.842  INFO  manager.ListenerWD - After find element --> By.cssSelector: input[placeholder='Phone']
20:57:55.897  INFO  manager.ListenerWD - Before find element --> By.cssSelector: input[placeholder='email']
20:57:55.905  INFO  manager.ListenerWD - After find element --> By.cssSelector: input[placeholder='email']
20:57:55.964  INFO  manager.ListenerWD - Before find element --> By.cssSelector: input[placeholder='Address']
20:57:55.973  INFO  manager.ListenerWD - After find element --> By.cssSelector: input[placeholder='Address']
20:57:56.030  INFO  manager.ListenerWD - Before find element --> By.cssSelector: input[placeholder='description']
20:57:56.037  INFO  manager.ListenerWD - After find element --> By.cssSelector: input[placeholder='description']
20:57:56.096  INFO  manager.ListenerWD - Before find element --> By.xpath: //b[text()='Save']
20:57:56.103  INFO  manager.ListenerWD - After find element --> By.xpath: //b[text()='Save']
20:57:56.126  INFO  manager.ListenerWD - Before find elements --> By.cssSelector: a[href='/add'][class='active']
20:57:56.133  INFO  manager.ListenerWD - After find elements --> By.cssSelector: a[href='/add'][class='active']
20:57:56.134  INFO  manager.ListenerWD - List size is --> 1
20:57:56.134  INFO  tests.TestBase - Test passed with success
20:57:56.134  INFO  manager.ListenerTNG - onTestSuccess name --> addNewContactBlankLastName
20:57:56.134  INFO  tests.TestBase - The name of method is -->addNewContactBlankName
20:57:56.135  INFO  manager.ListenerWD - Before find elements --> By.xpath: //button[text()='Sign Out']
20:57:56.142  INFO  manager.ListenerWD - After find elements --> By.xpath: //button[text()='Sign Out']
20:57:56.143  INFO  manager.ListenerWD - List size is --> 1
20:57:56.143  INFO  manager.ListenerTNG - onTestStart name --> addNewContactBlankName
20:57:56.143  INFO  tests.TestBase - Test started with name:  
20:57:56.143  INFO  manager.ListenerWD - Before find element --> By.xpath: //a[@href='/add']
20:57:56.151  INFO  manager.ListenerWD - After find element --> By.xpath: //a[@href='/add']
20:57:56.174  INFO  manager.ListenerWD - Before find element --> By.cssSelector: input[placeholder='Name']
20:57:56.183  INFO  manager.ListenerWD - After find element --> By.cssSelector: input[placeholder='Name']
20:57:56.240  INFO  manager.ListenerWD - Before find element --> By.cssSelector: input[placeholder='Last Name']
20:57:56.248  INFO  manager.ListenerWD - After find element --> By.cssSelector: input[placeholder='Last Name']
20:57:56.302  INFO  manager.ListenerWD - Before find element --> By.cssSelector: input[placeholder='Phone']
20:57:56.310  INFO  manager.ListenerWD - After find element --> By.cssSelector: input[placeholder='Phone']
20:57:56.365  INFO  manager.ListenerWD - Before find element --> By.cssSelector: input[placeholder='email']
20:57:56.372  INFO  manager.ListenerWD - After find element --> By.cssSelector: input[placeholder='email']
20:57:56.432  INFO  manager.ListenerWD - Before find element --> By.cssSelector: input[placeholder='Address']
20:57:56.439  INFO  manager.ListenerWD - After find element --> By.cssSelector: input[placeholder='Address']
20:57:56.497  INFO  manager.ListenerWD - Before find element --> By.cssSelector: input[placeholder='description']
20:57:56.504  INFO  manager.ListenerWD - After find element --> By.cssSelector: input[placeholder='description']
20:57:56.561  INFO  manager.ListenerWD - Before find element --> By.xpath: //b[text()='Save']
20:57:56.568  INFO  manager.ListenerWD - After find element --> By.xpath: //b[text()='Save']
20:57:56.590  INFO  manager.ListenerWD - Before find elements --> By.cssSelector: a[href='/add'][class='active']
20:57:56.597  INFO  manager.ListenerWD - After find elements --> By.cssSelector: a[href='/add'][class='active']
20:57:56.597  INFO  manager.ListenerWD - List size is --> 1
20:57:56.597  INFO  tests.TestBase - Test passed with success
20:57:56.598  INFO  manager.ListenerTNG - onTestSuccess name --> addNewContactBlankName
20:57:56.598  INFO  tests.TestBase - The name of method is -->addNewContactMinimumCharAfterAtEmail
20:57:56.598  INFO  manager.ListenerWD - Before find elements --> By.xpath: //button[text()='Sign Out']
20:57:56.605  INFO  manager.ListenerWD - After find elements --> By.xpath: //button[text()='Sign Out']
20:57:56.605  INFO  manager.ListenerWD - List size is --> 1
20:57:56.605  INFO  manager.ListenerTNG - onTestStart name --> addNewContactMinimumCharAfterAtEmail
20:57:56.606  INFO  tests.TestBase - Test started with email: alinaw1058@
20:57:56.606  INFO  manager.ListenerWD - Before find element --> By.xpath: //a[@href='/add']
20:57:56.613  INFO  manager.ListenerWD - After find element --> By.xpath: //a[@href='/add']
20:57:56.637  INFO  manager.ListenerWD - Before find element --> By.cssSelector: input[placeholder='Name']
20:57:56.644  INFO  manager.ListenerWD - After find element --> By.cssSelector: input[placeholder='Name']
20:57:56.700  INFO  manager.ListenerWD - Before find element --> By.cssSelector: input[placeholder='Last Name']
20:57:56.707  INFO  manager.ListenerWD - After find element --> By.cssSelector: input[placeholder='Last Name']
20:57:56.763  INFO  manager.ListenerWD - Before find element --> By.cssSelector: input[placeholder='Phone']
20:57:56.770  INFO  manager.ListenerWD - After find element --> By.cssSelector: input[placeholder='Phone']
20:57:56.831  INFO  manager.ListenerWD - Before find element --> By.cssSelector: input[placeholder='email']
20:57:56.838  INFO  manager.ListenerWD - After find element --> By.cssSelector: input[placeholder='email']
20:57:56.895  INFO  manager.ListenerWD - Before find element --> By.cssSelector: input[placeholder='Address']
20:57:56.903  INFO  manager.ListenerWD - After find element --> By.cssSelector: input[placeholder='Address']
20:57:56.964  INFO  manager.ListenerWD - Before find element --> By.cssSelector: input[placeholder='description']
20:57:56.973  INFO  manager.ListenerWD - After find element --> By.cssSelector: input[placeholder='description']
20:57:57.032  INFO  manager.ListenerWD - Before find element --> By.xpath: //b[text()='Save']
20:57:57.040  INFO  manager.ListenerWD - After find element --> By.xpath: //b[text()='Save']
20:57:57.066  INFO  manager.ListenerWD - Test ends with error
20:57:57.066  INFO  manager.ListenerWD - ===================================
20:57:57.066  INFO  manager.ListenerWD - Method name--> alert
20:57:57.066  INFO  manager.ListenerWD - ===================================
20:57:57.066  INFO  manager.ListenerWD - InvocationTargetException cause--> org.openqa.selenium.NoAlertPresentException: no such alert
  (Session info: chrome=109.0.5414.120)
Build info: version: '4.7.1', revision: 'c6795baf1a3'
System info: os.name: 'Windows 10', os.arch: 'amd64', os.version: '10.0', java.version: '11.0.17'
Driver info: org.openqa.selenium.chrome.ChromeDriver
Command: [53aa68302cbc7287d67d63d6efb48623, getAlertText {}]
Capabilities {acceptInsecureCerts: false, browserName: chrome, browserVersion: 109.0.5414.120, chrome: {chromedriverVersion: 109.0.5414.74 (e7c5703604da..., userDataDir: C:\Users\User\AppData\Local...}, goog:chromeOptions: {debuggerAddress: localhost:57448}, networkConnectionEnabled: false, pageLoadStrategy: normal, platformName: WINDOWS, proxy: Proxy(), se:cdp: ws://localhost:57448/devtoo..., se:cdpVersion: 109.0.5414.120, setWindowRect: true, strictFileInteractability: false, timeouts: {implicit: 0, pageLoad: 300000, script: 30000}, unhandledPromptBehavior: dismiss and notify, webauthn:extension:credBlob: true, webauthn:extension:largeBlob: true, webauthn:virtualAuthenticators: true}
Session ID: 53aa68302cbc7287d67d63d6efb48623
20:57:57.066  INFO  manager.ListenerWD - ===================================
20:57:57.066  INFO  manager.ListenerWD - Object target --> org.openqa.selenium.remote.RemoteWebDriver$RemoteTargetLocator@1edf71d9
20:57:57.066  INFO  manager.ListenerWD - ===================================
Email not valid: должно иметь формат адреса электронной почты
20:57:57.579  INFO  tests.TestBase - Test passed with success
20:57:57.580  INFO  manager.ListenerTNG - onTestSuccess name --> addNewContactMinimumCharAfterAtEmail
20:57:57.580  INFO  tests.TestBase - The name of method is -->addNewContactMinimumCharBeforeAtEmail
20:57:57.580  INFO  manager.ListenerWD - Before find elements --> By.xpath: //button[text()='Sign Out']
20:57:57.587  INFO  manager.ListenerWD - After find elements --> By.xpath: //button[text()='Sign Out']
20:57:57.587  INFO  manager.ListenerWD - List size is --> 1
20:57:57.588  INFO  manager.ListenerTNG - onTestStart name --> addNewContactMinimumCharBeforeAtEmail
20:57:57.588  INFO  tests.TestBase - Test started with email: @gmail.com
20:57:57.588  INFO  manager.ListenerWD - Before find element --> By.xpath: //a[@href='/add']
20:57:57.595  INFO  manager.ListenerWD - After find element --> By.xpath: //a[@href='/add']
20:57:57.619  INFO  manager.ListenerWD - Before find element --> By.cssSelector: input[placeholder='Name']
20:57:57.627  INFO  manager.ListenerWD - After find element --> By.cssSelector: input[placeholder='Name']
20:57:57.682  INFO  manager.ListenerWD - Before find element --> By.cssSelector: input[placeholder='Last Name']
20:57:57.689  INFO  manager.ListenerWD - After find element --> By.cssSelector: input[placeholder='Last Name']
20:57:57.743  INFO  manager.ListenerWD - Before find element --> By.cssSelector: input[placeholder='Phone']
20:57:57.751  INFO  manager.ListenerWD - After find element --> By.cssSelector: input[placeholder='Phone']
20:57:57.807  INFO  manager.ListenerWD - Before find element --> By.cssSelector: input[placeholder='email']
20:57:57.814  INFO  manager.ListenerWD - After find element --> By.cssSelector: input[placeholder='email']
20:57:57.869  INFO  manager.ListenerWD - Before find element --> By.cssSelector: input[placeholder='Address']
20:57:57.877  INFO  manager.ListenerWD - After find element --> By.cssSelector: input[placeholder='Address']
20:57:57.933  INFO  manager.ListenerWD - Before find element --> By.cssSelector: input[placeholder='description']
20:57:57.940  INFO  manager.ListenerWD - After find element --> By.cssSelector: input[placeholder='description']
20:57:57.999  INFO  manager.ListenerWD - Before find element --> By.xpath: //b[text()='Save']
20:57:58.007  INFO  manager.ListenerWD - After find element --> By.xpath: //b[text()='Save']
20:57:58.031  INFO  manager.ListenerWD - Test ends with error
20:57:58.032  INFO  manager.ListenerWD - ===================================
20:57:58.032  INFO  manager.ListenerWD - Method name--> alert
20:57:58.032  INFO  manager.ListenerWD - ===================================
20:57:58.032  INFO  manager.ListenerWD - InvocationTargetException cause--> org.openqa.selenium.NoAlertPresentException: no such alert
  (Session info: chrome=109.0.5414.120)
Build info: version: '4.7.1', revision: 'c6795baf1a3'
System info: os.name: 'Windows 10', os.arch: 'amd64', os.version: '10.0', java.version: '11.0.17'
Driver info: org.openqa.selenium.chrome.ChromeDriver
Command: [53aa68302cbc7287d67d63d6efb48623, getAlertText {}]
Capabilities {acceptInsecureCerts: false, browserName: chrome, browserVersion: 109.0.5414.120, chrome: {chromedriverVersion: 109.0.5414.74 (e7c5703604da..., userDataDir: C:\Users\User\AppData\Local...}, goog:chromeOptions: {debuggerAddress: localhost:57448}, networkConnectionEnabled: false, pageLoadStrategy: normal, platformName: WINDOWS, proxy: Proxy(), se:cdp: ws://localhost:57448/devtoo..., se:cdpVersion: 109.0.5414.120, setWindowRect: true, strictFileInteractability: false, timeouts: {implicit: 0, pageLoad: 300000, script: 30000}, unhandledPromptBehavior: dismiss and notify, webauthn:extension:credBlob: true, webauthn:extension:largeBlob: true, webauthn:virtualAuthenticators: true}
Session ID: 53aa68302cbc7287d67d63d6efb48623
20:57:58.032  INFO  manager.ListenerWD - ===================================
20:57:58.032  INFO  manager.ListenerWD - Object target --> org.openqa.selenium.remote.RemoteWebDriver$RemoteTargetLocator@13dc6649
20:57:58.032  INFO  manager.ListenerWD - ===================================
Email not valid: должно иметь формат адреса электронной почты
20:57:58.545  INFO  tests.TestBase - Test passed with success
20:57:58.545  INFO  manager.ListenerTNG - onTestSuccess name --> addNewContactMinimumCharBeforeAtEmail
20:57:58.545  INFO  tests.TestBase - The name of method is -->addNewContactNullLastName
20:57:58.545  INFO  manager.ListenerWD - Before find elements --> By.xpath: //button[text()='Sign Out']
20:57:58.553  INFO  manager.ListenerWD - After find elements --> By.xpath: //button[text()='Sign Out']
20:57:58.553  INFO  manager.ListenerWD - List size is --> 1
20:57:58.554  INFO  manager.ListenerTNG - onTestStart name --> addNewContactNullLastName
20:57:58.554  INFO  tests.TestBase - Test started with last name: 
20:57:58.554  INFO  manager.ListenerWD - Before find element --> By.xpath: //a[@href='/add']
20:57:58.561  INFO  manager.ListenerWD - After find element --> By.xpath: //a[@href='/add']
20:57:58.585  INFO  manager.ListenerWD - Before find element --> By.cssSelector: input[placeholder='Name']
20:57:58.593  INFO  manager.ListenerWD - After find element --> By.cssSelector: input[placeholder='Name']
20:57:58.647  INFO  manager.ListenerWD - Before find element --> By.cssSelector: input[placeholder='Last Name']
20:57:58.655  INFO  manager.ListenerWD - After find element --> By.cssSelector: input[placeholder='Last Name']
20:57:58.705  INFO  manager.ListenerWD - Before find element --> By.cssSelector: input[placeholder='Phone']
20:57:58.713  INFO  manager.ListenerWD - After find element --> By.cssSelector: input[placeholder='Phone']
20:57:58.771  INFO  manager.ListenerWD - Before find element --> By.cssSelector: input[placeholder='email']
20:57:58.780  INFO  manager.ListenerWD - After find element --> By.cssSelector: input[placeholder='email']
20:57:58.839  INFO  manager.ListenerWD - Before find element --> By.cssSelector: input[placeholder='Address']
20:57:58.846  INFO  manager.ListenerWD - After find element --> By.cssSelector: input[placeholder='Address']
20:57:58.902  INFO  manager.ListenerWD - Before find element --> By.cssSelector: input[placeholder='description']
20:57:58.909  INFO  manager.ListenerWD - After find element --> By.cssSelector: input[placeholder='description']
20:57:58.965  INFO  manager.ListenerWD - Before find element --> By.xpath: //b[text()='Save']
20:57:58.973  INFO  manager.ListenerWD - After find element --> By.xpath: //b[text()='Save']
20:57:58.994  INFO  manager.ListenerWD - Before find elements --> By.cssSelector: a[href='/add'][class='active']
20:57:59.002  INFO  manager.ListenerWD - After find elements --> By.cssSelector: a[href='/add'][class='active']
20:57:59.002  INFO  manager.ListenerWD - List size is --> 1
20:57:59.002  INFO  tests.TestBase - Test passed with success
20:57:59.002  INFO  manager.ListenerTNG - onTestSuccess name --> addNewContactNullLastName
20:57:59.002  INFO  tests.TestBase - The name of method is -->addNewContactNullName
20:57:59.003  INFO  manager.ListenerWD - Before find elements --> By.xpath: //button[text()='Sign Out']
20:57:59.010  INFO  manager.ListenerWD - After find elements --> By.xpath: //button[text()='Sign Out']
20:57:59.010  INFO  manager.ListenerWD - List size is --> 1
20:57:59.010  INFO  manager.ListenerTNG - onTestStart name --> addNewContactNullName
20:57:59.011  INFO  tests.TestBase - Test started with name: 
20:57:59.011  INFO  manager.ListenerWD - Before find element --> By.xpath: //a[@href='/add']
20:57:59.018  INFO  manager.ListenerWD - After find element --> By.xpath: //a[@href='/add']
20:57:59.044  INFO  manager.ListenerWD - Before find element --> By.cssSelector: input[placeholder='Name']
20:57:59.052  INFO  manager.ListenerWD - After find element --> By.cssSelector: input[placeholder='Name']
20:57:59.102  INFO  manager.ListenerWD - Before find element --> By.cssSelector: input[placeholder='Last Name']
20:57:59.109  INFO  manager.ListenerWD - After find element --> By.cssSelector: input[placeholder='Last Name']
20:57:59.161  INFO  manager.ListenerWD - Before find element --> By.cssSelector: input[placeholder='Phone']
20:57:59.168  INFO  manager.ListenerWD - After find element --> By.cssSelector: input[placeholder='Phone']
20:57:59.206  INFO  manager.ListenerWD - Test ends with error
20:57:59.206  INFO  manager.ListenerWD - ===================================
20:57:59.206  INFO  manager.ListenerWD - Method name--> clear
20:57:59.206  INFO  manager.ListenerWD - ===================================
20:57:59.207  INFO  manager.ListenerWD - InvocationTargetException cause--> org.openqa.selenium.StaleElementReferenceException: stale element reference: element is not attached to the page document
  (Session info: chrome=109.0.5414.120)
For documentation on this error, please visit: https://selenium.dev/exceptions/#stale_element_reference
Build info: version: '4.7.1', revision: 'c6795baf1a3'
System info: os.name: 'Windows 10', os.arch: 'amd64', os.version: '10.0', java.version: '11.0.17'
Driver info: org.openqa.selenium.chrome.ChromeDriver
Command: [53aa68302cbc7287d67d63d6efb48623, clearElement {id=b2cfddae-5ca4-4866-ab62-40fbb30ef8a8}]
Capabilities {acceptInsecureCerts: false, browserName: chrome, browserVersion: 109.0.5414.120, chrome: {chromedriverVersion: 109.0.5414.74 (e7c5703604da..., userDataDir: C:\Users\User\AppData\Local...}, goog:chromeOptions: {debuggerAddress: localhost:57448}, networkConnectionEnabled: false, pageLoadStrategy: normal, platformName: WINDOWS, proxy: Proxy(), se:cdp: ws://localhost:57448/devtoo..., se:cdpVersion: 109.0.5414.120, setWindowRect: true, strictFileInteractability: false, timeouts: {implicit: 0, pageLoad: 300000, script: 30000}, unhandledPromptBehavior: dismiss and notify, webauthn:extension:credBlob: true, webauthn:extension:largeBlob: true, webauthn:virtualAuthenticators: true}
Element: [[ChromeDriver: chrome on WINDOWS (53aa68302cbc7287d67d63d6efb48623)] -> css selector: input[placeholder='Phone']]
Session ID: 53aa68302cbc7287d67d63d6efb48623
20:57:59.207  INFO  manager.ListenerWD - ===================================
20:57:59.207  INFO  manager.ListenerWD - Object target --> [[ChromeDriver: chrome on WINDOWS (53aa68302cbc7287d67d63d6efb48623)] -> css selector: input[placeholder='Phone']]
20:57:59.207  INFO  manager.ListenerWD - ===================================
20:57:59.208  INFO  manager.ListenerTNG - onTestFailure name --> addNewContactNullName
20:57:59.208  INFO  tests.TestBase - The name of method is -->addNewContactPhoneBlank
20:57:59.209  INFO  manager.ListenerWD - Before find elements --> By.xpath: //button[text()='Sign Out']
20:57:59.217  INFO  manager.ListenerWD - After find elements --> By.xpath: //button[text()='Sign Out']
20:57:59.217  INFO  manager.ListenerWD - List size is --> 1
20:57:59.217  INFO  manager.ListenerTNG - onTestStart name --> addNewContactPhoneBlank
20:57:59.217  INFO  tests.TestBase - Test started with phone:  
20:57:59.217  INFO  manager.ListenerWD - Before find element --> By.xpath: //a[@href='/add']
20:57:59.226  INFO  manager.ListenerWD - After find element --> By.xpath: //a[@href='/add']
20:57:59.254  INFO  manager.ListenerWD - Before find element --> By.cssSelector: input[placeholder='Name']
20:57:59.264  INFO  manager.ListenerWD - After find element --> By.cssSelector: input[placeholder='Name']
20:57:59.335  INFO  manager.ListenerWD - Before find element --> By.cssSelector: input[placeholder='Last Name']
20:57:59.343  INFO  manager.ListenerWD - After find element --> By.cssSelector: input[placeholder='Last Name']
20:57:59.406  INFO  manager.ListenerWD - Before find element --> By.cssSelector: input[placeholder='Phone']
20:57:59.413  INFO  manager.ListenerWD - After find element --> By.cssSelector: input[placeholder='Phone']
20:57:59.477  INFO  manager.ListenerWD - Before find element --> By.cssSelector: input[placeholder='email']
20:57:59.484  INFO  manager.ListenerWD - After find element --> By.cssSelector: input[placeholder='email']
20:57:59.565  INFO  manager.ListenerWD - Before find element --> By.cssSelector: input[placeholder='Address']
20:57:59.572  INFO  manager.ListenerWD - After find element --> By.cssSelector: input[placeholder='Address']
20:57:59.634  INFO  manager.ListenerWD - Before find element --> By.cssSelector: input[placeholder='description']
20:57:59.640  INFO  manager.ListenerWD - After find element --> By.cssSelector: input[placeholder='description']
20:57:59.712  INFO  manager.ListenerWD - Before find element --> By.xpath: //b[text()='Save']
20:57:59.719  INFO  manager.ListenerWD - After find element --> By.xpath: //b[text()='Save']
20:57:59.756  INFO  manager.ListenerWD - Test ends with error
20:57:59.756  INFO  manager.ListenerWD - ===================================
20:57:59.756  INFO  manager.ListenerWD - Method name--> alert
20:57:59.756  INFO  manager.ListenerWD - ===================================
20:57:59.756  INFO  manager.ListenerWD - InvocationTargetException cause--> org.openqa.selenium.NoAlertPresentException: no such alert
  (Session info: chrome=109.0.5414.120)
Build info: version: '4.7.1', revision: 'c6795baf1a3'
System info: os.name: 'Windows 10', os.arch: 'amd64', os.version: '10.0', java.version: '11.0.17'
Driver info: org.openqa.selenium.chrome.ChromeDriver
Command: [53aa68302cbc7287d67d63d6efb48623, getAlertText {}]
Capabilities {acceptInsecureCerts: false, browserName: chrome, browserVersion: 109.0.5414.120, chrome: {chromedriverVersion: 109.0.5414.74 (e7c5703604da..., userDataDir: C:\Users\User\AppData\Local...}, goog:chromeOptions: {debuggerAddress: localhost:57448}, networkConnectionEnabled: false, pageLoadStrategy: normal, platformName: WINDOWS, proxy: Proxy(), se:cdp: ws://localhost:57448/devtoo..., se:cdpVersion: 109.0.5414.120, setWindowRect: true, strictFileInteractability: false, timeouts: {implicit: 0, pageLoad: 300000, script: 30000}, unhandledPromptBehavior: dismiss and notify, webauthn:extension:credBlob: true, webauthn:extension:largeBlob: true, webauthn:virtualAuthenticators: true}
Session ID: 53aa68302cbc7287d67d63d6efb48623
20:57:59.756  INFO  manager.ListenerWD - ===================================
20:57:59.756  INFO  manager.ListenerWD - Object target --> org.openqa.selenium.remote.RemoteWebDriver$RemoteTargetLocator@6c75e3bc
20:57:59.756  INFO  manager.ListenerWD - ===================================
 Phone not valid: Phone number must contain only digits! And length min 10, max 15!
20:58:00.268  INFO  manager.ListenerWD - Before find elements --> By.cssSelector: a[href='/add'][class='active']
20:58:00.275  INFO  manager.ListenerWD - After find elements --> By.cssSelector: a[href='/add'][class='active']
20:58:00.275  INFO  manager.ListenerWD - List size is --> 1
20:58:00.275  INFO  tests.TestBase - Test passed with success
20:58:00.275  INFO  manager.ListenerTNG - onTestSuccess name --> addNewContactPhoneBlank
20:58:00.276  INFO  tests.TestBase - The name of method is -->addNewContactPhoneMaximumNumbers
20:58:00.276  INFO  manager.ListenerWD - Before find elements --> By.xpath: //button[text()='Sign Out']
20:58:00.284  INFO  manager.ListenerWD - After find elements --> By.xpath: //button[text()='Sign Out']
20:58:00.284  INFO  manager.ListenerWD - List size is --> 1
20:58:00.284  INFO  manager.ListenerTNG - onTestStart name --> addNewContactPhoneMaximumNumbers
20:58:00.284  INFO  tests.TestBase - Test started with phone: 08655555555555555555555
20:58:00.284  INFO  manager.ListenerWD - Before find element --> By.xpath: //a[@href='/add']
20:58:00.291  INFO  manager.ListenerWD - After find element --> By.xpath: //a[@href='/add']
20:58:00.316  INFO  manager.ListenerWD - Before find element --> By.cssSelector: input[placeholder='Name']
20:58:00.324  INFO  manager.ListenerWD - After find element --> By.cssSelector: input[placeholder='Name']
20:58:00.386  INFO  manager.ListenerWD - Before find element --> By.cssSelector: input[placeholder='Last Name']
20:58:00.393  INFO  manager.ListenerWD - After find element --> By.cssSelector: input[placeholder='Last Name']
20:58:00.450  INFO  manager.ListenerWD - Before find element --> By.cssSelector: input[placeholder='Phone']
20:58:00.457  INFO  manager.ListenerWD - After find element --> By.cssSelector: input[placeholder='Phone']
20:58:00.519  INFO  manager.ListenerWD - Before find element --> By.cssSelector: input[placeholder='email']
20:58:00.526  INFO  manager.ListenerWD - After find element --> By.cssSelector: input[placeholder='email']
20:58:00.586  INFO  manager.ListenerWD - Before find element --> By.cssSelector: input[placeholder='Address']
20:58:00.593  INFO  manager.ListenerWD - After find element --> By.cssSelector: input[placeholder='Address']
20:58:00.643  INFO  manager.ListenerWD - Before find element --> By.cssSelector: input[placeholder='description']
20:58:00.650  INFO  manager.ListenerWD - After find element --> By.cssSelector: input[placeholder='description']
20:58:00.712  INFO  manager.ListenerWD - Before find element --> By.xpath: //b[text()='Save']
20:58:00.719  INFO  manager.ListenerWD - After find element --> By.xpath: //b[text()='Save']
20:58:00.744  INFO  manager.ListenerWD - Test ends with error
20:58:00.744  INFO  manager.ListenerWD - ===================================
20:58:00.744  INFO  manager.ListenerWD - Method name--> alert
20:58:00.744  INFO  manager.ListenerWD - ===================================
20:58:00.744  INFO  manager.ListenerWD - InvocationTargetException cause--> org.openqa.selenium.NoAlertPresentException: no such alert
  (Session info: chrome=109.0.5414.120)
Build info: version: '4.7.1', revision: 'c6795baf1a3'
System info: os.name: 'Windows 10', os.arch: 'amd64', os.version: '10.0', java.version: '11.0.17'
Driver info: org.openqa.selenium.chrome.ChromeDriver
Command: [53aa68302cbc7287d67d63d6efb48623, getAlertText {}]
Capabilities {acceptInsecureCerts: false, browserName: chrome, browserVersion: 109.0.5414.120, chrome: {chromedriverVersion: 109.0.5414.74 (e7c5703604da..., userDataDir: C:\Users\User\AppData\Local...}, goog:chromeOptions: {debuggerAddress: localhost:57448}, networkConnectionEnabled: false, pageLoadStrategy: normal, platformName: WINDOWS, proxy: Proxy(), se:cdp: ws://localhost:57448/devtoo..., se:cdpVersion: 109.0.5414.120, setWindowRect: true, strictFileInteractability: false, timeouts: {implicit: 0, pageLoad: 300000, script: 30000}, unhandledPromptBehavior: dismiss and notify, webauthn:extension:credBlob: true, webauthn:extension:largeBlob: true, webauthn:virtualAuthenticators: true}
Session ID: 53aa68302cbc7287d67d63d6efb48623
20:58:00.744  INFO  manager.ListenerWD - ===================================
20:58:00.744  INFO  manager.ListenerWD - Object target --> org.openqa.selenium.remote.RemoteWebDriver$RemoteTargetLocator@be1c08a
20:58:00.744  INFO  manager.ListenerWD - ===================================
 Phone not valid: Phone number must contain only digits! And length min 10, max 15!
20:58:01.255  INFO  manager.ListenerWD - Before find elements --> By.cssSelector: a[href='/add'][class='active']
20:58:01.262  INFO  manager.ListenerWD - After find elements --> By.cssSelector: a[href='/add'][class='active']
20:58:01.262  INFO  manager.ListenerWD - List size is --> 1
20:58:01.262  INFO  tests.TestBase - Test passed with success
20:58:01.262  INFO  manager.ListenerTNG - onTestSuccess name --> addNewContactPhoneMaximumNumbers
20:58:01.263  INFO  tests.TestBase - The name of method is -->addNewContactPhoneMinimumNumbers
20:58:01.263  INFO  manager.ListenerWD - Before find elements --> By.xpath: //button[text()='Sign Out']
20:58:01.269  INFO  manager.ListenerWD - After find elements --> By.xpath: //button[text()='Sign Out']
20:58:01.270  INFO  manager.ListenerWD - List size is --> 1
20:58:01.270  INFO  manager.ListenerTNG - onTestStart name --> addNewContactPhoneMinimumNumbers
20:58:01.270  INFO  tests.TestBase - Test started with phone: 086555
20:58:01.270  INFO  manager.ListenerWD - Before find element --> By.xpath: //a[@href='/add']
20:58:01.278  INFO  manager.ListenerWD - After find element --> By.xpath: //a[@href='/add']
20:58:01.300  INFO  manager.ListenerWD - Before find element --> By.cssSelector: input[placeholder='Name']
20:58:01.306  INFO  manager.ListenerWD - After find element --> By.cssSelector: input[placeholder='Name']
20:58:01.360  INFO  manager.ListenerWD - Before find element --> By.cssSelector: input[placeholder='Last Name']
20:58:01.368  INFO  manager.ListenerWD - After find element --> By.cssSelector: input[placeholder='Last Name']
20:58:01.420  INFO  manager.ListenerWD - Before find element --> By.cssSelector: input[placeholder='Phone']
20:58:01.427  INFO  manager.ListenerWD - After find element --> By.cssSelector: input[placeholder='Phone']
20:58:01.478  INFO  manager.ListenerWD - Before find element --> By.cssSelector: input[placeholder='email']
20:58:01.485  INFO  manager.ListenerWD - After find element --> By.cssSelector: input[placeholder='email']
20:58:01.542  INFO  manager.ListenerWD - Before find element --> By.cssSelector: input[placeholder='Address']
20:58:01.550  INFO  manager.ListenerWD - After find element --> By.cssSelector: input[placeholder='Address']
20:58:01.605  INFO  manager.ListenerWD - Before find element --> By.cssSelector: input[placeholder='description']
20:58:01.612  INFO  manager.ListenerWD - After find element --> By.cssSelector: input[placeholder='description']
20:58:01.666  INFO  manager.ListenerWD - Before find element --> By.xpath: //b[text()='Save']
20:58:01.674  INFO  manager.ListenerWD - After find element --> By.xpath: //b[text()='Save']
20:58:01.698  INFO  manager.ListenerWD - Test ends with error
20:58:01.698  INFO  manager.ListenerWD - ===================================
20:58:01.698  INFO  manager.ListenerWD - Method name--> alert
20:58:01.698  INFO  manager.ListenerWD - ===================================
20:58:01.699  INFO  manager.ListenerWD - InvocationTargetException cause--> org.openqa.selenium.NoAlertPresentException: no such alert
  (Session info: chrome=109.0.5414.120)
Build info: version: '4.7.1', revision: 'c6795baf1a3'
System info: os.name: 'Windows 10', os.arch: 'amd64', os.version: '10.0', java.version: '11.0.17'
Driver info: org.openqa.selenium.chrome.ChromeDriver
Command: [53aa68302cbc7287d67d63d6efb48623, getAlertText {}]
Capabilities {acceptInsecureCerts: false, browserName: chrome, browserVersion: 109.0.5414.120, chrome: {chromedriverVersion: 109.0.5414.74 (e7c5703604da..., userDataDir: C:\Users\User\AppData\Local...}, goog:chromeOptions: {debuggerAddress: localhost:57448}, networkConnectionEnabled: false, pageLoadStrategy: normal, platformName: WINDOWS, proxy: Proxy(), se:cdp: ws://localhost:57448/devtoo..., se:cdpVersion: 109.0.5414.120, setWindowRect: true, strictFileInteractability: false, timeouts: {implicit: 0, pageLoad: 300000, script: 30000}, unhandledPromptBehavior: dismiss and notify, webauthn:extension:credBlob: true, webauthn:extension:largeBlob: true, webauthn:virtualAuthenticators: true}
Session ID: 53aa68302cbc7287d67d63d6efb48623
20:58:01.699  INFO  manager.ListenerWD - ===================================
20:58:01.699  INFO  manager.ListenerWD - Object target --> org.openqa.selenium.remote.RemoteWebDriver$RemoteTargetLocator@3dbbed3e
20:58:01.699  INFO  manager.ListenerWD - ===================================
 Phone not valid: Phone number must contain only digits! And length min 10, max 15!
20:58:02.209  INFO  manager.ListenerWD - Before find elements --> By.cssSelector: a[href='/add'][class='active']
20:58:02.216  INFO  manager.ListenerWD - After find elements --> By.cssSelector: a[href='/add'][class='active']
20:58:02.216  INFO  manager.ListenerWD - List size is --> 1
20:58:02.216  INFO  tests.TestBase - Test passed with success
20:58:02.216  INFO  manager.ListenerTNG - onTestSuccess name --> addNewContactPhoneMinimumNumbers
20:58:02.216  INFO  tests.TestBase - The name of method is -->addNewContactPhoneNotNumbers
20:58:02.216  INFO  manager.ListenerWD - Before find elements --> By.xpath: //button[text()='Sign Out']
20:58:02.223  INFO  manager.ListenerWD - After find elements --> By.xpath: //button[text()='Sign Out']
20:58:02.223  INFO  manager.ListenerWD - List size is --> 1
20:58:02.223  INFO  manager.ListenerTNG - onTestStart name --> addNewContactPhoneNotNumbers
20:58:02.224  INFO  tests.TestBase - Test started with phone: 086oooooooooo
20:58:02.224  INFO  manager.ListenerWD - Before find element --> By.xpath: //a[@href='/add']
20:58:02.231  INFO  manager.ListenerWD - After find element --> By.xpath: //a[@href='/add']
20:58:02.253  INFO  manager.ListenerWD - Before find element --> By.cssSelector: input[placeholder='Name']
20:58:02.260  INFO  manager.ListenerWD - After find element --> By.cssSelector: input[placeholder='Name']
20:58:02.315  INFO  manager.ListenerWD - Before find element --> By.cssSelector: input[placeholder='Last Name']
20:58:02.321  INFO  manager.ListenerWD - After find element --> By.cssSelector: input[placeholder='Last Name']
20:58:02.372  INFO  manager.ListenerWD - Before find element --> By.cssSelector: input[placeholder='Phone']
20:58:02.378  INFO  manager.ListenerWD - After find element --> By.cssSelector: input[placeholder='Phone']
20:58:02.430  INFO  manager.ListenerWD - Before find element --> By.cssSelector: input[placeholder='email']
20:58:02.437  INFO  manager.ListenerWD - After find element --> By.cssSelector: input[placeholder='email']
20:58:02.492  INFO  manager.ListenerWD - Before find element --> By.cssSelector: input[placeholder='Address']
20:58:02.498  INFO  manager.ListenerWD - After find element --> By.cssSelector: input[placeholder='Address']
20:58:02.548  INFO  manager.ListenerWD - Before find element --> By.cssSelector: input[placeholder='description']
20:58:02.554  INFO  manager.ListenerWD - After find element --> By.cssSelector: input[placeholder='description']
20:58:02.607  INFO  manager.ListenerWD - Before find element --> By.xpath: //b[text()='Save']
20:58:02.613  INFO  manager.ListenerWD - After find element --> By.xpath: //b[text()='Save']
20:58:02.637  INFO  manager.ListenerWD - Test ends with error
20:58:02.637  INFO  manager.ListenerWD - ===================================
20:58:02.637  INFO  manager.ListenerWD - Method name--> alert
20:58:02.637  INFO  manager.ListenerWD - ===================================
20:58:02.637  INFO  manager.ListenerWD - InvocationTargetException cause--> org.openqa.selenium.NoAlertPresentException: no such alert
  (Session info: chrome=109.0.5414.120)
Build info: version: '4.7.1', revision: 'c6795baf1a3'
System info: os.name: 'Windows 10', os.arch: 'amd64', os.version: '10.0', java.version: '11.0.17'
Driver info: org.openqa.selenium.chrome.ChromeDriver
Command: [53aa68302cbc7287d67d63d6efb48623, getAlertText {}]
Capabilities {acceptInsecureCerts: false, browserName: chrome, browserVersion: 109.0.5414.120, chrome: {chromedriverVersion: 109.0.5414.74 (e7c5703604da..., userDataDir: C:\Users\User\AppData\Local...}, goog:chromeOptions: {debuggerAddress: localhost:57448}, networkConnectionEnabled: false, pageLoadStrategy: normal, platformName: WINDOWS, proxy: Proxy(), se:cdp: ws://localhost:57448/devtoo..., se:cdpVersion: 109.0.5414.120, setWindowRect: true, strictFileInteractability: false, timeouts: {implicit: 0, pageLoad: 300000, script: 30000}, unhandledPromptBehavior: dismiss and notify, webauthn:extension:credBlob: true, webauthn:extension:largeBlob: true, webauthn:virtualAuthenticators: true}
Session ID: 53aa68302cbc7287d67d63d6efb48623
20:58:02.637  INFO  manager.ListenerWD - ===================================
20:58:02.637  INFO  manager.ListenerWD - Object target --> org.openqa.selenium.remote.RemoteWebDriver$RemoteTargetLocator@21c5c68a
20:58:02.637  INFO  manager.ListenerWD - ===================================
 Phone not valid: Phone number must contain only digits! And length min 10, max 15!
20:58:03.146  INFO  manager.ListenerWD - Before find elements --> By.cssSelector: a[href='/add'][class='active']
20:58:03.153  INFO  manager.ListenerWD - After find elements --> By.cssSelector: a[href='/add'][class='active']
20:58:03.153  INFO  manager.ListenerWD - List size is --> 1
20:58:03.153  INFO  tests.TestBase - Test passed with success
20:58:03.154  INFO  manager.ListenerTNG - onTestSuccess name --> addNewContactPhoneNotNumbers
20:58:03.154  INFO  tests.TestBase - The name of method is -->addNewContactPhoneNull
20:58:03.154  INFO  manager.ListenerWD - Before find elements --> By.xpath: //button[text()='Sign Out']
20:58:03.161  INFO  manager.ListenerWD - After find elements --> By.xpath: //button[text()='Sign Out']
20:58:03.161  INFO  manager.ListenerWD - List size is --> 1
20:58:03.161  INFO  manager.ListenerTNG - onTestStart name --> addNewContactPhoneNull
20:58:03.161  INFO  tests.TestBase - Test started with phone: 
20:58:03.161  INFO  manager.ListenerWD - Before find element --> By.xpath: //a[@href='/add']
20:58:03.168  INFO  manager.ListenerWD - After find element --> By.xpath: //a[@href='/add']
20:58:03.191  INFO  manager.ListenerWD - Before find element --> By.cssSelector: input[placeholder='Name']
20:58:03.197  INFO  manager.ListenerWD - After find element --> By.cssSelector: input[placeholder='Name']
20:58:03.256  INFO  manager.ListenerWD - Before find element --> By.cssSelector: input[placeholder='Last Name']
20:58:03.265  INFO  manager.ListenerWD - After find element --> By.cssSelector: input[placeholder='Last Name']
20:58:03.317  INFO  manager.ListenerWD - Before find element --> By.cssSelector: input[placeholder='Phone']
20:58:03.324  INFO  manager.ListenerWD - After find element --> By.cssSelector: input[placeholder='Phone']
20:58:03.373  INFO  manager.ListenerWD - Before find element --> By.cssSelector: input[placeholder='email']
20:58:03.381  INFO  manager.ListenerWD - After find element --> By.cssSelector: input[placeholder='email']
20:58:03.437  INFO  manager.ListenerWD - Before find element --> By.cssSelector: input[placeholder='Address']
20:58:03.444  INFO  manager.ListenerWD - After find element --> By.cssSelector: input[placeholder='Address']
20:58:03.493  INFO  manager.ListenerWD - Before find element --> By.cssSelector: input[placeholder='description']
20:58:03.500  INFO  manager.ListenerWD - After find element --> By.cssSelector: input[placeholder='description']
20:58:03.555  INFO  manager.ListenerWD - Before find element --> By.xpath: //b[text()='Save']
20:58:03.563  INFO  manager.ListenerWD - After find element --> By.xpath: //b[text()='Save']
20:58:03.587  INFO  manager.ListenerWD - Test ends with error
20:58:03.587  INFO  manager.ListenerWD - ===================================
20:58:03.587  INFO  manager.ListenerWD - Method name--> alert
20:58:03.587  INFO  manager.ListenerWD - ===================================
20:58:03.587  INFO  manager.ListenerWD - InvocationTargetException cause--> org.openqa.selenium.NoAlertPresentException: no such alert
  (Session info: chrome=109.0.5414.120)
Build info: version: '4.7.1', revision: 'c6795baf1a3'
System info: os.name: 'Windows 10', os.arch: 'amd64', os.version: '10.0', java.version: '11.0.17'
Driver info: org.openqa.selenium.chrome.ChromeDriver
Command: [53aa68302cbc7287d67d63d6efb48623, getAlertText {}]
Capabilities {acceptInsecureCerts: false, browserName: chrome, browserVersion: 109.0.5414.120, chrome: {chromedriverVersion: 109.0.5414.74 (e7c5703604da..., userDataDir: C:\Users\User\AppData\Local...}, goog:chromeOptions: {debuggerAddress: localhost:57448}, networkConnectionEnabled: false, pageLoadStrategy: normal, platformName: WINDOWS, proxy: Proxy(), se:cdp: ws://localhost:57448/devtoo..., se:cdpVersion: 109.0.5414.120, setWindowRect: true, strictFileInteractability: false, timeouts: {implicit: 0, pageLoad: 300000, script: 30000}, unhandledPromptBehavior: dismiss and notify, webauthn:extension:credBlob: true, webauthn:extension:largeBlob: true, webauthn:virtualAuthenticators: true}
Session ID: 53aa68302cbc7287d67d63d6efb48623
20:58:03.587  INFO  manager.ListenerWD - ===================================
20:58:03.587  INFO  manager.ListenerWD - Object target --> org.openqa.selenium.remote.RemoteWebDriver$RemoteTargetLocator@30437e9c
20:58:03.587  INFO  manager.ListenerWD - ===================================
 Phone not valid: Phone number must contain only digits! And length min 10, max 15!
20:58:04.097  INFO  manager.ListenerWD - Before find elements --> By.cssSelector: a[href='/add'][class='active']
20:58:04.104  INFO  manager.ListenerWD - After find elements --> By.cssSelector: a[href='/add'][class='active']
20:58:04.104  INFO  manager.ListenerWD - List size is --> 1
20:58:04.104  INFO  tests.TestBase - Test passed with success
20:58:04.104  INFO  manager.ListenerTNG - onTestSuccess name --> addNewContactPhoneNull
20:58:04.104  INFO  tests.TestBase - The name of method is -->addNewContactPhoneSpecialChars
20:58:04.104  INFO  manager.ListenerWD - Before find elements --> By.xpath: //button[text()='Sign Out']
20:58:04.110  INFO  manager.ListenerWD - After find elements --> By.xpath: //button[text()='Sign Out']
20:58:04.110  INFO  manager.ListenerWD - List size is --> 1
20:58:04.111  INFO  manager.ListenerTNG - onTestStart name --> addNewContactPhoneSpecialChars
20:58:04.111  INFO  tests.TestBase - Test started with phone: 086$4667876
20:58:04.111  INFO  manager.ListenerWD - Before find element --> By.xpath: //a[@href='/add']
20:58:04.117  INFO  manager.ListenerWD - After find element --> By.xpath: //a[@href='/add']
20:58:04.138  INFO  manager.ListenerWD - Before find element --> By.cssSelector: input[placeholder='Name']
20:58:04.144  INFO  manager.ListenerWD - After find element --> By.cssSelector: input[placeholder='Name']
20:58:04.199  INFO  manager.ListenerWD - Before find element --> By.cssSelector: input[placeholder='Last Name']
20:58:04.206  INFO  manager.ListenerWD - After find element --> By.cssSelector: input[placeholder='Last Name']
20:58:04.260  INFO  manager.ListenerWD - Before find element --> By.cssSelector: input[placeholder='Phone']
20:58:04.267  INFO  manager.ListenerWD - After find element --> By.cssSelector: input[placeholder='Phone']
20:58:04.321  INFO  manager.ListenerWD - Before find element --> By.cssSelector: input[placeholder='email']
20:58:04.329  INFO  manager.ListenerWD - After find element --> By.cssSelector: input[placeholder='email']
20:58:04.384  INFO  manager.ListenerWD - Before find element --> By.cssSelector: input[placeholder='Address']
20:58:04.390  INFO  manager.ListenerWD - After find element --> By.cssSelector: input[placeholder='Address']
20:58:04.439  INFO  manager.ListenerWD - Before find element --> By.cssSelector: input[placeholder='description']
20:58:04.445  INFO  manager.ListenerWD - After find element --> By.cssSelector: input[placeholder='description']
20:58:04.498  INFO  manager.ListenerWD - Before find element --> By.xpath: //b[text()='Save']
20:58:04.505  INFO  manager.ListenerWD - After find element --> By.xpath: //b[text()='Save']
20:58:04.529  INFO  manager.ListenerWD - Test ends with error
20:58:04.529  INFO  manager.ListenerWD - ===================================
20:58:04.529  INFO  manager.ListenerWD - Method name--> alert
20:58:04.529  INFO  manager.ListenerWD - ===================================
20:58:04.529  INFO  manager.ListenerWD - InvocationTargetException cause--> org.openqa.selenium.NoAlertPresentException: no such alert
  (Session info: chrome=109.0.5414.120)
Build info: version: '4.7.1', revision: 'c6795baf1a3'
System info: os.name: 'Windows 10', os.arch: 'amd64', os.version: '10.0', java.version: '11.0.17'
Driver info: org.openqa.selenium.chrome.ChromeDriver
Command: [53aa68302cbc7287d67d63d6efb48623, getAlertText {}]
Capabilities {acceptInsecureCerts: false, browserName: chrome, browserVersion: 109.0.5414.120, chrome: {chromedriverVersion: 109.0.5414.74 (e7c5703604da..., userDataDir: C:\Users\User\AppData\Local...}, goog:chromeOptions: {debuggerAddress: localhost:57448}, networkConnectionEnabled: false, pageLoadStrategy: normal, platformName: WINDOWS, proxy: Proxy(), se:cdp: ws://localhost:57448/devtoo..., se:cdpVersion: 109.0.5414.120, setWindowRect: true, strictFileInteractability: false, timeouts: {implicit: 0, pageLoad: 300000, script: 30000}, unhandledPromptBehavior: dismiss and notify, webauthn:extension:credBlob: true, webauthn:extension:largeBlob: true, webauthn:virtualAuthenticators: true}
Session ID: 53aa68302cbc7287d67d63d6efb48623
20:58:04.529  INFO  manager.ListenerWD - ===================================
20:58:04.529  INFO  manager.ListenerWD - Object target --> org.openqa.selenium.remote.RemoteWebDriver$RemoteTargetLocator@346330b6
20:58:04.529  INFO  manager.ListenerWD - ===================================
 Phone not valid: Phone number must contain only digits! And length min 10, max 15!
20:58:05.040  INFO  manager.ListenerWD - Before find elements --> By.cssSelector: a[href='/add'][class='active']
20:58:05.048  INFO  manager.ListenerWD - After find elements --> By.cssSelector: a[href='/add'][class='active']
20:58:05.048  INFO  manager.ListenerWD - List size is --> 1
20:58:05.048  INFO  tests.TestBase - Test passed with success
20:58:05.049  INFO  manager.ListenerTNG - onTestSuccess name --> addNewContactPhoneSpecialChars
20:58:05.049  INFO  tests.TestBase - The name of method is -->addNewContactSuccess
20:58:05.050  INFO  manager.ListenerWD - Before find elements --> By.xpath: //button[text()='Sign Out']
20:58:05.061  INFO  manager.ListenerWD - After find elements --> By.xpath: //button[text()='Sign Out']
20:58:05.061  INFO  manager.ListenerWD - List size is --> 1
20:58:05.061  INFO  manager.ListenerTNG - onTestStart name --> addNewContactSuccess
20:58:05.079  INFO  tests.TestBase - Test started with data: Contact(name=Alina1579, lastName=White, phone=0865341579, email=alinaw1579@gmail.com, address=Kyiv, Ukraine, description=Childhood friend)
20:58:05.079  INFO  manager.ListenerWD - Before find element --> By.xpath: //a[@href='/add']
20:58:05.089  INFO  manager.ListenerWD - After find element --> By.xpath: //a[@href='/add']
20:58:05.123  INFO  manager.ListenerWD - Before find element --> By.cssSelector: input[placeholder='Name']
20:58:05.131  INFO  manager.ListenerWD - After find element --> By.cssSelector: input[placeholder='Name']
20:58:05.203  INFO  manager.ListenerWD - Before find element --> By.cssSelector: input[placeholder='Last Name']
20:58:05.212  INFO  manager.ListenerWD - After find element --> By.cssSelector: input[placeholder='Last Name']
20:58:05.290  INFO  manager.ListenerWD - Before find element --> By.cssSelector: input[placeholder='Phone']
20:58:05.298  INFO  manager.ListenerWD - After find element --> By.cssSelector: input[placeholder='Phone']
20:58:05.357  INFO  manager.ListenerWD - Before find element --> By.cssSelector: input[placeholder='email']
20:58:05.364  INFO  manager.ListenerWD - After find element --> By.cssSelector: input[placeholder='email']
20:58:05.421  INFO  manager.ListenerWD - Before find element --> By.cssSelector: input[placeholder='Address']
20:58:05.429  INFO  manager.ListenerWD - After find element --> By.cssSelector: input[placeholder='Address']
20:58:05.484  INFO  manager.ListenerWD - Before find element --> By.cssSelector: input[placeholder='description']
20:58:05.491  INFO  manager.ListenerWD - After find element --> By.cssSelector: input[placeholder='description']
20:58:05.551  INFO  manager.ListenerWD - Before find element --> By.xpath: //b[text()='Save']
20:58:05.558  INFO  manager.ListenerWD - After find element --> By.xpath: //b[text()='Save']
20:58:05.578  INFO  manager.ListenerWD - Before find elements --> By.cssSelector: h2
20:58:06.449  INFO  manager.ListenerWD - After find elements --> By.cssSelector: h2
20:58:06.449  INFO  manager.ListenerWD - List size is --> 112
20:58:07.461  INFO  manager.ListenerWD - Before find elements --> By.cssSelector: h3
20:58:07.675  INFO  manager.ListenerWD - After find elements --> By.cssSelector: h3
20:58:07.675  INFO  manager.ListenerWD - List size is --> 112
20:58:08.834  INFO  manager.ListenerWD - Before find elements --> By.cssSelector: h2
20:58:09.031  INFO  manager.ListenerWD - After find elements --> By.cssSelector: h2
20:58:09.031  INFO  manager.ListenerWD - List size is --> 112
20:58:09.623  INFO  manager.ListenerWD - Before find element --> By.xpath: //div[starts-with(@class,'contact-item-detailed_card')]
20:58:09.636  INFO  manager.ListenerWD - After find element --> By.xpath: //div[starts-with(@class,'contact-item-detailed_card')]
20:58:09.650  INFO  tests.TestBase - Test passed with success
20:58:09.650  INFO  manager.ListenerTNG - onTestSuccess name --> addNewContactSuccess
20:58:09.650  INFO  tests.TestBase - The name of method is -->addNewContactSuccessRequiredFields
20:58:09.650  INFO  manager.ListenerWD - Before find elements --> By.xpath: //button[text()='Sign Out']
20:58:09.657  INFO  manager.ListenerWD - After find elements --> By.xpath: //button[text()='Sign Out']
20:58:09.657  INFO  manager.ListenerWD - List size is --> 1
20:58:09.657  INFO  manager.ListenerTNG - onTestStart name --> addNewContactSuccessRequiredFields
20:58:09.657  INFO  tests.TestBase - Test started with data: Contact(name=Alina1520, lastName=White, phone=0865341520, email=alinaw1520@gmail.com, address=Kyiv, Ukraine, description=null)
20:58:09.657  INFO  manager.ListenerWD - Before find element --> By.xpath: //a[@href='/add']
20:58:09.664  INFO  manager.ListenerWD - After find element --> By.xpath: //a[@href='/add']
20:58:09.691  INFO  manager.ListenerWD - Before find element --> By.cssSelector: input[placeholder='Name']
20:58:09.698  INFO  manager.ListenerWD - After find element --> By.cssSelector: input[placeholder='Name']
20:58:09.778  INFO  manager.ListenerWD - Before find element --> By.cssSelector: input[placeholder='Last Name']
20:58:09.785  INFO  manager.ListenerWD - After find element --> By.cssSelector: input[placeholder='Last Name']
20:58:09.863  INFO  manager.ListenerWD - Before find element --> By.cssSelector: input[placeholder='Phone']
20:58:09.870  INFO  manager.ListenerWD - After find element --> By.cssSelector: input[placeholder='Phone']
20:58:09.953  INFO  manager.ListenerWD - Before find element --> By.cssSelector: input[placeholder='email']
20:58:09.961  INFO  manager.ListenerWD - After find element --> By.cssSelector: input[placeholder='email']
20:58:10.050  INFO  manager.ListenerWD - Before find element --> By.cssSelector: input[placeholder='Address']
20:58:10.057  INFO  manager.ListenerWD - After find element --> By.cssSelector: input[placeholder='Address']
20:58:10.144  INFO  manager.ListenerWD - Before find element --> By.xpath: //b[text()='Save']
20:58:10.152  INFO  manager.ListenerWD - After find element --> By.xpath: //b[text()='Save']
20:58:10.198  INFO  manager.ListenerWD - Before find elements --> By.cssSelector: h2
20:58:11.037  INFO  manager.ListenerWD - After find elements --> By.cssSelector: h2
20:58:11.037  INFO  manager.ListenerWD - List size is --> 113
20:58:12.486  INFO  manager.ListenerWD - Before find elements --> By.cssSelector: h3
20:58:12.679  INFO  manager.ListenerWD - After find elements --> By.cssSelector: h3
20:58:12.679  INFO  manager.ListenerWD - List size is --> 113
20:58:14.361  INFO  manager.ListenerWD - Before find elements --> By.cssSelector: h2
20:58:14.579  INFO  manager.ListenerWD - After find elements --> By.cssSelector: h2
20:58:14.579  INFO  manager.ListenerWD - List size is --> 113
20:58:15.256  INFO  manager.ListenerWD - Before find element --> By.xpath: //div[starts-with(@class,'contact-item-detailed_card')]
20:58:15.264  INFO  manager.ListenerWD - After find element --> By.xpath: //div[starts-with(@class,'contact-item-detailed_card')]
20:58:15.281  INFO  tests.TestBase - Test passed with success
20:58:15.282  INFO  manager.ListenerTNG - onTestSuccess name --> addNewContactSuccessRequiredFields
20:58:15.282  INFO  tests.TestBase - The name of method is -->addNewContactTwoAtEmail
20:58:15.282  INFO  manager.ListenerWD - Before find elements --> By.xpath: //button[text()='Sign Out']
20:58:15.288  INFO  manager.ListenerWD - After find elements --> By.xpath: //button[text()='Sign Out']
20:58:15.289  INFO  manager.ListenerWD - List size is --> 1
20:58:15.289  INFO  manager.ListenerTNG - onTestStart name --> addNewContactTwoAtEmail
20:58:15.289  INFO  tests.TestBase - Test started with email: alinaw1997@@gmail.com
20:58:15.289  INFO  manager.ListenerWD - Before find element --> By.xpath: //a[@href='/add']
20:58:15.295  INFO  manager.ListenerWD - After find element --> By.xpath: //a[@href='/add']
20:58:15.317  INFO  manager.ListenerWD - Before find element --> By.cssSelector: input[placeholder='Name']
20:58:15.324  INFO  manager.ListenerWD - After find element --> By.cssSelector: input[placeholder='Name']
20:58:15.410  INFO  manager.ListenerWD - Before find element --> By.cssSelector: input[placeholder='Last Name']
20:58:15.416  INFO  manager.ListenerWD - After find element --> By.cssSelector: input[placeholder='Last Name']
20:58:15.487  INFO  manager.ListenerWD - Before find element --> By.cssSelector: input[placeholder='Phone']
20:58:15.493  INFO  manager.ListenerWD - After find element --> By.cssSelector: input[placeholder='Phone']
20:58:15.585  INFO  manager.ListenerWD - Before find element --> By.cssSelector: input[placeholder='email']
20:58:15.592  INFO  manager.ListenerWD - After find element --> By.cssSelector: input[placeholder='email']
20:58:15.688  INFO  manager.ListenerWD - Before find element --> By.cssSelector: input[placeholder='Address']
20:58:15.694  INFO  manager.ListenerWD - After find element --> By.cssSelector: input[placeholder='Address']
20:58:15.791  INFO  manager.ListenerWD - Before find element --> By.cssSelector: input[placeholder='description']
20:58:15.803  INFO  manager.ListenerWD - After find element --> By.cssSelector: input[placeholder='description']
20:58:15.904  INFO  manager.ListenerWD - Before find element --> By.xpath: //b[text()='Save']
20:58:15.911  INFO  manager.ListenerWD - After find element --> By.xpath: //b[text()='Save']
20:58:15.960  INFO  manager.ListenerWD - Test ends with error
20:58:15.960  INFO  manager.ListenerWD - ===================================
20:58:15.960  INFO  manager.ListenerWD - Method name--> alert
20:58:15.960  INFO  manager.ListenerWD - ===================================
20:58:15.960  INFO  manager.ListenerWD - InvocationTargetException cause--> org.openqa.selenium.NoAlertPresentException: no such alert
  (Session info: chrome=109.0.5414.120)
Build info: version: '4.7.1', revision: 'c6795baf1a3'
System info: os.name: 'Windows 10', os.arch: 'amd64', os.version: '10.0', java.version: '11.0.17'
Driver info: org.openqa.selenium.chrome.ChromeDriver
Command: [53aa68302cbc7287d67d63d6efb48623, getAlertText {}]
Capabilities {acceptInsecureCerts: false, browserName: chrome, browserVersion: 109.0.5414.120, chrome: {chromedriverVersion: 109.0.5414.74 (e7c5703604da..., userDataDir: C:\Users\User\AppData\Local...}, goog:chromeOptions: {debuggerAddress: localhost:57448}, networkConnectionEnabled: false, pageLoadStrategy: normal, platformName: WINDOWS, proxy: Proxy(), se:cdp: ws://localhost:57448/devtoo..., se:cdpVersion: 109.0.5414.120, setWindowRect: true, strictFileInteractability: false, timeouts: {implicit: 0, pageLoad: 300000, script: 30000}, unhandledPromptBehavior: dismiss and notify, webauthn:extension:credBlob: true, webauthn:extension:largeBlob: true, webauthn:virtualAuthenticators: true}
Session ID: 53aa68302cbc7287d67d63d6efb48623
20:58:15.960  INFO  manager.ListenerWD - ===================================
20:58:15.960  INFO  manager.ListenerWD - Object target --> org.openqa.selenium.remote.RemoteWebDriver$RemoteTargetLocator@178c4480
20:58:15.960  INFO  manager.ListenerWD - ===================================
Email not valid: должно иметь формат адреса электронной почты
20:58:16.469  INFO  tests.TestBase - Test passed with success
20:58:16.469  INFO  manager.ListenerTNG - onTestSuccess name --> addNewContactTwoAtEmail
20:58:16.470  INFO  tests.TestBase - The name of method is -->addNewContactWrongEmail
20:58:16.470  INFO  manager.ListenerWD - Before find elements --> By.xpath: //button[text()='Sign Out']
20:58:16.477  INFO  manager.ListenerWD - After find elements --> By.xpath: //button[text()='Sign Out']
20:58:16.477  INFO  manager.ListenerWD - List size is --> 1
20:58:16.477  INFO  manager.ListenerTNG - onTestStart name --> addNewContactWrongEmail
20:58:16.477  INFO  tests.TestBase - Test started with email: alinaw1225gmail.com
20:58:16.477  INFO  manager.ListenerWD - Before find element --> By.xpath: //a[@href='/add']
20:58:16.484  INFO  manager.ListenerWD - After find element --> By.xpath: //a[@href='/add']
20:58:16.513  INFO  manager.ListenerWD - Before find element --> By.cssSelector: input[placeholder='Name']
20:58:16.519  INFO  manager.ListenerWD - After find element --> By.cssSelector: input[placeholder='Name']
20:58:16.587  INFO  manager.ListenerWD - Before find element --> By.cssSelector: input[placeholder='Last Name']
20:58:16.593  INFO  manager.ListenerWD - After find element --> By.cssSelector: input[placeholder='Last Name']
20:58:16.654  INFO  manager.ListenerWD - Before find element --> By.cssSelector: input[placeholder='Phone']
20:58:16.660  INFO  manager.ListenerWD - After find element --> By.cssSelector: input[placeholder='Phone']
20:58:16.723  INFO  manager.ListenerWD - Before find element --> By.cssSelector: input[placeholder='email']
20:58:16.729  INFO  manager.ListenerWD - After find element --> By.cssSelector: input[placeholder='email']
20:58:16.793  INFO  manager.ListenerWD - Before find element --> By.cssSelector: input[placeholder='Address']
20:58:16.800  INFO  manager.ListenerWD - After find element --> By.cssSelector: input[placeholder='Address']
20:58:16.862  INFO  manager.ListenerWD - Before find element --> By.cssSelector: input[placeholder='description']
20:58:16.869  INFO  manager.ListenerWD - After find element --> By.cssSelector: input[placeholder='description']
20:58:16.930  INFO  manager.ListenerWD - Before find element --> By.xpath: //b[text()='Save']
20:58:16.936  INFO  manager.ListenerWD - After find element --> By.xpath: //b[text()='Save']
20:58:16.959  INFO  manager.ListenerWD - Test ends with error
20:58:16.959  INFO  manager.ListenerWD - ===================================
20:58:16.959  INFO  manager.ListenerWD - Method name--> alert
20:58:16.959  INFO  manager.ListenerWD - ===================================
20:58:16.959  INFO  manager.ListenerWD - InvocationTargetException cause--> org.openqa.selenium.NoAlertPresentException: no such alert
  (Session info: chrome=109.0.5414.120)
Build info: version: '4.7.1', revision: 'c6795baf1a3'
System info: os.name: 'Windows 10', os.arch: 'amd64', os.version: '10.0', java.version: '11.0.17'
Driver info: org.openqa.selenium.chrome.ChromeDriver
Command: [53aa68302cbc7287d67d63d6efb48623, getAlertText {}]
Capabilities {acceptInsecureCerts: false, browserName: chrome, browserVersion: 109.0.5414.120, chrome: {chromedriverVersion: 109.0.5414.74 (e7c5703604da..., userDataDir: C:\Users\User\AppData\Local...}, goog:chromeOptions: {debuggerAddress: localhost:57448}, networkConnectionEnabled: false, pageLoadStrategy: normal, platformName: WINDOWS, proxy: Proxy(), se:cdp: ws://localhost:57448/devtoo..., se:cdpVersion: 109.0.5414.120, setWindowRect: true, strictFileInteractability: false, timeouts: {implicit: 0, pageLoad: 300000, script: 30000}, unhandledPromptBehavior: dismiss and notify, webauthn:extension:credBlob: true, webauthn:extension:largeBlob: true, webauthn:virtualAuthenticators: true}
Session ID: 53aa68302cbc7287d67d63d6efb48623
20:58:16.959  INFO  manager.ListenerWD - ===================================
20:58:16.959  INFO  manager.ListenerWD - Object target --> org.openqa.selenium.remote.RemoteWebDriver$RemoteTargetLocator@1067bc4c
20:58:16.959  INFO  manager.ListenerWD - ===================================
Email not valid: должно иметь формат адреса электронной почты
20:58:17.468  INFO  tests.TestBase - Test passed with success
20:58:17.468  INFO  manager.ListenerTNG - onTestSuccess name --> addNewContactWrongEmail
]]></system-out>
  <system-err><![CDATA[февр. 07, 2023 8:57:55 PM org.openqa.selenium.support.events.EventFiringDecorator lambda$onError$2
WARNING: class org.openqa.selenium.remote.RemoteWebDriver$RemoteTargetLocator cannot be cast to class org.openqa.selenium.chrome.ChromeDriver (org.openqa.selenium.remote.RemoteWebDriver$RemoteTargetLocator and org.openqa.selenium.chrome.ChromeDriver are in unnamed module of loader 'app')
java.lang.ClassCastException: class org.openqa.selenium.remote.RemoteWebDriver$RemoteTargetLocator cannot be cast to class org.openqa.selenium.chrome.ChromeDriver (org.openqa.selenium.remote.RemoteWebDriver$RemoteTargetLocator and org.openqa.selenium.chrome.ChromeDriver are in unnamed module of loader 'app')
	at manager.ListenerWD.onError(ListenerWD.java:35)
	at org.openqa.selenium.support.events.EventFiringDecorator.lambda$onError$2(EventFiringDecorator.java:190)
	at java.base/java.util.Arrays$ArrayList.forEach(Arrays.java:4390)
	at org.openqa.selenium.support.events.EventFiringDecorator.onError(EventFiringDecorator.java:188)
	at org.openqa.selenium.support.decorators.DefaultDecorated.onError(DefaultDecorated.java:58)
	at org.openqa.selenium.support.decorators.WebDriverDecorator.lambda$createProxy$0(WebDriverDecorator.java:319)
	at net.bytebuddy.renamed.java.lang.Object$ByteBuddy$cUlZjLqC.alert(Unknown Source)
	at org.openqa.selenium.support.ui.ExpectedConditions$28.apply(ExpectedConditions.java:796)
	at org.openqa.selenium.support.ui.ExpectedConditions$28.apply(ExpectedConditions.java:792)
	at org.openqa.selenium.support.ui.FluentWait.until(FluentWait.java:208)
	at manager.HelperContact.isErrorMessageDisplayed(HelperContact.java:80)
	at tests.AddNewContactTests.addNewContactBlankEmail(AddNewContactTests.java:115)
	at java.base/jdk.internal.reflect.NativeMethodAccessorImpl.invoke0(Native Method)
	at java.base/jdk.internal.reflect.NativeMethodAccessorImpl.invoke(NativeMethodAccessorImpl.java:62)
	at java.base/jdk.internal.reflect.DelegatingMethodAccessorImpl.invoke(DelegatingMethodAccessorImpl.java:43)
	at java.base/java.lang.reflect.Method.invoke(Method.java:566)
	at org.testng.internal.invokers.MethodInvocationHelper.invokeMethod(MethodInvocationHelper.java:135)
	at org.testng.internal.invokers.TestInvoker.invokeMethod(TestInvoker.java:673)
	at org.testng.internal.invokers.TestInvoker.invokeTestMethod(TestInvoker.java:220)
	at org.testng.internal.invokers.MethodRunner.runInSequence(MethodRunner.java:50)
	at org.testng.internal.invokers.TestInvoker$MethodInvocationAgent.invoke(TestInvoker.java:945)
	at org.testng.internal.invokers.TestInvoker.invokeTestMethods(TestInvoker.java:193)
	at org.testng.internal.invokers.TestMethodWorker.invokeTestMethods(TestMethodWorker.java:146)
	at org.testng.internal.invokers.TestMethodWorker.run(TestMethodWorker.java:128)
	at java.base/java.util.ArrayList.forEach(ArrayList.java:1541)
	at org.testng.TestRunner.privateRun(TestRunner.java:808)
	at org.testng.TestRunner.run(TestRunner.java:603)
	at org.testng.SuiteRunner.runTest(SuiteRunner.java:429)
	at org.testng.SuiteRunner.runSequentially(SuiteRunner.java:423)
	at org.testng.SuiteRunner.privateRun(SuiteRunner.java:383)
	at org.testng.SuiteRunner.run(SuiteRunner.java:326)
	at org.testng.SuiteRunnerWorker.runSuite(SuiteRunnerWorker.java:52)
	at org.testng.SuiteRunnerWorker.run(SuiteRunnerWorker.java:95)
	at org.testng.TestNG.runSuitesSequentially(TestNG.java:1249)
	at org.testng.TestNG.runSuitesLocally(TestNG.java:1169)
	at org.testng.TestNG.runSuites(TestNG.java:1092)
	at org.testng.TestNG.run(TestNG.java:1060)
	at org.gradle.api.internal.tasks.testing.testng.TestNGTestClassProcessor.runTests(TestNGTestClassProcessor.java:146)
	at org.gradle.api.internal.tasks.testing.testng.TestNGTestClassProcessor.stop(TestNGTestClassProcessor.java:91)
	at org.gradle.api.internal.tasks.testing.SuiteTestClassProcessor.stop(SuiteTestClassProcessor.java:61)
	at java.base/jdk.internal.reflect.NativeMethodAccessorImpl.invoke0(Native Method)
	at java.base/jdk.internal.reflect.NativeMethodAccessorImpl.invoke(NativeMethodAccessorImpl.java:62)
	at java.base/jdk.internal.reflect.DelegatingMethodAccessorImpl.invoke(DelegatingMethodAccessorImpl.java:43)
	at java.base/java.lang.reflect.Method.invoke(Method.java:566)
	at org.gradle.internal.dispatch.ReflectionDispatch.dispatch(ReflectionDispatch.java:36)
	at org.gradle.internal.dispatch.ReflectionDispatch.dispatch(ReflectionDispatch.java:24)
	at org.gradle.internal.dispatch.ContextClassLoaderDispatch.dispatch(ContextClassLoaderDispatch.java:33)
	at org.gradle.internal.dispatch.ProxyDispatchAdapter$DispatchingInvocationHandler.invoke(ProxyDispatchAdapter.java:94)
	at com.sun.proxy.$Proxy2.stop(Unknown Source)
	at org.gradle.api.internal.tasks.testing.worker.TestWorker$3.run(TestWorker.java:193)
	at org.gradle.api.internal.tasks.testing.worker.TestWorker.executeAndMaintainThreadName(TestWorker.java:129)
	at org.gradle.api.internal.tasks.testing.worker.TestWorker.execute(TestWorker.java:100)
	at org.gradle.api.internal.tasks.testing.worker.TestWorker.execute(TestWorker.java:60)
	at org.gradle.process.internal.worker.child.ActionExecutionWorker.execute(ActionExecutionWorker.java:56)
	at org.gradle.process.internal.worker.child.SystemApplicationClassLoaderWorker.call(SystemApplicationClassLoaderWorker.java:133)
	at org.gradle.process.internal.worker.child.SystemApplicationClassLoaderWorker.call(SystemApplicationClassLoaderWorker.java:71)
	at worker.org.gradle.process.internal.worker.GradleWorkerMain.run(GradleWorkerMain.java:69)
	at worker.org.gradle.process.internal.worker.GradleWorkerMain.main(GradleWorkerMain.java:74)

февр. 07, 2023 8:57:57 PM org.openqa.selenium.support.events.EventFiringDecorator lambda$onError$2
WARNING: class org.openqa.selenium.remote.RemoteWebDriver$RemoteTargetLocator cannot be cast to class org.openqa.selenium.chrome.ChromeDriver (org.openqa.selenium.remote.RemoteWebDriver$RemoteTargetLocator and org.openqa.selenium.chrome.ChromeDriver are in unnamed module of loader 'app')
java.lang.ClassCastException: class org.openqa.selenium.remote.RemoteWebDriver$RemoteTargetLocator cannot be cast to class org.openqa.selenium.chrome.ChromeDriver (org.openqa.selenium.remote.RemoteWebDriver$RemoteTargetLocator and org.openqa.selenium.chrome.ChromeDriver are in unnamed module of loader 'app')
	at manager.ListenerWD.onError(ListenerWD.java:35)
	at org.openqa.selenium.support.events.EventFiringDecorator.lambda$onError$2(EventFiringDecorator.java:190)
	at java.base/java.util.Arrays$ArrayList.forEach(Arrays.java:4390)
	at org.openqa.selenium.support.events.EventFiringDecorator.onError(EventFiringDecorator.java:188)
	at org.openqa.selenium.support.decorators.DefaultDecorated.onError(DefaultDecorated.java:58)
	at org.openqa.selenium.support.decorators.WebDriverDecorator.lambda$createProxy$0(WebDriverDecorator.java:319)
	at net.bytebuddy.renamed.java.lang.Object$ByteBuddy$bW93euRg.alert(Unknown Source)
	at org.openqa.selenium.support.ui.ExpectedConditions$28.apply(ExpectedConditions.java:796)
	at org.openqa.selenium.support.ui.ExpectedConditions$28.apply(ExpectedConditions.java:792)
	at org.openqa.selenium.support.ui.FluentWait.until(FluentWait.java:208)
	at manager.HelperContact.isErrorMessageDisplayed(HelperContact.java:80)
	at tests.AddNewContactTests.addNewContactMinimumCharAfterAtEmail(AddNewContactTests.java:175)
	at java.base/jdk.internal.reflect.NativeMethodAccessorImpl.invoke0(Native Method)
	at java.base/jdk.internal.reflect.NativeMethodAccessorImpl.invoke(NativeMethodAccessorImpl.java:62)
	at java.base/jdk.internal.reflect.DelegatingMethodAccessorImpl.invoke(DelegatingMethodAccessorImpl.java:43)
	at java.base/java.lang.reflect.Method.invoke(Method.java:566)
	at org.testng.internal.invokers.MethodInvocationHelper.invokeMethod(MethodInvocationHelper.java:135)
	at org.testng.internal.invokers.TestInvoker.invokeMethod(TestInvoker.java:673)
	at org.testng.internal.invokers.TestInvoker.invokeTestMethod(TestInvoker.java:220)
	at org.testng.internal.invokers.MethodRunner.runInSequence(MethodRunner.java:50)
	at org.testng.internal.invokers.TestInvoker$MethodInvocationAgent.invoke(TestInvoker.java:945)
	at org.testng.internal.invokers.TestInvoker.invokeTestMethods(TestInvoker.java:193)
	at org.testng.internal.invokers.TestMethodWorker.invokeTestMethods(TestMethodWorker.java:146)
	at org.testng.internal.invokers.TestMethodWorker.run(TestMethodWorker.java:128)
	at java.base/java.util.ArrayList.forEach(ArrayList.java:1541)
	at org.testng.TestRunner.privateRun(TestRunner.java:808)
	at org.testng.TestRunner.run(TestRunner.java:603)
	at org.testng.SuiteRunner.runTest(SuiteRunner.java:429)
	at org.testng.SuiteRunner.runSequentially(SuiteRunner.java:423)
	at org.testng.SuiteRunner.privateRun(SuiteRunner.java:383)
	at org.testng.SuiteRunner.run(SuiteRunner.java:326)
	at org.testng.SuiteRunnerWorker.runSuite(SuiteRunnerWorker.java:52)
	at org.testng.SuiteRunnerWorker.run(SuiteRunnerWorker.java:95)
	at org.testng.TestNG.runSuitesSequentially(TestNG.java:1249)
	at org.testng.TestNG.runSuitesLocally(TestNG.java:1169)
	at org.testng.TestNG.runSuites(TestNG.java:1092)
	at org.testng.TestNG.run(TestNG.java:1060)
	at org.gradle.api.internal.tasks.testing.testng.TestNGTestClassProcessor.runTests(TestNGTestClassProcessor.java:146)
	at org.gradle.api.internal.tasks.testing.testng.TestNGTestClassProcessor.stop(TestNGTestClassProcessor.java:91)
	at org.gradle.api.internal.tasks.testing.SuiteTestClassProcessor.stop(SuiteTestClassProcessor.java:61)
	at java.base/jdk.internal.reflect.NativeMethodAccessorImpl.invoke0(Native Method)
	at java.base/jdk.internal.reflect.NativeMethodAccessorImpl.invoke(NativeMethodAccessorImpl.java:62)
	at java.base/jdk.internal.reflect.DelegatingMethodAccessorImpl.invoke(DelegatingMethodAccessorImpl.java:43)
	at java.base/java.lang.reflect.Method.invoke(Method.java:566)
	at org.gradle.internal.dispatch.ReflectionDispatch.dispatch(ReflectionDispatch.java:36)
	at org.gradle.internal.dispatch.ReflectionDispatch.dispatch(ReflectionDispatch.java:24)
	at org.gradle.internal.dispatch.ContextClassLoaderDispatch.dispatch(ContextClassLoaderDispatch.java:33)
	at org.gradle.internal.dispatch.ProxyDispatchAdapter$DispatchingInvocationHandler.invoke(ProxyDispatchAdapter.java:94)
	at com.sun.proxy.$Proxy2.stop(Unknown Source)
	at org.gradle.api.internal.tasks.testing.worker.TestWorker$3.run(TestWorker.java:193)
	at org.gradle.api.internal.tasks.testing.worker.TestWorker.executeAndMaintainThreadName(TestWorker.java:129)
	at org.gradle.api.internal.tasks.testing.worker.TestWorker.execute(TestWorker.java:100)
	at org.gradle.api.internal.tasks.testing.worker.TestWorker.execute(TestWorker.java:60)
	at org.gradle.process.internal.worker.child.ActionExecutionWorker.execute(ActionExecutionWorker.java:56)
	at org.gradle.process.internal.worker.child.SystemApplicationClassLoaderWorker.call(SystemApplicationClassLoaderWorker.java:133)
	at org.gradle.process.internal.worker.child.SystemApplicationClassLoaderWorker.call(SystemApplicationClassLoaderWorker.java:71)
	at worker.org.gradle.process.internal.worker.GradleWorkerMain.run(GradleWorkerMain.java:69)
	at worker.org.gradle.process.internal.worker.GradleWorkerMain.main(GradleWorkerMain.java:74)

февр. 07, 2023 8:57:58 PM org.openqa.selenium.support.events.EventFiringDecorator lambda$onError$2
WARNING: class org.openqa.selenium.remote.RemoteWebDriver$RemoteTargetLocator cannot be cast to class org.openqa.selenium.chrome.ChromeDriver (org.openqa.selenium.remote.RemoteWebDriver$RemoteTargetLocator and org.openqa.selenium.chrome.ChromeDriver are in unnamed module of loader 'app')
java.lang.ClassCastException: class org.openqa.selenium.remote.RemoteWebDriver$RemoteTargetLocator cannot be cast to class org.openqa.selenium.chrome.ChromeDriver (org.openqa.selenium.remote.RemoteWebDriver$RemoteTargetLocator and org.openqa.selenium.chrome.ChromeDriver are in unnamed module of loader 'app')
	at manager.ListenerWD.onError(ListenerWD.java:35)
	at org.openqa.selenium.support.events.EventFiringDecorator.lambda$onError$2(EventFiringDecorator.java:190)
	at java.base/java.util.Arrays$ArrayList.forEach(Arrays.java:4390)
	at org.openqa.selenium.support.events.EventFiringDecorator.onError(EventFiringDecorator.java:188)
	at org.openqa.selenium.support.decorators.DefaultDecorated.onError(DefaultDecorated.java:58)
	at org.openqa.selenium.support.decorators.WebDriverDecorator.lambda$createProxy$0(WebDriverDecorator.java:319)
	at net.bytebuddy.renamed.java.lang.Object$ByteBuddy$A9FZrT84.alert(Unknown Source)
	at org.openqa.selenium.support.ui.ExpectedConditions$28.apply(ExpectedConditions.java:796)
	at org.openqa.selenium.support.ui.ExpectedConditions$28.apply(ExpectedConditions.java:792)
	at org.openqa.selenium.support.ui.FluentWait.until(FluentWait.java:208)
	at manager.HelperContact.isErrorMessageDisplayed(HelperContact.java:80)
	at tests.AddNewContactTests.addNewContactMinimumCharBeforeAtEmail(AddNewContactTests.java:155)
	at java.base/jdk.internal.reflect.NativeMethodAccessorImpl.invoke0(Native Method)
	at java.base/jdk.internal.reflect.NativeMethodAccessorImpl.invoke(NativeMethodAccessorImpl.java:62)
	at java.base/jdk.internal.reflect.DelegatingMethodAccessorImpl.invoke(DelegatingMethodAccessorImpl.java:43)
	at java.base/java.lang.reflect.Method.invoke(Method.java:566)
	at org.testng.internal.invokers.MethodInvocationHelper.invokeMethod(MethodInvocationHelper.java:135)
	at org.testng.internal.invokers.TestInvoker.invokeMethod(TestInvoker.java:673)
	at org.testng.internal.invokers.TestInvoker.invokeTestMethod(TestInvoker.java:220)
	at org.testng.internal.invokers.MethodRunner.runInSequence(MethodRunner.java:50)
	at org.testng.internal.invokers.TestInvoker$MethodInvocationAgent.invoke(TestInvoker.java:945)
	at org.testng.internal.invokers.TestInvoker.invokeTestMethods(TestInvoker.java:193)
	at org.testng.internal.invokers.TestMethodWorker.invokeTestMethods(TestMethodWorker.java:146)
	at org.testng.internal.invokers.TestMethodWorker.run(TestMethodWorker.java:128)
	at java.base/java.util.ArrayList.forEach(ArrayList.java:1541)
	at org.testng.TestRunner.privateRun(TestRunner.java:808)
	at org.testng.TestRunner.run(TestRunner.java:603)
	at org.testng.SuiteRunner.runTest(SuiteRunner.java:429)
	at org.testng.SuiteRunner.runSequentially(SuiteRunner.java:423)
	at org.testng.SuiteRunner.privateRun(SuiteRunner.java:383)
	at org.testng.SuiteRunner.run(SuiteRunner.java:326)
	at org.testng.SuiteRunnerWorker.runSuite(SuiteRunnerWorker.java:52)
	at org.testng.SuiteRunnerWorker.run(SuiteRunnerWorker.java:95)
	at org.testng.TestNG.runSuitesSequentially(TestNG.java:1249)
	at org.testng.TestNG.runSuitesLocally(TestNG.java:1169)
	at org.testng.TestNG.runSuites(TestNG.java:1092)
	at org.testng.TestNG.run(TestNG.java:1060)
	at org.gradle.api.internal.tasks.testing.testng.TestNGTestClassProcessor.runTests(TestNGTestClassProcessor.java:146)
	at org.gradle.api.internal.tasks.testing.testng.TestNGTestClassProcessor.stop(TestNGTestClassProcessor.java:91)
	at org.gradle.api.internal.tasks.testing.SuiteTestClassProcessor.stop(SuiteTestClassProcessor.java:61)
	at java.base/jdk.internal.reflect.NativeMethodAccessorImpl.invoke0(Native Method)
	at java.base/jdk.internal.reflect.NativeMethodAccessorImpl.invoke(NativeMethodAccessorImpl.java:62)
	at java.base/jdk.internal.reflect.DelegatingMethodAccessorImpl.invoke(DelegatingMethodAccessorImpl.java:43)
	at java.base/java.lang.reflect.Method.invoke(Method.java:566)
	at org.gradle.internal.dispatch.ReflectionDispatch.dispatch(ReflectionDispatch.java:36)
	at org.gradle.internal.dispatch.ReflectionDispatch.dispatch(ReflectionDispatch.java:24)
	at org.gradle.internal.dispatch.ContextClassLoaderDispatch.dispatch(ContextClassLoaderDispatch.java:33)
	at org.gradle.internal.dispatch.ProxyDispatchAdapter$DispatchingInvocationHandler.invoke(ProxyDispatchAdapter.java:94)
	at com.sun.proxy.$Proxy2.stop(Unknown Source)
	at org.gradle.api.internal.tasks.testing.worker.TestWorker$3.run(TestWorker.java:193)
	at org.gradle.api.internal.tasks.testing.worker.TestWorker.executeAndMaintainThreadName(TestWorker.java:129)
	at org.gradle.api.internal.tasks.testing.worker.TestWorker.execute(TestWorker.java:100)
	at org.gradle.api.internal.tasks.testing.worker.TestWorker.execute(TestWorker.java:60)
	at org.gradle.process.internal.worker.child.ActionExecutionWorker.execute(ActionExecutionWorker.java:56)
	at org.gradle.process.internal.worker.child.SystemApplicationClassLoaderWorker.call(SystemApplicationClassLoaderWorker.java:133)
	at org.gradle.process.internal.worker.child.SystemApplicationClassLoaderWorker.call(SystemApplicationClassLoaderWorker.java:71)
	at worker.org.gradle.process.internal.worker.GradleWorkerMain.run(GradleWorkerMain.java:69)
	at worker.org.gradle.process.internal.worker.GradleWorkerMain.main(GradleWorkerMain.java:74)

февр. 07, 2023 8:57:59 PM org.openqa.selenium.support.events.EventFiringDecorator lambda$onError$2
WARNING: class org.openqa.selenium.remote.RemoteWebElement cannot be cast to class org.openqa.selenium.chrome.ChromeDriver (org.openqa.selenium.remote.RemoteWebElement and org.openqa.selenium.chrome.ChromeDriver are in unnamed module of loader 'app')
java.lang.ClassCastException: class org.openqa.selenium.remote.RemoteWebElement cannot be cast to class org.openqa.selenium.chrome.ChromeDriver (org.openqa.selenium.remote.RemoteWebElement and org.openqa.selenium.chrome.ChromeDriver are in unnamed module of loader 'app')
	at manager.ListenerWD.onError(ListenerWD.java:35)
	at org.openqa.selenium.support.events.EventFiringDecorator.lambda$onError$2(EventFiringDecorator.java:190)
	at java.base/java.util.Arrays$ArrayList.forEach(Arrays.java:4390)
	at org.openqa.selenium.support.events.EventFiringDecorator.onError(EventFiringDecorator.java:188)
	at org.openqa.selenium.support.decorators.DefaultDecorated.onError(DefaultDecorated.java:58)
	at org.openqa.selenium.support.decorators.WebDriverDecorator.lambda$createProxy$0(WebDriverDecorator.java:319)
	at net.bytebuddy.renamed.java.lang.Object$ByteBuddy$WJ8Q7aHO.clear(Unknown Source)
	at manager.HelperBase.type(HelperBase.java:22)
	at manager.HelperContact.fillContactForm(HelperContact.java:26)
	at tests.AddNewContactTests.addNewContactNullName(AddNewContactTests.java:233)
	at java.base/jdk.internal.reflect.NativeMethodAccessorImpl.invoke0(Native Method)
	at java.base/jdk.internal.reflect.NativeMethodAccessorImpl.invoke(NativeMethodAccessorImpl.java:62)
	at java.base/jdk.internal.reflect.DelegatingMethodAccessorImpl.invoke(DelegatingMethodAccessorImpl.java:43)
	at java.base/java.lang.reflect.Method.invoke(Method.java:566)
	at org.testng.internal.invokers.MethodInvocationHelper.invokeMethod(MethodInvocationHelper.java:135)
	at org.testng.internal.invokers.TestInvoker.invokeMethod(TestInvoker.java:673)
	at org.testng.internal.invokers.TestInvoker.invokeTestMethod(TestInvoker.java:220)
	at org.testng.internal.invokers.MethodRunner.runInSequence(MethodRunner.java:50)
	at org.testng.internal.invokers.TestInvoker$MethodInvocationAgent.invoke(TestInvoker.java:945)
	at org.testng.internal.invokers.TestInvoker.invokeTestMethods(TestInvoker.java:193)
	at org.testng.internal.invokers.TestMethodWorker.invokeTestMethods(TestMethodWorker.java:146)
	at org.testng.internal.invokers.TestMethodWorker.run(TestMethodWorker.java:128)
	at java.base/java.util.ArrayList.forEach(ArrayList.java:1541)
	at org.testng.TestRunner.privateRun(TestRunner.java:808)
	at org.testng.TestRunner.run(TestRunner.java:603)
	at org.testng.SuiteRunner.runTest(SuiteRunner.java:429)
	at org.testng.SuiteRunner.runSequentially(SuiteRunner.java:423)
	at org.testng.SuiteRunner.privateRun(SuiteRunner.java:383)
	at org.testng.SuiteRunner.run(SuiteRunner.java:326)
	at org.testng.SuiteRunnerWorker.runSuite(SuiteRunnerWorker.java:52)
	at org.testng.SuiteRunnerWorker.run(SuiteRunnerWorker.java:95)
	at org.testng.TestNG.runSuitesSequentially(TestNG.java:1249)
	at org.testng.TestNG.runSuitesLocally(TestNG.java:1169)
	at org.testng.TestNG.runSuites(TestNG.java:1092)
	at org.testng.TestNG.run(TestNG.java:1060)
	at org.gradle.api.internal.tasks.testing.testng.TestNGTestClassProcessor.runTests(TestNGTestClassProcessor.java:146)
	at org.gradle.api.internal.tasks.testing.testng.TestNGTestClassProcessor.stop(TestNGTestClassProcessor.java:91)
	at org.gradle.api.internal.tasks.testing.SuiteTestClassProcessor.stop(SuiteTestClassProcessor.java:61)
	at java.base/jdk.internal.reflect.NativeMethodAccessorImpl.invoke0(Native Method)
	at java.base/jdk.internal.reflect.NativeMethodAccessorImpl.invoke(NativeMethodAccessorImpl.java:62)
	at java.base/jdk.internal.reflect.DelegatingMethodAccessorImpl.invoke(DelegatingMethodAccessorImpl.java:43)
	at java.base/java.lang.reflect.Method.invoke(Method.java:566)
	at org.gradle.internal.dispatch.ReflectionDispatch.dispatch(ReflectionDispatch.java:36)
	at org.gradle.internal.dispatch.ReflectionDispatch.dispatch(ReflectionDispatch.java:24)
	at org.gradle.internal.dispatch.ContextClassLoaderDispatch.dispatch(ContextClassLoaderDispatch.java:33)
	at org.gradle.internal.dispatch.ProxyDispatchAdapter$DispatchingInvocationHandler.invoke(ProxyDispatchAdapter.java:94)
	at com.sun.proxy.$Proxy2.stop(Unknown Source)
	at org.gradle.api.internal.tasks.testing.worker.TestWorker$3.run(TestWorker.java:193)
	at org.gradle.api.internal.tasks.testing.worker.TestWorker.executeAndMaintainThreadName(TestWorker.java:129)
	at org.gradle.api.internal.tasks.testing.worker.TestWorker.execute(TestWorker.java:100)
	at org.gradle.api.internal.tasks.testing.worker.TestWorker.execute(TestWorker.java:60)
	at org.gradle.process.internal.worker.child.ActionExecutionWorker.execute(ActionExecutionWorker.java:56)
	at org.gradle.process.internal.worker.child.SystemApplicationClassLoaderWorker.call(SystemApplicationClassLoaderWorker.java:133)
	at org.gradle.process.internal.worker.child.SystemApplicationClassLoaderWorker.call(SystemApplicationClassLoaderWorker.java:71)
	at worker.org.gradle.process.internal.worker.GradleWorkerMain.run(GradleWorkerMain.java:69)
	at worker.org.gradle.process.internal.worker.GradleWorkerMain.main(GradleWorkerMain.java:74)

февр. 07, 2023 8:57:59 PM org.openqa.selenium.support.events.EventFiringDecorator lambda$onError$2
WARNING: class org.openqa.selenium.remote.RemoteWebDriver$RemoteTargetLocator cannot be cast to class org.openqa.selenium.chrome.ChromeDriver (org.openqa.selenium.remote.RemoteWebDriver$RemoteTargetLocator and org.openqa.selenium.chrome.ChromeDriver are in unnamed module of loader 'app')
java.lang.ClassCastException: class org.openqa.selenium.remote.RemoteWebDriver$RemoteTargetLocator cannot be cast to class org.openqa.selenium.chrome.ChromeDriver (org.openqa.selenium.remote.RemoteWebDriver$RemoteTargetLocator and org.openqa.selenium.chrome.ChromeDriver are in unnamed module of loader 'app')
	at manager.ListenerWD.onError(ListenerWD.java:35)
	at org.openqa.selenium.support.events.EventFiringDecorator.lambda$onError$2(EventFiringDecorator.java:190)
	at java.base/java.util.Arrays$ArrayList.forEach(Arrays.java:4390)
	at org.openqa.selenium.support.events.EventFiringDecorator.onError(EventFiringDecorator.java:188)
	at org.openqa.selenium.support.decorators.DefaultDecorated.onError(DefaultDecorated.java:58)
	at org.openqa.selenium.support.decorators.WebDriverDecorator.lambda$createProxy$0(WebDriverDecorator.java:319)
	at net.bytebuddy.renamed.java.lang.Object$ByteBuddy$fYnBYfaf.alert(Unknown Source)
	at org.openqa.selenium.support.ui.ExpectedConditions$28.apply(ExpectedConditions.java:796)
	at org.openqa.selenium.support.ui.ExpectedConditions$28.apply(ExpectedConditions.java:792)
	at org.openqa.selenium.support.ui.FluentWait.until(FluentWait.java:208)
	at manager.HelperContact.isErrorMessageDisplayed(HelperContact.java:80)
	at tests.AddNewContactTests.addNewContactPhoneBlank(AddNewContactTests.java:381)
	at java.base/jdk.internal.reflect.NativeMethodAccessorImpl.invoke0(Native Method)
	at java.base/jdk.internal.reflect.NativeMethodAccessorImpl.invoke(NativeMethodAccessorImpl.java:62)
	at java.base/jdk.internal.reflect.DelegatingMethodAccessorImpl.invoke(DelegatingMethodAccessorImpl.java:43)
	at java.base/java.lang.reflect.Method.invoke(Method.java:566)
	at org.testng.internal.invokers.MethodInvocationHelper.invokeMethod(MethodInvocationHelper.java:135)
	at org.testng.internal.invokers.TestInvoker.invokeMethod(TestInvoker.java:673)
	at org.testng.internal.invokers.TestInvoker.invokeTestMethod(TestInvoker.java:220)
	at org.testng.internal.invokers.MethodRunner.runInSequence(MethodRunner.java:50)
	at org.testng.internal.invokers.TestInvoker$MethodInvocationAgent.invoke(TestInvoker.java:945)
	at org.testng.internal.invokers.TestInvoker.invokeTestMethods(TestInvoker.java:193)
	at org.testng.internal.invokers.TestMethodWorker.invokeTestMethods(TestMethodWorker.java:146)
	at org.testng.internal.invokers.TestMethodWorker.run(TestMethodWorker.java:128)
	at java.base/java.util.ArrayList.forEach(ArrayList.java:1541)
	at org.testng.TestRunner.privateRun(TestRunner.java:808)
	at org.testng.TestRunner.run(TestRunner.java:603)
	at org.testng.SuiteRunner.runTest(SuiteRunner.java:429)
	at org.testng.SuiteRunner.runSequentially(SuiteRunner.java:423)
	at org.testng.SuiteRunner.privateRun(SuiteRunner.java:383)
	at org.testng.SuiteRunner.run(SuiteRunner.java:326)
	at org.testng.SuiteRunnerWorker.runSuite(SuiteRunnerWorker.java:52)
	at org.testng.SuiteRunnerWorker.run(SuiteRunnerWorker.java:95)
	at org.testng.TestNG.runSuitesSequentially(TestNG.java:1249)
	at org.testng.TestNG.runSuitesLocally(TestNG.java:1169)
	at org.testng.TestNG.runSuites(TestNG.java:1092)
	at org.testng.TestNG.run(TestNG.java:1060)
	at org.gradle.api.internal.tasks.testing.testng.TestNGTestClassProcessor.runTests(TestNGTestClassProcessor.java:146)
	at org.gradle.api.internal.tasks.testing.testng.TestNGTestClassProcessor.stop(TestNGTestClassProcessor.java:91)
	at org.gradle.api.internal.tasks.testing.SuiteTestClassProcessor.stop(SuiteTestClassProcessor.java:61)
	at java.base/jdk.internal.reflect.NativeMethodAccessorImpl.invoke0(Native Method)
	at java.base/jdk.internal.reflect.NativeMethodAccessorImpl.invoke(NativeMethodAccessorImpl.java:62)
	at java.base/jdk.internal.reflect.DelegatingMethodAccessorImpl.invoke(DelegatingMethodAccessorImpl.java:43)
	at java.base/java.lang.reflect.Method.invoke(Method.java:566)
	at org.gradle.internal.dispatch.ReflectionDispatch.dispatch(ReflectionDispatch.java:36)
	at org.gradle.internal.dispatch.ReflectionDispatch.dispatch(ReflectionDispatch.java:24)
	at org.gradle.internal.dispatch.ContextClassLoaderDispatch.dispatch(ContextClassLoaderDispatch.java:33)
	at org.gradle.internal.dispatch.ProxyDispatchAdapter$DispatchingInvocationHandler.invoke(ProxyDispatchAdapter.java:94)
	at com.sun.proxy.$Proxy2.stop(Unknown Source)
	at org.gradle.api.internal.tasks.testing.worker.TestWorker$3.run(TestWorker.java:193)
	at org.gradle.api.internal.tasks.testing.worker.TestWorker.executeAndMaintainThreadName(TestWorker.java:129)
	at org.gradle.api.internal.tasks.testing.worker.TestWorker.execute(TestWorker.java:100)
	at org.gradle.api.internal.tasks.testing.worker.TestWorker.execute(TestWorker.java:60)
	at org.gradle.process.internal.worker.child.ActionExecutionWorker.execute(ActionExecutionWorker.java:56)
	at org.gradle.process.internal.worker.child.SystemApplicationClassLoaderWorker.call(SystemApplicationClassLoaderWorker.java:133)
	at org.gradle.process.internal.worker.child.SystemApplicationClassLoaderWorker.call(SystemApplicationClassLoaderWorker.java:71)
	at worker.org.gradle.process.internal.worker.GradleWorkerMain.run(GradleWorkerMain.java:69)
	at worker.org.gradle.process.internal.worker.GradleWorkerMain.main(GradleWorkerMain.java:74)

февр. 07, 2023 8:58:00 PM org.openqa.selenium.support.events.EventFiringDecorator lambda$onError$2
WARNING: class org.openqa.selenium.remote.RemoteWebDriver$RemoteTargetLocator cannot be cast to class org.openqa.selenium.chrome.ChromeDriver (org.openqa.selenium.remote.RemoteWebDriver$RemoteTargetLocator and org.openqa.selenium.chrome.ChromeDriver are in unnamed module of loader 'app')
java.lang.ClassCastException: class org.openqa.selenium.remote.RemoteWebDriver$RemoteTargetLocator cannot be cast to class org.openqa.selenium.chrome.ChromeDriver (org.openqa.selenium.remote.RemoteWebDriver$RemoteTargetLocator and org.openqa.selenium.chrome.ChromeDriver are in unnamed module of loader 'app')
	at manager.ListenerWD.onError(ListenerWD.java:35)
	at org.openqa.selenium.support.events.EventFiringDecorator.lambda$onError$2(EventFiringDecorator.java:190)
	at java.base/java.util.Arrays$ArrayList.forEach(Arrays.java:4390)
	at org.openqa.selenium.support.events.EventFiringDecorator.onError(EventFiringDecorator.java:188)
	at org.openqa.selenium.support.decorators.DefaultDecorated.onError(DefaultDecorated.java:58)
	at org.openqa.selenium.support.decorators.WebDriverDecorator.lambda$createProxy$0(WebDriverDecorator.java:319)
	at net.bytebuddy.renamed.java.lang.Object$ByteBuddy$yEba3VzV.alert(Unknown Source)
	at org.openqa.selenium.support.ui.ExpectedConditions$28.apply(ExpectedConditions.java:796)
	at org.openqa.selenium.support.ui.ExpectedConditions$28.apply(ExpectedConditions.java:792)
	at org.openqa.selenium.support.ui.FluentWait.until(FluentWait.java:208)
	at manager.HelperContact.isErrorMessageDisplayed(HelperContact.java:80)
	at tests.AddNewContactTests.addNewContactPhoneMaximumNumbers(AddNewContactTests.java:443)
	at java.base/jdk.internal.reflect.NativeMethodAccessorImpl.invoke0(Native Method)
	at java.base/jdk.internal.reflect.NativeMethodAccessorImpl.invoke(NativeMethodAccessorImpl.java:62)
	at java.base/jdk.internal.reflect.DelegatingMethodAccessorImpl.invoke(DelegatingMethodAccessorImpl.java:43)
	at java.base/java.lang.reflect.Method.invoke(Method.java:566)
	at org.testng.internal.invokers.MethodInvocationHelper.invokeMethod(MethodInvocationHelper.java:135)
	at org.testng.internal.invokers.TestInvoker.invokeMethod(TestInvoker.java:673)
	at org.testng.internal.invokers.TestInvoker.invokeTestMethod(TestInvoker.java:220)
	at org.testng.internal.invokers.MethodRunner.runInSequence(MethodRunner.java:50)
	at org.testng.internal.invokers.TestInvoker$MethodInvocationAgent.invoke(TestInvoker.java:945)
	at org.testng.internal.invokers.TestInvoker.invokeTestMethods(TestInvoker.java:193)
	at org.testng.internal.invokers.TestMethodWorker.invokeTestMethods(TestMethodWorker.java:146)
	at org.testng.internal.invokers.TestMethodWorker.run(TestMethodWorker.java:128)
	at java.base/java.util.ArrayList.forEach(ArrayList.java:1541)
	at org.testng.TestRunner.privateRun(TestRunner.java:808)
	at org.testng.TestRunner.run(TestRunner.java:603)
	at org.testng.SuiteRunner.runTest(SuiteRunner.java:429)
	at org.testng.SuiteRunner.runSequentially(SuiteRunner.java:423)
	at org.testng.SuiteRunner.privateRun(SuiteRunner.java:383)
	at org.testng.SuiteRunner.run(SuiteRunner.java:326)
	at org.testng.SuiteRunnerWorker.runSuite(SuiteRunnerWorker.java:52)
	at org.testng.SuiteRunnerWorker.run(SuiteRunnerWorker.java:95)
	at org.testng.TestNG.runSuitesSequentially(TestNG.java:1249)
	at org.testng.TestNG.runSuitesLocally(TestNG.java:1169)
	at org.testng.TestNG.runSuites(TestNG.java:1092)
	at org.testng.TestNG.run(TestNG.java:1060)
	at org.gradle.api.internal.tasks.testing.testng.TestNGTestClassProcessor.runTests(TestNGTestClassProcessor.java:146)
	at org.gradle.api.internal.tasks.testing.testng.TestNGTestClassProcessor.stop(TestNGTestClassProcessor.java:91)
	at org.gradle.api.internal.tasks.testing.SuiteTestClassProcessor.stop(SuiteTestClassProcessor.java:61)
	at java.base/jdk.internal.reflect.NativeMethodAccessorImpl.invoke0(Native Method)
	at java.base/jdk.internal.reflect.NativeMethodAccessorImpl.invoke(NativeMethodAccessorImpl.java:62)
	at java.base/jdk.internal.reflect.DelegatingMethodAccessorImpl.invoke(DelegatingMethodAccessorImpl.java:43)
	at java.base/java.lang.reflect.Method.invoke(Method.java:566)
	at org.gradle.internal.dispatch.ReflectionDispatch.dispatch(ReflectionDispatch.java:36)
	at org.gradle.internal.dispatch.ReflectionDispatch.dispatch(ReflectionDispatch.java:24)
	at org.gradle.internal.dispatch.ContextClassLoaderDispatch.dispatch(ContextClassLoaderDispatch.java:33)
	at org.gradle.internal.dispatch.ProxyDispatchAdapter$DispatchingInvocationHandler.invoke(ProxyDispatchAdapter.java:94)
	at com.sun.proxy.$Proxy2.stop(Unknown Source)
	at org.gradle.api.internal.tasks.testing.worker.TestWorker$3.run(TestWorker.java:193)
	at org.gradle.api.internal.tasks.testing.worker.TestWorker.executeAndMaintainThreadName(TestWorker.java:129)
	at org.gradle.api.internal.tasks.testing.worker.TestWorker.execute(TestWorker.java:100)
	at org.gradle.api.internal.tasks.testing.worker.TestWorker.execute(TestWorker.java:60)
	at org.gradle.process.internal.worker.child.ActionExecutionWorker.execute(ActionExecutionWorker.java:56)
	at org.gradle.process.internal.worker.child.SystemApplicationClassLoaderWorker.call(SystemApplicationClassLoaderWorker.java:133)
	at org.gradle.process.internal.worker.child.SystemApplicationClassLoaderWorker.call(SystemApplicationClassLoaderWorker.java:71)
	at worker.org.gradle.process.internal.worker.GradleWorkerMain.run(GradleWorkerMain.java:69)
	at worker.org.gradle.process.internal.worker.GradleWorkerMain.main(GradleWorkerMain.java:74)

февр. 07, 2023 8:58:01 PM org.openqa.selenium.support.events.EventFiringDecorator lambda$onError$2
WARNING: class org.openqa.selenium.remote.RemoteWebDriver$RemoteTargetLocator cannot be cast to class org.openqa.selenium.chrome.ChromeDriver (org.openqa.selenium.remote.RemoteWebDriver$RemoteTargetLocator and org.openqa.selenium.chrome.ChromeDriver are in unnamed module of loader 'app')
java.lang.ClassCastException: class org.openqa.selenium.remote.RemoteWebDriver$RemoteTargetLocator cannot be cast to class org.openqa.selenium.chrome.ChromeDriver (org.openqa.selenium.remote.RemoteWebDriver$RemoteTargetLocator and org.openqa.selenium.chrome.ChromeDriver are in unnamed module of loader 'app')
	at manager.ListenerWD.onError(ListenerWD.java:35)
	at org.openqa.selenium.support.events.EventFiringDecorator.lambda$onError$2(EventFiringDecorator.java:190)
	at java.base/java.util.Arrays$ArrayList.forEach(Arrays.java:4390)
	at org.openqa.selenium.support.events.EventFiringDecorator.onError(EventFiringDecorator.java:188)
	at org.openqa.selenium.support.decorators.DefaultDecorated.onError(DefaultDecorated.java:58)
	at org.openqa.selenium.support.decorators.WebDriverDecorator.lambda$createProxy$0(WebDriverDecorator.java:319)
	at net.bytebuddy.renamed.java.lang.Object$ByteBuddy$zkNKQ31a.alert(Unknown Source)
	at org.openqa.selenium.support.ui.ExpectedConditions$28.apply(ExpectedConditions.java:796)
	at org.openqa.selenium.support.ui.ExpectedConditions$28.apply(ExpectedConditions.java:792)
	at org.openqa.selenium.support.ui.FluentWait.until(FluentWait.java:208)
	at manager.HelperContact.isErrorMessageDisplayed(HelperContact.java:80)
	at tests.AddNewContactTests.addNewContactPhoneMinimumNumbers(AddNewContactTests.java:423)
	at java.base/jdk.internal.reflect.NativeMethodAccessorImpl.invoke0(Native Method)
	at java.base/jdk.internal.reflect.NativeMethodAccessorImpl.invoke(NativeMethodAccessorImpl.java:62)
	at java.base/jdk.internal.reflect.DelegatingMethodAccessorImpl.invoke(DelegatingMethodAccessorImpl.java:43)
	at java.base/java.lang.reflect.Method.invoke(Method.java:566)
	at org.testng.internal.invokers.MethodInvocationHelper.invokeMethod(MethodInvocationHelper.java:135)
	at org.testng.internal.invokers.TestInvoker.invokeMethod(TestInvoker.java:673)
	at org.testng.internal.invokers.TestInvoker.invokeTestMethod(TestInvoker.java:220)
	at org.testng.internal.invokers.MethodRunner.runInSequence(MethodRunner.java:50)
	at org.testng.internal.invokers.TestInvoker$MethodInvocationAgent.invoke(TestInvoker.java:945)
	at org.testng.internal.invokers.TestInvoker.invokeTestMethods(TestInvoker.java:193)
	at org.testng.internal.invokers.TestMethodWorker.invokeTestMethods(TestMethodWorker.java:146)
	at org.testng.internal.invokers.TestMethodWorker.run(TestMethodWorker.java:128)
	at java.base/java.util.ArrayList.forEach(ArrayList.java:1541)
	at org.testng.TestRunner.privateRun(TestRunner.java:808)
	at org.testng.TestRunner.run(TestRunner.java:603)
	at org.testng.SuiteRunner.runTest(SuiteRunner.java:429)
	at org.testng.SuiteRunner.runSequentially(SuiteRunner.java:423)
	at org.testng.SuiteRunner.privateRun(SuiteRunner.java:383)
	at org.testng.SuiteRunner.run(SuiteRunner.java:326)
	at org.testng.SuiteRunnerWorker.runSuite(SuiteRunnerWorker.java:52)
	at org.testng.SuiteRunnerWorker.run(SuiteRunnerWorker.java:95)
	at org.testng.TestNG.runSuitesSequentially(TestNG.java:1249)
	at org.testng.TestNG.runSuitesLocally(TestNG.java:1169)
	at org.testng.TestNG.runSuites(TestNG.java:1092)
	at org.testng.TestNG.run(TestNG.java:1060)
	at org.gradle.api.internal.tasks.testing.testng.TestNGTestClassProcessor.runTests(TestNGTestClassProcessor.java:146)
	at org.gradle.api.internal.tasks.testing.testng.TestNGTestClassProcessor.stop(TestNGTestClassProcessor.java:91)
	at org.gradle.api.internal.tasks.testing.SuiteTestClassProcessor.stop(SuiteTestClassProcessor.java:61)
	at java.base/jdk.internal.reflect.NativeMethodAccessorImpl.invoke0(Native Method)
	at java.base/jdk.internal.reflect.NativeMethodAccessorImpl.invoke(NativeMethodAccessorImpl.java:62)
	at java.base/jdk.internal.reflect.DelegatingMethodAccessorImpl.invoke(DelegatingMethodAccessorImpl.java:43)
	at java.base/java.lang.reflect.Method.invoke(Method.java:566)
	at org.gradle.internal.dispatch.ReflectionDispatch.dispatch(ReflectionDispatch.java:36)
	at org.gradle.internal.dispatch.ReflectionDispatch.dispatch(ReflectionDispatch.java:24)
	at org.gradle.internal.dispatch.ContextClassLoaderDispatch.dispatch(ContextClassLoaderDispatch.java:33)
	at org.gradle.internal.dispatch.ProxyDispatchAdapter$DispatchingInvocationHandler.invoke(ProxyDispatchAdapter.java:94)
	at com.sun.proxy.$Proxy2.stop(Unknown Source)
	at org.gradle.api.internal.tasks.testing.worker.TestWorker$3.run(TestWorker.java:193)
	at org.gradle.api.internal.tasks.testing.worker.TestWorker.executeAndMaintainThreadName(TestWorker.java:129)
	at org.gradle.api.internal.tasks.testing.worker.TestWorker.execute(TestWorker.java:100)
	at org.gradle.api.internal.tasks.testing.worker.TestWorker.execute(TestWorker.java:60)
	at org.gradle.process.internal.worker.child.ActionExecutionWorker.execute(ActionExecutionWorker.java:56)
	at org.gradle.process.internal.worker.child.SystemApplicationClassLoaderWorker.call(SystemApplicationClassLoaderWorker.java:133)
	at org.gradle.process.internal.worker.child.SystemApplicationClassLoaderWorker.call(SystemApplicationClassLoaderWorker.java:71)
	at worker.org.gradle.process.internal.worker.GradleWorkerMain.run(GradleWorkerMain.java:69)
	at worker.org.gradle.process.internal.worker.GradleWorkerMain.main(GradleWorkerMain.java:74)

февр. 07, 2023 8:58:02 PM org.openqa.selenium.support.events.EventFiringDecorator lambda$onError$2
WARNING: class org.openqa.selenium.remote.RemoteWebDriver$RemoteTargetLocator cannot be cast to class org.openqa.selenium.chrome.ChromeDriver (org.openqa.selenium.remote.RemoteWebDriver$RemoteTargetLocator and org.openqa.selenium.chrome.ChromeDriver are in unnamed module of loader 'app')
java.lang.ClassCastException: class org.openqa.selenium.remote.RemoteWebDriver$RemoteTargetLocator cannot be cast to class org.openqa.selenium.chrome.ChromeDriver (org.openqa.selenium.remote.RemoteWebDriver$RemoteTargetLocator and org.openqa.selenium.chrome.ChromeDriver are in unnamed module of loader 'app')
	at manager.ListenerWD.onError(ListenerWD.java:35)
	at org.openqa.selenium.support.events.EventFiringDecorator.lambda$onError$2(EventFiringDecorator.java:190)
	at java.base/java.util.Arrays$ArrayList.forEach(Arrays.java:4390)
	at org.openqa.selenium.support.events.EventFiringDecorator.onError(EventFiringDecorator.java:188)
	at org.openqa.selenium.support.decorators.DefaultDecorated.onError(DefaultDecorated.java:58)
	at org.openqa.selenium.support.decorators.WebDriverDecorator.lambda$createProxy$0(WebDriverDecorator.java:319)
	at net.bytebuddy.renamed.java.lang.Object$ByteBuddy$NfmXxO3r.alert(Unknown Source)
	at org.openqa.selenium.support.ui.ExpectedConditions$28.apply(ExpectedConditions.java:796)
	at org.openqa.selenium.support.ui.ExpectedConditions$28.apply(ExpectedConditions.java:792)
	at org.openqa.selenium.support.ui.FluentWait.until(FluentWait.java:208)
	at manager.HelperContact.isErrorMessageDisplayed(HelperContact.java:80)
	at tests.AddNewContactTests.addNewContactPhoneNotNumbers(AddNewContactTests.java:402)
	at java.base/jdk.internal.reflect.NativeMethodAccessorImpl.invoke0(Native Method)
	at java.base/jdk.internal.reflect.NativeMethodAccessorImpl.invoke(NativeMethodAccessorImpl.java:62)
	at java.base/jdk.internal.reflect.DelegatingMethodAccessorImpl.invoke(DelegatingMethodAccessorImpl.java:43)
	at java.base/java.lang.reflect.Method.invoke(Method.java:566)
	at org.testng.internal.invokers.MethodInvocationHelper.invokeMethod(MethodInvocationHelper.java:135)
	at org.testng.internal.invokers.TestInvoker.invokeMethod(TestInvoker.java:673)
	at org.testng.internal.invokers.TestInvoker.invokeTestMethod(TestInvoker.java:220)
	at org.testng.internal.invokers.MethodRunner.runInSequence(MethodRunner.java:50)
	at org.testng.internal.invokers.TestInvoker$MethodInvocationAgent.invoke(TestInvoker.java:945)
	at org.testng.internal.invokers.TestInvoker.invokeTestMethods(TestInvoker.java:193)
	at org.testng.internal.invokers.TestMethodWorker.invokeTestMethods(TestMethodWorker.java:146)
	at org.testng.internal.invokers.TestMethodWorker.run(TestMethodWorker.java:128)
	at java.base/java.util.ArrayList.forEach(ArrayList.java:1541)
	at org.testng.TestRunner.privateRun(TestRunner.java:808)
	at org.testng.TestRunner.run(TestRunner.java:603)
	at org.testng.SuiteRunner.runTest(SuiteRunner.java:429)
	at org.testng.SuiteRunner.runSequentially(SuiteRunner.java:423)
	at org.testng.SuiteRunner.privateRun(SuiteRunner.java:383)
	at org.testng.SuiteRunner.run(SuiteRunner.java:326)
	at org.testng.SuiteRunnerWorker.runSuite(SuiteRunnerWorker.java:52)
	at org.testng.SuiteRunnerWorker.run(SuiteRunnerWorker.java:95)
	at org.testng.TestNG.runSuitesSequentially(TestNG.java:1249)
	at org.testng.TestNG.runSuitesLocally(TestNG.java:1169)
	at org.testng.TestNG.runSuites(TestNG.java:1092)
	at org.testng.TestNG.run(TestNG.java:1060)
	at org.gradle.api.internal.tasks.testing.testng.TestNGTestClassProcessor.runTests(TestNGTestClassProcessor.java:146)
	at org.gradle.api.internal.tasks.testing.testng.TestNGTestClassProcessor.stop(TestNGTestClassProcessor.java:91)
	at org.gradle.api.internal.tasks.testing.SuiteTestClassProcessor.stop(SuiteTestClassProcessor.java:61)
	at java.base/jdk.internal.reflect.NativeMethodAccessorImpl.invoke0(Native Method)
	at java.base/jdk.internal.reflect.NativeMethodAccessorImpl.invoke(NativeMethodAccessorImpl.java:62)
	at java.base/jdk.internal.reflect.DelegatingMethodAccessorImpl.invoke(DelegatingMethodAccessorImpl.java:43)
	at java.base/java.lang.reflect.Method.invoke(Method.java:566)
	at org.gradle.internal.dispatch.ReflectionDispatch.dispatch(ReflectionDispatch.java:36)
	at org.gradle.internal.dispatch.ReflectionDispatch.dispatch(ReflectionDispatch.java:24)
	at org.gradle.internal.dispatch.ContextClassLoaderDispatch.dispatch(ContextClassLoaderDispatch.java:33)
	at org.gradle.internal.dispatch.ProxyDispatchAdapter$DispatchingInvocationHandler.invoke(ProxyDispatchAdapter.java:94)
	at com.sun.proxy.$Proxy2.stop(Unknown Source)
	at org.gradle.api.internal.tasks.testing.worker.TestWorker$3.run(TestWorker.java:193)
	at org.gradle.api.internal.tasks.testing.worker.TestWorker.executeAndMaintainThreadName(TestWorker.java:129)
	at org.gradle.api.internal.tasks.testing.worker.TestWorker.execute(TestWorker.java:100)
	at org.gradle.api.internal.tasks.testing.worker.TestWorker.execute(TestWorker.java:60)
	at org.gradle.process.internal.worker.child.ActionExecutionWorker.execute(ActionExecutionWorker.java:56)
	at org.gradle.process.internal.worker.child.SystemApplicationClassLoaderWorker.call(SystemApplicationClassLoaderWorker.java:133)
	at org.gradle.process.internal.worker.child.SystemApplicationClassLoaderWorker.call(SystemApplicationClassLoaderWorker.java:71)
	at worker.org.gradle.process.internal.worker.GradleWorkerMain.run(GradleWorkerMain.java:69)
	at worker.org.gradle.process.internal.worker.GradleWorkerMain.main(GradleWorkerMain.java:74)

февр. 07, 2023 8:58:03 PM org.openqa.selenium.support.events.EventFiringDecorator lambda$onError$2
WARNING: class org.openqa.selenium.remote.RemoteWebDriver$RemoteTargetLocator cannot be cast to class org.openqa.selenium.chrome.ChromeDriver (org.openqa.selenium.remote.RemoteWebDriver$RemoteTargetLocator and org.openqa.selenium.chrome.ChromeDriver are in unnamed module of loader 'app')
java.lang.ClassCastException: class org.openqa.selenium.remote.RemoteWebDriver$RemoteTargetLocator cannot be cast to class org.openqa.selenium.chrome.ChromeDriver (org.openqa.selenium.remote.RemoteWebDriver$RemoteTargetLocator and org.openqa.selenium.chrome.ChromeDriver are in unnamed module of loader 'app')
	at manager.ListenerWD.onError(ListenerWD.java:35)
	at org.openqa.selenium.support.events.EventFiringDecorator.lambda$onError$2(EventFiringDecorator.java:190)
	at java.base/java.util.Arrays$ArrayList.forEach(Arrays.java:4390)
	at org.openqa.selenium.support.events.EventFiringDecorator.onError(EventFiringDecorator.java:188)
	at org.openqa.selenium.support.decorators.DefaultDecorated.onError(DefaultDecorated.java:58)
	at org.openqa.selenium.support.decorators.WebDriverDecorator.lambda$createProxy$0(WebDriverDecorator.java:319)
	at net.bytebuddy.renamed.java.lang.Object$ByteBuddy$m8sM8HAe.alert(Unknown Source)
	at org.openqa.selenium.support.ui.ExpectedConditions$28.apply(ExpectedConditions.java:796)
	at org.openqa.selenium.support.ui.ExpectedConditions$28.apply(ExpectedConditions.java:792)
	at org.openqa.selenium.support.ui.FluentWait.until(FluentWait.java:208)
	at manager.HelperContact.isErrorMessageDisplayed(HelperContact.java:80)
	at tests.AddNewContactTests.addNewContactPhoneNull(AddNewContactTests.java:358)
	at java.base/jdk.internal.reflect.NativeMethodAccessorImpl.invoke0(Native Method)
	at java.base/jdk.internal.reflect.NativeMethodAccessorImpl.invoke(NativeMethodAccessorImpl.java:62)
	at java.base/jdk.internal.reflect.DelegatingMethodAccessorImpl.invoke(DelegatingMethodAccessorImpl.java:43)
	at java.base/java.lang.reflect.Method.invoke(Method.java:566)
	at org.testng.internal.invokers.MethodInvocationHelper.invokeMethod(MethodInvocationHelper.java:135)
	at org.testng.internal.invokers.TestInvoker.invokeMethod(TestInvoker.java:673)
	at org.testng.internal.invokers.TestInvoker.invokeTestMethod(TestInvoker.java:220)
	at org.testng.internal.invokers.MethodRunner.runInSequence(MethodRunner.java:50)
	at org.testng.internal.invokers.TestInvoker$MethodInvocationAgent.invoke(TestInvoker.java:945)
	at org.testng.internal.invokers.TestInvoker.invokeTestMethods(TestInvoker.java:193)
	at org.testng.internal.invokers.TestMethodWorker.invokeTestMethods(TestMethodWorker.java:146)
	at org.testng.internal.invokers.TestMethodWorker.run(TestMethodWorker.java:128)
	at java.base/java.util.ArrayList.forEach(ArrayList.java:1541)
	at org.testng.TestRunner.privateRun(TestRunner.java:808)
	at org.testng.TestRunner.run(TestRunner.java:603)
	at org.testng.SuiteRunner.runTest(SuiteRunner.java:429)
	at org.testng.SuiteRunner.runSequentially(SuiteRunner.java:423)
	at org.testng.SuiteRunner.privateRun(SuiteRunner.java:383)
	at org.testng.SuiteRunner.run(SuiteRunner.java:326)
	at org.testng.SuiteRunnerWorker.runSuite(SuiteRunnerWorker.java:52)
	at org.testng.SuiteRunnerWorker.run(SuiteRunnerWorker.java:95)
	at org.testng.TestNG.runSuitesSequentially(TestNG.java:1249)
	at org.testng.TestNG.runSuitesLocally(TestNG.java:1169)
	at org.testng.TestNG.runSuites(TestNG.java:1092)
	at org.testng.TestNG.run(TestNG.java:1060)
	at org.gradle.api.internal.tasks.testing.testng.TestNGTestClassProcessor.runTests(TestNGTestClassProcessor.java:146)
	at org.gradle.api.internal.tasks.testing.testng.TestNGTestClassProcessor.stop(TestNGTestClassProcessor.java:91)
	at org.gradle.api.internal.tasks.testing.SuiteTestClassProcessor.stop(SuiteTestClassProcessor.java:61)
	at java.base/jdk.internal.reflect.NativeMethodAccessorImpl.invoke0(Native Method)
	at java.base/jdk.internal.reflect.NativeMethodAccessorImpl.invoke(NativeMethodAccessorImpl.java:62)
	at java.base/jdk.internal.reflect.DelegatingMethodAccessorImpl.invoke(DelegatingMethodAccessorImpl.java:43)
	at java.base/java.lang.reflect.Method.invoke(Method.java:566)
	at org.gradle.internal.dispatch.ReflectionDispatch.dispatch(ReflectionDispatch.java:36)
	at org.gradle.internal.dispatch.ReflectionDispatch.dispatch(ReflectionDispatch.java:24)
	at org.gradle.internal.dispatch.ContextClassLoaderDispatch.dispatch(ContextClassLoaderDispatch.java:33)
	at org.gradle.internal.dispatch.ProxyDispatchAdapter$DispatchingInvocationHandler.invoke(ProxyDispatchAdapter.java:94)
	at com.sun.proxy.$Proxy2.stop(Unknown Source)
	at org.gradle.api.internal.tasks.testing.worker.TestWorker$3.run(TestWorker.java:193)
	at org.gradle.api.internal.tasks.testing.worker.TestWorker.executeAndMaintainThreadName(TestWorker.java:129)
	at org.gradle.api.internal.tasks.testing.worker.TestWorker.execute(TestWorker.java:100)
	at org.gradle.api.internal.tasks.testing.worker.TestWorker.execute(TestWorker.java:60)
	at org.gradle.process.internal.worker.child.ActionExecutionWorker.execute(ActionExecutionWorker.java:56)
	at org.gradle.process.internal.worker.child.SystemApplicationClassLoaderWorker.call(SystemApplicationClassLoaderWorker.java:133)
	at org.gradle.process.internal.worker.child.SystemApplicationClassLoaderWorker.call(SystemApplicationClassLoaderWorker.java:71)
	at worker.org.gradle.process.internal.worker.GradleWorkerMain.run(GradleWorkerMain.java:69)
	at worker.org.gradle.process.internal.worker.GradleWorkerMain.main(GradleWorkerMain.java:74)

февр. 07, 2023 8:58:04 PM org.openqa.selenium.support.events.EventFiringDecorator lambda$onError$2
WARNING: class org.openqa.selenium.remote.RemoteWebDriver$RemoteTargetLocator cannot be cast to class org.openqa.selenium.chrome.ChromeDriver (org.openqa.selenium.remote.RemoteWebDriver$RemoteTargetLocator and org.openqa.selenium.chrome.ChromeDriver are in unnamed module of loader 'app')
java.lang.ClassCastException: class org.openqa.selenium.remote.RemoteWebDriver$RemoteTargetLocator cannot be cast to class org.openqa.selenium.chrome.ChromeDriver (org.openqa.selenium.remote.RemoteWebDriver$RemoteTargetLocator and org.openqa.selenium.chrome.ChromeDriver are in unnamed module of loader 'app')
	at manager.ListenerWD.onError(ListenerWD.java:35)
	at org.openqa.selenium.support.events.EventFiringDecorator.lambda$onError$2(EventFiringDecorator.java:190)
	at java.base/java.util.Arrays$ArrayList.forEach(Arrays.java:4390)
	at org.openqa.selenium.support.events.EventFiringDecorator.onError(EventFiringDecorator.java:188)
	at org.openqa.selenium.support.decorators.DefaultDecorated.onError(DefaultDecorated.java:58)
	at org.openqa.selenium.support.decorators.WebDriverDecorator.lambda$createProxy$0(WebDriverDecorator.java:319)
	at net.bytebuddy.renamed.java.lang.Object$ByteBuddy$h4xXe4QT.alert(Unknown Source)
	at org.openqa.selenium.support.ui.ExpectedConditions$28.apply(ExpectedConditions.java:796)
	at org.openqa.selenium.support.ui.ExpectedConditions$28.apply(ExpectedConditions.java:792)
	at org.openqa.selenium.support.ui.FluentWait.until(FluentWait.java:208)
	at manager.HelperContact.isErrorMessageDisplayed(HelperContact.java:80)
	at tests.AddNewContactTests.addNewContactPhoneSpecialChars(AddNewContactTests.java:463)
	at java.base/jdk.internal.reflect.NativeMethodAccessorImpl.invoke0(Native Method)
	at java.base/jdk.internal.reflect.NativeMethodAccessorImpl.invoke(NativeMethodAccessorImpl.java:62)
	at java.base/jdk.internal.reflect.DelegatingMethodAccessorImpl.invoke(DelegatingMethodAccessorImpl.java:43)
	at java.base/java.lang.reflect.Method.invoke(Method.java:566)
	at org.testng.internal.invokers.MethodInvocationHelper.invokeMethod(MethodInvocationHelper.java:135)
	at org.testng.internal.invokers.TestInvoker.invokeMethod(TestInvoker.java:673)
	at org.testng.internal.invokers.TestInvoker.invokeTestMethod(TestInvoker.java:220)
	at org.testng.internal.invokers.MethodRunner.runInSequence(MethodRunner.java:50)
	at org.testng.internal.invokers.TestInvoker$MethodInvocationAgent.invoke(TestInvoker.java:945)
	at org.testng.internal.invokers.TestInvoker.invokeTestMethods(TestInvoker.java:193)
	at org.testng.internal.invokers.TestMethodWorker.invokeTestMethods(TestMethodWorker.java:146)
	at org.testng.internal.invokers.TestMethodWorker.run(TestMethodWorker.java:128)
	at java.base/java.util.ArrayList.forEach(ArrayList.java:1541)
	at org.testng.TestRunner.privateRun(TestRunner.java:808)
	at org.testng.TestRunner.run(TestRunner.java:603)
	at org.testng.SuiteRunner.runTest(SuiteRunner.java:429)
	at org.testng.SuiteRunner.runSequentially(SuiteRunner.java:423)
	at org.testng.SuiteRunner.privateRun(SuiteRunner.java:383)
	at org.testng.SuiteRunner.run(SuiteRunner.java:326)
	at org.testng.SuiteRunnerWorker.runSuite(SuiteRunnerWorker.java:52)
	at org.testng.SuiteRunnerWorker.run(SuiteRunnerWorker.java:95)
	at org.testng.TestNG.runSuitesSequentially(TestNG.java:1249)
	at org.testng.TestNG.runSuitesLocally(TestNG.java:1169)
	at org.testng.TestNG.runSuites(TestNG.java:1092)
	at org.testng.TestNG.run(TestNG.java:1060)
	at org.gradle.api.internal.tasks.testing.testng.TestNGTestClassProcessor.runTests(TestNGTestClassProcessor.java:146)
	at org.gradle.api.internal.tasks.testing.testng.TestNGTestClassProcessor.stop(TestNGTestClassProcessor.java:91)
	at org.gradle.api.internal.tasks.testing.SuiteTestClassProcessor.stop(SuiteTestClassProcessor.java:61)
	at java.base/jdk.internal.reflect.NativeMethodAccessorImpl.invoke0(Native Method)
	at java.base/jdk.internal.reflect.NativeMethodAccessorImpl.invoke(NativeMethodAccessorImpl.java:62)
	at java.base/jdk.internal.reflect.DelegatingMethodAccessorImpl.invoke(DelegatingMethodAccessorImpl.java:43)
	at java.base/java.lang.reflect.Method.invoke(Method.java:566)
	at org.gradle.internal.dispatch.ReflectionDispatch.dispatch(ReflectionDispatch.java:36)
	at org.gradle.internal.dispatch.ReflectionDispatch.dispatch(ReflectionDispatch.java:24)
	at org.gradle.internal.dispatch.ContextClassLoaderDispatch.dispatch(ContextClassLoaderDispatch.java:33)
	at org.gradle.internal.dispatch.ProxyDispatchAdapter$DispatchingInvocationHandler.invoke(ProxyDispatchAdapter.java:94)
	at com.sun.proxy.$Proxy2.stop(Unknown Source)
	at org.gradle.api.internal.tasks.testing.worker.TestWorker$3.run(TestWorker.java:193)
	at org.gradle.api.internal.tasks.testing.worker.TestWorker.executeAndMaintainThreadName(TestWorker.java:129)
	at org.gradle.api.internal.tasks.testing.worker.TestWorker.execute(TestWorker.java:100)
	at org.gradle.api.internal.tasks.testing.worker.TestWorker.execute(TestWorker.java:60)
	at org.gradle.process.internal.worker.child.ActionExecutionWorker.execute(ActionExecutionWorker.java:56)
	at org.gradle.process.internal.worker.child.SystemApplicationClassLoaderWorker.call(SystemApplicationClassLoaderWorker.java:133)
	at org.gradle.process.internal.worker.child.SystemApplicationClassLoaderWorker.call(SystemApplicationClassLoaderWorker.java:71)
	at worker.org.gradle.process.internal.worker.GradleWorkerMain.run(GradleWorkerMain.java:69)
	at worker.org.gradle.process.internal.worker.GradleWorkerMain.main(GradleWorkerMain.java:74)

февр. 07, 2023 8:58:15 PM org.openqa.selenium.support.events.EventFiringDecorator lambda$onError$2
WARNING: class org.openqa.selenium.remote.RemoteWebDriver$RemoteTargetLocator cannot be cast to class org.openqa.selenium.chrome.ChromeDriver (org.openqa.selenium.remote.RemoteWebDriver$RemoteTargetLocator and org.openqa.selenium.chrome.ChromeDriver are in unnamed module of loader 'app')
java.lang.ClassCastException: class org.openqa.selenium.remote.RemoteWebDriver$RemoteTargetLocator cannot be cast to class org.openqa.selenium.chrome.ChromeDriver (org.openqa.selenium.remote.RemoteWebDriver$RemoteTargetLocator and org.openqa.selenium.chrome.ChromeDriver are in unnamed module of loader 'app')
	at manager.ListenerWD.onError(ListenerWD.java:35)
	at org.openqa.selenium.support.events.EventFiringDecorator.lambda$onError$2(EventFiringDecorator.java:190)
	at java.base/java.util.Arrays$ArrayList.forEach(Arrays.java:4390)
	at org.openqa.selenium.support.events.EventFiringDecorator.onError(EventFiringDecorator.java:188)
	at org.openqa.selenium.support.decorators.DefaultDecorated.onError(DefaultDecorated.java:58)
	at org.openqa.selenium.support.decorators.WebDriverDecorator.lambda$createProxy$0(WebDriverDecorator.java:319)
	at net.bytebuddy.renamed.java.lang.Object$ByteBuddy$Ke7590Ni.alert(Unknown Source)
	at org.openqa.selenium.support.ui.ExpectedConditions$28.apply(ExpectedConditions.java:796)
	at org.openqa.selenium.support.ui.ExpectedConditions$28.apply(ExpectedConditions.java:792)
	at org.openqa.selenium.support.ui.FluentWait.until(FluentWait.java:208)
	at manager.HelperContact.isErrorMessageDisplayed(HelperContact.java:80)
	at tests.AddNewContactTests.addNewContactTwoAtEmail(AddNewContactTests.java:135)
	at java.base/jdk.internal.reflect.NativeMethodAccessorImpl.invoke0(Native Method)
	at java.base/jdk.internal.reflect.NativeMethodAccessorImpl.invoke(NativeMethodAccessorImpl.java:62)
	at java.base/jdk.internal.reflect.DelegatingMethodAccessorImpl.invoke(DelegatingMethodAccessorImpl.java:43)
	at java.base/java.lang.reflect.Method.invoke(Method.java:566)
	at org.testng.internal.invokers.MethodInvocationHelper.invokeMethod(MethodInvocationHelper.java:135)
	at org.testng.internal.invokers.TestInvoker.invokeMethod(TestInvoker.java:673)
	at org.testng.internal.invokers.TestInvoker.invokeTestMethod(TestInvoker.java:220)
	at org.testng.internal.invokers.MethodRunner.runInSequence(MethodRunner.java:50)
	at org.testng.internal.invokers.TestInvoker$MethodInvocationAgent.invoke(TestInvoker.java:945)
	at org.testng.internal.invokers.TestInvoker.invokeTestMethods(TestInvoker.java:193)
	at org.testng.internal.invokers.TestMethodWorker.invokeTestMethods(TestMethodWorker.java:146)
	at org.testng.internal.invokers.TestMethodWorker.run(TestMethodWorker.java:128)
	at java.base/java.util.ArrayList.forEach(ArrayList.java:1541)
	at org.testng.TestRunner.privateRun(TestRunner.java:808)
	at org.testng.TestRunner.run(TestRunner.java:603)
	at org.testng.SuiteRunner.runTest(SuiteRunner.java:429)
	at org.testng.SuiteRunner.runSequentially(SuiteRunner.java:423)
	at org.testng.SuiteRunner.privateRun(SuiteRunner.java:383)
	at org.testng.SuiteRunner.run(SuiteRunner.java:326)
	at org.testng.SuiteRunnerWorker.runSuite(SuiteRunnerWorker.java:52)
	at org.testng.SuiteRunnerWorker.run(SuiteRunnerWorker.java:95)
	at org.testng.TestNG.runSuitesSequentially(TestNG.java:1249)
	at org.testng.TestNG.runSuitesLocally(TestNG.java:1169)
	at org.testng.TestNG.runSuites(TestNG.java:1092)
	at org.testng.TestNG.run(TestNG.java:1060)
	at org.gradle.api.internal.tasks.testing.testng.TestNGTestClassProcessor.runTests(TestNGTestClassProcessor.java:146)
	at org.gradle.api.internal.tasks.testing.testng.TestNGTestClassProcessor.stop(TestNGTestClassProcessor.java:91)
	at org.gradle.api.internal.tasks.testing.SuiteTestClassProcessor.stop(SuiteTestClassProcessor.java:61)
	at java.base/jdk.internal.reflect.NativeMethodAccessorImpl.invoke0(Native Method)
	at java.base/jdk.internal.reflect.NativeMethodAccessorImpl.invoke(NativeMethodAccessorImpl.java:62)
	at java.base/jdk.internal.reflect.DelegatingMethodAccessorImpl.invoke(DelegatingMethodAccessorImpl.java:43)
	at java.base/java.lang.reflect.Method.invoke(Method.java:566)
	at org.gradle.internal.dispatch.ReflectionDispatch.dispatch(ReflectionDispatch.java:36)
	at org.gradle.internal.dispatch.ReflectionDispatch.dispatch(ReflectionDispatch.java:24)
	at org.gradle.internal.dispatch.ContextClassLoaderDispatch.dispatch(ContextClassLoaderDispatch.java:33)
	at org.gradle.internal.dispatch.ProxyDispatchAdapter$DispatchingInvocationHandler.invoke(ProxyDispatchAdapter.java:94)
	at com.sun.proxy.$Proxy2.stop(Unknown Source)
	at org.gradle.api.internal.tasks.testing.worker.TestWorker$3.run(TestWorker.java:193)
	at org.gradle.api.internal.tasks.testing.worker.TestWorker.executeAndMaintainThreadName(TestWorker.java:129)
	at org.gradle.api.internal.tasks.testing.worker.TestWorker.execute(TestWorker.java:100)
	at org.gradle.api.internal.tasks.testing.worker.TestWorker.execute(TestWorker.java:60)
	at org.gradle.process.internal.worker.child.ActionExecutionWorker.execute(ActionExecutionWorker.java:56)
	at org.gradle.process.internal.worker.child.SystemApplicationClassLoaderWorker.call(SystemApplicationClassLoaderWorker.java:133)
	at org.gradle.process.internal.worker.child.SystemApplicationClassLoaderWorker.call(SystemApplicationClassLoaderWorker.java:71)
	at worker.org.gradle.process.internal.worker.GradleWorkerMain.run(GradleWorkerMain.java:69)
	at worker.org.gradle.process.internal.worker.GradleWorkerMain.main(GradleWorkerMain.java:74)

февр. 07, 2023 8:58:16 PM org.openqa.selenium.support.events.EventFiringDecorator lambda$onError$2
WARNING: class org.openqa.selenium.remote.RemoteWebDriver$RemoteTargetLocator cannot be cast to class org.openqa.selenium.chrome.ChromeDriver (org.openqa.selenium.remote.RemoteWebDriver$RemoteTargetLocator and org.openqa.selenium.chrome.ChromeDriver are in unnamed module of loader 'app')
java.lang.ClassCastException: class org.openqa.selenium.remote.RemoteWebDriver$RemoteTargetLocator cannot be cast to class org.openqa.selenium.chrome.ChromeDriver (org.openqa.selenium.remote.RemoteWebDriver$RemoteTargetLocator and org.openqa.selenium.chrome.ChromeDriver are in unnamed module of loader 'app')
	at manager.ListenerWD.onError(ListenerWD.java:35)
	at org.openqa.selenium.support.events.EventFiringDecorator.lambda$onError$2(EventFiringDecorator.java:190)
	at java.base/java.util.Arrays$ArrayList.forEach(Arrays.java:4390)
	at org.openqa.selenium.support.events.EventFiringDecorator.onError(EventFiringDecorator.java:188)
	at org.openqa.selenium.support.decorators.DefaultDecorated.onError(DefaultDecorated.java:58)
	at org.openqa.selenium.support.decorators.WebDriverDecorator.lambda$createProxy$0(WebDriverDecorator.java:319)
	at net.bytebuddy.renamed.java.lang.Object$ByteBuddy$FbAK1cx0.alert(Unknown Source)
	at org.openqa.selenium.support.ui.ExpectedConditions$28.apply(ExpectedConditions.java:796)
	at org.openqa.selenium.support.ui.ExpectedConditions$28.apply(ExpectedConditions.java:792)
	at org.openqa.selenium.support.ui.FluentWait.until(FluentWait.java:208)
	at manager.HelperContact.isErrorMessageDisplayed(HelperContact.java:80)
	at tests.AddNewContactTests.addNewContactWrongEmail(AddNewContactTests.java:77)
	at java.base/jdk.internal.reflect.NativeMethodAccessorImpl.invoke0(Native Method)
	at java.base/jdk.internal.reflect.NativeMethodAccessorImpl.invoke(NativeMethodAccessorImpl.java:62)
	at java.base/jdk.internal.reflect.DelegatingMethodAccessorImpl.invoke(DelegatingMethodAccessorImpl.java:43)
	at java.base/java.lang.reflect.Method.invoke(Method.java:566)
	at org.testng.internal.invokers.MethodInvocationHelper.invokeMethod(MethodInvocationHelper.java:135)
	at org.testng.internal.invokers.TestInvoker.invokeMethod(TestInvoker.java:673)
	at org.testng.internal.invokers.TestInvoker.invokeTestMethod(TestInvoker.java:220)
	at org.testng.internal.invokers.MethodRunner.runInSequence(MethodRunner.java:50)
	at org.testng.internal.invokers.TestInvoker$MethodInvocationAgent.invoke(TestInvoker.java:945)
	at org.testng.internal.invokers.TestInvoker.invokeTestMethods(TestInvoker.java:193)
	at org.testng.internal.invokers.TestMethodWorker.invokeTestMethods(TestMethodWorker.java:146)
	at org.testng.internal.invokers.TestMethodWorker.run(TestMethodWorker.java:128)
	at java.base/java.util.ArrayList.forEach(ArrayList.java:1541)
	at org.testng.TestRunner.privateRun(TestRunner.java:808)
	at org.testng.TestRunner.run(TestRunner.java:603)
	at org.testng.SuiteRunner.runTest(SuiteRunner.java:429)
	at org.testng.SuiteRunner.runSequentially(SuiteRunner.java:423)
	at org.testng.SuiteRunner.privateRun(SuiteRunner.java:383)
	at org.testng.SuiteRunner.run(SuiteRunner.java:326)
	at org.testng.SuiteRunnerWorker.runSuite(SuiteRunnerWorker.java:52)
	at org.testng.SuiteRunnerWorker.run(SuiteRunnerWorker.java:95)
	at org.testng.TestNG.runSuitesSequentially(TestNG.java:1249)
	at org.testng.TestNG.runSuitesLocally(TestNG.java:1169)
	at org.testng.TestNG.runSuites(TestNG.java:1092)
	at org.testng.TestNG.run(TestNG.java:1060)
	at org.gradle.api.internal.tasks.testing.testng.TestNGTestClassProcessor.runTests(TestNGTestClassProcessor.java:146)
	at org.gradle.api.internal.tasks.testing.testng.TestNGTestClassProcessor.stop(TestNGTestClassProcessor.java:91)
	at org.gradle.api.internal.tasks.testing.SuiteTestClassProcessor.stop(SuiteTestClassProcessor.java:61)
	at java.base/jdk.internal.reflect.NativeMethodAccessorImpl.invoke0(Native Method)
	at java.base/jdk.internal.reflect.NativeMethodAccessorImpl.invoke(NativeMethodAccessorImpl.java:62)
	at java.base/jdk.internal.reflect.DelegatingMethodAccessorImpl.invoke(DelegatingMethodAccessorImpl.java:43)
	at java.base/java.lang.reflect.Method.invoke(Method.java:566)
	at org.gradle.internal.dispatch.ReflectionDispatch.dispatch(ReflectionDispatch.java:36)
	at org.gradle.internal.dispatch.ReflectionDispatch.dispatch(ReflectionDispatch.java:24)
	at org.gradle.internal.dispatch.ContextClassLoaderDispatch.dispatch(ContextClassLoaderDispatch.java:33)
	at org.gradle.internal.dispatch.ProxyDispatchAdapter$DispatchingInvocationHandler.invoke(ProxyDispatchAdapter.java:94)
	at com.sun.proxy.$Proxy2.stop(Unknown Source)
	at org.gradle.api.internal.tasks.testing.worker.TestWorker$3.run(TestWorker.java:193)
	at org.gradle.api.internal.tasks.testing.worker.TestWorker.executeAndMaintainThreadName(TestWorker.java:129)
	at org.gradle.api.internal.tasks.testing.worker.TestWorker.execute(TestWorker.java:100)
	at org.gradle.api.internal.tasks.testing.worker.TestWorker.execute(TestWorker.java:60)
	at org.gradle.process.internal.worker.child.ActionExecutionWorker.execute(ActionExecutionWorker.java:56)
	at org.gradle.process.internal.worker.child.SystemApplicationClassLoaderWorker.call(SystemApplicationClassLoaderWorker.java:133)
	at org.gradle.process.internal.worker.child.SystemApplicationClassLoaderWorker.call(SystemApplicationClassLoaderWorker.java:71)
	at worker.org.gradle.process.internal.worker.GradleWorkerMain.run(GradleWorkerMain.java:69)
	at worker.org.gradle.process.internal.worker.GradleWorkerMain.main(GradleWorkerMain.java:74)

]]></system-err>
</testsuite>
